[13:37:11 3/11/2025] [INFO] 🎬 Bắt đầu theo dõi thay đổi trạng thái phim...
[13:37:11 3/11/2025] [INFO] 🚀 Khởi động CRON tự động tạo suất chiếu...
[13:37:11 3/11/2025] [INFO] 🕒 Bắt đầu tạo suất chiếu cho tuần hiện tại...
[13:37:12 3/11/2025] [INFO] 🧹 Đã xoá toàn bộ suất chiếu cũ hơn 1 tuần.
[13:37:12 3/11/2025] [INFO] 📆 Tuần 3/11/2025 → 9/11/2025
[13:37:12 3/11/2025] [INFO] 
📅 Ngày 3/11/2025 (T2)
[13:37:13 3/11/2025] [INFO] 🎬 🔥 TỬ CHIẾN TRÊN KHÔNG | 5 | 09:00 → 11:13
[13:37:13 3/11/2025] [INFO] 🎬 🔥 VẬN MAY (T16) | 5 | 22:30 → 00:23
[13:37:13 3/11/2025] [INFO] 🎬 🔥 QUỶ ĂN TẠNG PHẦN 3 | 5 | 13:30 → 15:29
[13:37:13 3/11/2025] [INFO] 🎬 HÁ ĐÁM - SINH NHẬT MẸ (T13) | 5 | 18:00 → 20:15
[13:37:13 3/11/2025] [INFO] 🎬 PHỎNG VẤN SÁT NHÂN (T18) | 5 | 20:15 → 22:15
[13:37:13 3/11/2025] [INFO] 🎬 VẬN MAY (T16) | 5 | 11:15 → 13:08
[13:37:13 3/11/2025] [INFO] 📽️ 5: 6/6 suất
[13:37:14 3/11/2025] [INFO] 🎬 🔥 TRÒ CHƠI ẢO GIÁC - ARES (T13) | 2 | 11:15 → 13:30
[13:37:14 3/11/2025] [INFO] 🎬 🔥 TRÒ CHƠI ẢO GIÁC - ARES (T13) | 2 | 20:15 → 22:30
[13:37:15 3/11/2025] [INFO] 🎬  BỊT MẮT BẮT NAI | 2 | 18:00 → 19:47
[13:37:15 3/11/2025] [INFO] 🎬 PHỎNG VẤN SÁT NHÂN (T18) | 2 | 09:00 → 11:00
[13:37:15 3/11/2025] [INFO] 🎬 HÀNH TRÌNH RỰC RỠ TA ĐÃ YÊU (T16) | 2 | 15:45 → 17:50
[13:37:15 3/11/2025] [INFO] 🎬 NHỮNG LÁ THƯ CỦA YEON (P) | 2 | 18:00 → 19:50
[13:37:15 3/11/2025] [INFO] 📽️ 2: 6/6 suất
[13:37:15 3/11/2025] [INFO] 🎬 🔥 TỔ QUỐC TRONG TIM - THE CONCERT FILM (P) | 6 | 09:00 → 11:15
[13:37:15 3/11/2025] [INFO] 🎬  NĂM CỦA ANH, NGÀY CỦA EM (T13) | 6 | 13:30 → 15:37
[13:37:15 3/11/2025] [INFO] 🎬 🔥 CỤC VÀNG CỦA NGOẠI | 6 | 18:00 → 20:14
[13:37:16 3/11/2025] [INFO] 🎬 HÁ ĐÁM - SINH NHẬT MẸ (T13) | 6 | 09:00 → 11:15
[13:37:16 3/11/2025] [INFO] 🎬 QUỶ ĂN TẠNG PHẦN 3 | 6 | 20:15 → 22:14
[13:37:16 3/11/2025] [INFO] 🎬 TRÒ CHƠI ẢO GIÁC - ARES (T13) | 6 | 11:15 → 13:30
[13:37:16 3/11/2025] [INFO] 📽️ 6: 6/6 suất
[13:37:16 3/11/2025] [INFO] 🎬 🔥 CẢI MẢ | 7 | 09:00 → 11:05
[13:37:16 3/11/2025] [INFO] 🎬  (LỒNG TIẾNG) CẬU BÉ CÁ HEO VÀ BÍ MẬT 7 ĐẠI DƯƠNG (P) | 7 | 11:15 → 13:06
[13:37:16 3/11/2025] [INFO] 🎬 🔥 TỬ CHIẾN TRÊN KHÔNG | 7 | 18:00 → 20:13
[13:37:17 3/11/2025] [INFO] 🎬 HÀNH TRÌNH RỰC RỠ TA ĐÃ YÊU (T16) | 7 | 11:15 → 13:20
[13:37:17 3/11/2025] [INFO] 🎬 QUỶ ĂN TẠNG PHẦN 3 | 7 | 22:30 → 00:29
[13:37:17 3/11/2025] [INFO] 🎬 BỊT MẮT BẮT NAI | 7 | 15:45 → 17:32
[13:37:17 3/11/2025] [INFO] 📽️ 7: 6/6 suất
[13:37:17 3/11/2025] [INFO] 🎬 🔥 NHỮNG LÁ THƯ CỦA YEON (P) | 1 | 09:00 → 10:50
[13:37:18 3/11/2025] [INFO] 🎬 🔥 TỔ QUỐC TRONG TIM - THE CONCERT FILM (P) | 1 | 20:15 → 22:30
[13:37:19 3/11/2025] [INFO] 🎬 🔥 VẬN MAY (T16) | 1 | 15:45 → 17:38
[13:37:19 3/11/2025] [INFO] 🎬 TỔ QUỐC TRONG TIM - THE CONCERT FILM (P) | 1 | 09:00 → 11:15
[13:37:19 3/11/2025] [INFO] 🎬 VẬN MAY (T16) | 1 | 20:15 → 22:08
[13:37:19 3/11/2025] [INFO] 🎬 TRÒ CHƠI ẢO GIÁC - ARES (T13) | 1 | 15:45 → 18:00
[13:37:19 3/11/2025] [INFO] 📽️ 1: 6/6 suất
[13:37:20 3/11/2025] [INFO] 🎬 🔥 CẢI MẢ | 3 | 13:30 → 15:35
[13:37:20 3/11/2025] [INFO] 🎬 TỔ QUỐC TRONG TIM - THE CONCERT FILM (P) | 3 | 20:15 → 22:30
[13:37:20 3/11/2025] [INFO] 🎬 CẢI MẢ | 3 | 11:15 → 13:20
[13:37:20 3/11/2025] [INFO] 🎬 HÀNH TRÌNH RỰC RỠ TA ĐÃ YÊU (T16) | 3 | 15:45 → 17:50
[13:37:20 3/11/2025] [INFO] 🎬 PHỎNG VẤN SÁT NHÂN (T18) | 3 | 13:30 → 15:30
[13:37:20 3/11/2025] [INFO] 🎬 NHỮNG LÁ THƯ CỦA YEON (P) | 3 | 22:30 → 00:20
[13:37:20 3/11/2025] [INFO] 📽️ 3: 6/6 suất
[13:37:21 3/11/2025] [INFO] 🎬 🔥 CỤC VÀNG CỦA NGOẠI | 4 | 22:30 → 00:44
[13:37:21 3/11/2025] [INFO] 🎬 NĂM CỦA ANH, NGÀY CỦA EM (T13) | 4 | 13:30 → 15:37
[13:37:21 3/11/2025] [INFO] 🎬 NHỮNG LÁ THƯ CỦA YEON (P) | 4 | 15:45 → 17:35
[13:37:21 3/11/2025] [INFO] 🎬 TRÒ CHƠI ẢO GIÁC - ARES (T13) | 4 | 11:15 → 13:30
[13:37:21 3/11/2025] [INFO] 🎬 CỤC VÀNG CỦA NGOẠI | 4 | 22:30 → 00:44
[13:37:21 3/11/2025] [INFO] 🎬 QUỶ ĂN TẠNG PHẦN 3 | 4 | 18:00 → 19:59
[13:37:21 3/11/2025] [INFO] 📽️ 4: 6/6 suất
[13:37:21 3/11/2025] [INFO] 
📅 Ngày 4/11/2025 (T3)
[13:37:21 3/11/2025] [INFO] 🎬 🔥 VẬN MAY (T16) | 2 | 11:15 → 13:08
[13:37:21 3/11/2025] [INFO] 🎬  PHỎNG VẤN SÁT NHÂN (T18) | 2 | 13:30 → 15:30
[13:37:22 3/11/2025] [INFO] 🎬 🔥 TỬ CHIẾN TRÊN KHÔNG | 2 | 22:30 → 00:43
[13:37:22 3/11/2025] [INFO] 🎬 🔥 TỬ CHIẾN TRÊN KHÔNG | 2 | 15:45 → 17:58
[13:37:22 3/11/2025] [INFO] 🎬 VẬN MAY (T16) | 2 | 22:30 → 00:23
[13:37:22 3/11/2025] [INFO] 🎬 QUỶ ĂN TẠNG PHẦN 3 | 2 | 09:00 → 10:59
[13:37:22 3/11/2025] [INFO] 📽️ 2: 6/6 suất
[13:37:22 3/11/2025] [INFO] 🎬 🔥 CỤC VÀNG CỦA NGOẠI | 7 | 13:30 → 15:44
[13:37:22 3/11/2025] [INFO] 🎬 🔥 TỔ QUỐC TRONG TIM - THE CONCERT FILM (P) | 7 | 09:00 → 11:15
[13:37:23 3/11/2025] [INFO] 🎬 🔥 CẢI MẢ | 7 | 18:00 → 20:05
[13:37:23 3/11/2025] [INFO] 🎬 TAY ANH GIỮ MỘT VÌ SAO (K) | 7 | 22:30 → 00:40
[13:37:23 3/11/2025] [INFO] 🎬 PHỎNG VẤN SÁT NHÂN (T18) | 7 | 11:15 → 13:15
[13:37:23 3/11/2025] [INFO] 🎬 BỊT MẮT BẮT NAI | 7 | 13:30 → 15:17
[13:37:23 3/11/2025] [INFO] 📽️ 7: 6/6 suất
[13:37:23 3/11/2025] [INFO] 🎬 🔥 NHỮNG LÁ THƯ CỦA YEON (P) | 4 | 22:30 → 00:20
[13:37:23 3/11/2025] [INFO] 🎬  BỊT MẮT BẮT NAI | 4 | 20:15 → 22:02
[13:37:23 3/11/2025] [INFO] 🎬 🔥 NHỮNG LÁ THƯ CỦA YEON (P) | 4 | 09:00 → 10:50
[13:37:24 3/11/2025] [INFO] 🎬 🔥 QUỶ ĂN TẠNG PHẦN 3 | 4 | 15:45 → 17:44
[13:37:24 3/11/2025] [INFO] 🎬 TỬ CHIẾN TRÊN KHÔNG | 4 | 09:00 → 11:13
[13:37:24 3/11/2025] [INFO] 🎬 NĂM CỦA ANH, NGÀY CỦA EM (T13) | 4 | 11:15 → 13:22
[13:37:24 3/11/2025] [INFO] 📽️ 4: 6/6 suất
[13:37:24 3/11/2025] [INFO] 🎬  HÀNH TRÌNH RỰC RỠ TA ĐÃ YÊU (T16) | 3 | 13:30 → 15:35
[13:37:24 3/11/2025] [INFO] 🎬  HÁ ĐÁM - SINH NHẬT MẸ (T13) | 3 | 20:15 → 22:30
[13:37:24 3/11/2025] [INFO] 🎬  (LỒNG TIẾNG) CẬU BÉ CÁ HEO VÀ BÍ MẬT 7 ĐẠI DƯƠNG (P) | 3 | 11:15 → 13:06
[13:37:25 3/11/2025] [INFO] 🎬 TAY ANH GIỮ MỘT VÌ SAO (K) | 3 | 22:30 → 00:40
[13:37:25 3/11/2025] [INFO] 🎬 TRÒ CHƠI ẢO GIÁC - ARES (T13) | 3 | 11:15 → 13:30
[13:37:25 3/11/2025] [INFO] 🎬 CẢI MẢ | 3 | 09:00 → 11:05
[13:37:25 3/11/2025] [INFO] 📽️ 3: 6/6 suất
[13:37:25 3/11/2025] [INFO] 🎬  ĐIỆN THOẠI ĐEN 2 | 1 | 18:00 → 20:07
[13:37:25 3/11/2025] [INFO] 🎬  ĐIỆN THOẠI ĐEN 2 | 1 | 13:30 → 15:37
[13:37:25 3/11/2025] [INFO] 🎬  TAY ANH GIỮ MỘT VÌ SAO (K) | 1 | 11:15 → 13:25
[13:37:26 3/11/2025] [INFO] 🎬 (LỒNG TIẾNG) CẬU BÉ CÁ HEO VÀ BÍ MẬT 7 ĐẠI DƯƠNG (P) | 1 | 13:30 → 15:21
[13:37:26 3/11/2025] [INFO] 🎬 HÀNH TRÌNH RỰC RỠ TA ĐÃ YÊU (T16) | 1 | 15:45 → 17:50
[13:37:26 3/11/2025] [INFO] 🎬 QUỶ ĂN TẠNG PHẦN 3 | 1 | 22:30 → 00:29
[13:37:26 3/11/2025] [INFO] 📽️ 1: 6/6 suất
[13:37:26 3/11/2025] [INFO] 🎬  PHỎNG VẤN SÁT NHÂN (T18) | 5 | 22:30 → 00:30
[13:37:26 3/11/2025] [INFO] 🎬 ĐIỆN THOẠI ĐEN 2 | 5 | 20:15 → 22:22
[13:37:26 3/11/2025] [INFO] 🎬 (LỒNG TIẾNG) CẬU BÉ CÁ HEO VÀ BÍ MẬT 7 ĐẠI DƯƠNG (P) | 5 | 15:45 → 17:36
[13:37:26 3/11/2025] [INFO] 🎬 (LỒNG TIẾNG) CẬU BÉ CÁ HEO VÀ BÍ MẬT 7 ĐẠI DƯƠNG (P) | 5 | 09:00 → 10:51
[13:37:27 3/11/2025] [INFO] 🎬 HÁ ĐÁM - SINH NHẬT MẸ (T13) | 5 | 22:30 → 00:45
[13:37:27 3/11/2025] [INFO] 🎬 TỔ QUỐC TRONG TIM - THE CONCERT FILM (P) | 5 | 13:30 → 15:45
[13:37:27 3/11/2025] [INFO] 📽️ 5: 6/6 suất
[13:37:27 3/11/2025] [INFO] 🎬  NĂM CỦA ANH, NGÀY CỦA EM (T13) | 6 | 18:00 → 20:07
[13:37:27 3/11/2025] [INFO] 🎬 🔥 TRÒ CHƠI ẢO GIÁC - ARES (T13) | 6 | 20:15 → 22:30
[13:37:27 3/11/2025] [INFO] 🎬 HÀNH TRÌNH RỰC RỠ TA ĐÃ YÊU (T16) | 6 | 22:30 → 00:35
[13:37:27 3/11/2025] [INFO] 🎬 NHỮNG LÁ THƯ CỦA YEON (P) | 6 | 15:45 → 17:35
[13:37:27 3/11/2025] [INFO] 🎬 BỊT MẮT BẮT NAI | 6 | 18:00 → 19:47
[13:37:27 3/11/2025] [INFO] 🎬 CỤC VÀNG CỦA NGOẠI | 6 | 13:30 → 15:44
[13:37:27 3/11/2025] [INFO] 📽️ 6: 6/6 suất
[13:37:27 3/11/2025] [INFO] 
📅 Ngày 5/11/2025 (T4)
[13:37:28 3/11/2025] [INFO] 🎬  HÀNH TRÌNH RỰC RỠ TA ĐÃ YÊU (T16) | 3 | 20:15 → 22:20
[13:37:28 3/11/2025] [INFO] 🎬 🔥 NHỮNG LÁ THƯ CỦA YEON (P) | 3 | 11:15 → 13:05
[13:37:28 3/11/2025] [INFO] 🎬 🔥 NHỮNG LÁ THƯ CỦA YEON (P) | 3 | 13:30 → 15:20
[13:37:28 3/11/2025] [INFO] 🎬  (LỒNG TIẾNG) CẬU BÉ CÁ HEO VÀ BÍ MẬT 7 ĐẠI DƯƠNG (P) | 3 | 18:00 → 19:51
[13:37:28 3/11/2025] [INFO] 🎬 🔥 NHỮNG LÁ THƯ CỦA YEON (P) | 3 | 15:45 → 17:35
[13:37:28 3/11/2025] [INFO] 🎬  TAY ANH GIỮ MỘT VÌ SAO (K) | 3 | 22:30 → 00:40
[13:37:28 3/11/2025] [INFO] 📽️ 3: 6/6 suất
[13:37:29 3/11/2025] [INFO] 🎬  BỊT MẮT BẮT NAI | 5 | 20:15 → 22:02
[13:37:29 3/11/2025] [INFO] 🎬  NĂM CỦA ANH, NGÀY CỦA EM (T13) | 5 | 18:00 → 20:07
[13:37:29 3/11/2025] [INFO] 🎬 🔥 TỬ CHIẾN TRÊN KHÔNG | 5 | 09:00 → 11:13
[13:37:29 3/11/2025] [INFO] 🎬 CẢI MẢ | 5 | 18:00 → 20:05
[13:37:29 3/11/2025] [INFO] 🎬 CỤC VÀNG CỦA NGOẠI | 5 | 09:00 → 11:14
[13:37:29 3/11/2025] [INFO] 🎬 ĐIỆN THOẠI ĐEN 2 | 5 | 22:30 → 00:37
[13:37:29 3/11/2025] [INFO] 📽️ 5: 6/6 suất
[13:37:30 3/11/2025] [INFO] 🎬  TAY ANH GIỮ MỘT VÌ SAO (K) | 6 | 13:30 → 15:40
[13:37:30 3/11/2025] [INFO] 🎬 🔥 TỬ CHIẾN TRÊN KHÔNG | 6 | 15:45 → 17:58
[13:37:30 3/11/2025] [INFO] 🎬 🔥 QUỶ ĂN TẠNG PHẦN 3 | 6 | 11:15 → 13:14
[13:37:30 3/11/2025] [INFO] 🎬 BỊT MẮT BẮT NAI | 6 | 22:30 → 00:17
[13:37:30 3/11/2025] [INFO] 🎬 (LỒNG TIẾNG) CẬU BÉ CÁ HEO VÀ BÍ MẬT 7 ĐẠI DƯƠNG (P) | 6 | 18:00 → 19:51
[13:37:30 3/11/2025] [INFO] 🎬 TỬ CHIẾN TRÊN KHÔNG | 6 | 11:15 → 13:28
[13:37:30 3/11/2025] [INFO] 📽️ 6: 6/6 suất
[13:37:31 3/11/2025] [INFO] 🎬 🔥 CẢI MẢ | 7 | 09:00 → 11:05
[13:37:31 3/11/2025] [INFO] 🎬 🔥 VẬN MAY (T16) | 7 | 22:30 → 00:23
[13:37:31 3/11/2025] [INFO] 🎬 🔥 CỤC VÀNG CỦA NGOẠI | 7 | 13:30 → 15:44
[13:37:31 3/11/2025] [INFO] 🎬 BỊT MẮT BẮT NAI | 7 | 13:30 → 15:17
[13:37:31 3/11/2025] [INFO] 🎬 TỬ CHIẾN TRÊN KHÔNG | 7 | 22:30 → 00:43
[13:37:31 3/11/2025] [INFO] 🎬 VẬN MAY (T16) | 7 | 09:00 → 10:53
[13:37:31 3/11/2025] [INFO] 📽️ 7: 6/6 suất
[13:37:31 3/11/2025] [INFO] 🎬 🔥 TRÒ CHƠI ẢO GIÁC - ARES (T13) | 2 | 15:45 → 18:00
[13:37:32 3/11/2025] [INFO] 🎬 🔥 CỤC VÀNG CỦA NGOẠI | 2 | 20:15 → 22:29
[13:37:32 3/11/2025] [INFO] 🎬 TAY ANH GIỮ MỘT VÌ SAO (K) | 2 | 13:30 → 15:40
[13:37:32 3/11/2025] [INFO] 🎬 TỔ QUỐC TRONG TIM - THE CONCERT FILM (P) | 2 | 15:45 → 18:00
[13:37:32 3/11/2025] [INFO] 🎬 CẢI MẢ | 2 | 11:15 → 13:20
[13:37:32 3/11/2025] [INFO] 🎬 VẬN MAY (T16) | 2 | 20:15 → 22:08
[13:37:32 3/11/2025] [INFO] 📽️ 2: 6/6 suất
[13:37:32 3/11/2025] [INFO] 🎬 🔥 TỔ QUỐC TRONG TIM - THE CONCERT FILM (P) | 4 | 20:15 → 22:30
[13:37:33 3/11/2025] [INFO] 🎬 🔥 VẬN MAY (T16) | 4 | 13:30 → 15:23
[13:37:33 3/11/2025] [INFO] 🎬  HÀNH TRÌNH RỰC RỠ TA ĐÃ YÊU (T16) | 4 | 09:00 → 11:05
[13:37:33 3/11/2025] [INFO] 🎬 CỤC VÀNG CỦA NGOẠI | 4 | 18:00 → 20:14
[13:37:33 3/11/2025] [INFO] 🎬 CẢI MẢ | 4 | 15:45 → 17:50
[13:37:33 3/11/2025] [INFO] 🎬 CẢI MẢ | 4 | 09:00 → 11:05
[13:37:33 3/11/2025] [INFO] 📽️ 4: 6/6 suất
[13:37:34 3/11/2025] [INFO] 🎬 QUỶ ĂN TẠNG PHẦN 3 | 1 | 22:30 → 00:29
[13:37:34 3/11/2025] [INFO] 🎬 TỬ CHIẾN TRÊN KHÔNG | 1 | 15:45 → 17:58
[13:37:34 3/11/2025] [INFO] 🎬 NĂM CỦA ANH, NGÀY CỦA EM (T13) | 1 | 13:30 → 15:37
[13:37:34 3/11/2025] [INFO] 🎬 (LỒNG TIẾNG) CẬU BÉ CÁ HEO VÀ BÍ MẬT 7 ĐẠI DƯƠNG (P) | 1 | 09:00 → 10:51
[13:37:34 3/11/2025] [INFO] 🎬 TAY ANH GIỮ MỘT VÌ SAO (K) | 1 | 18:00 → 20:10
[13:37:34 3/11/2025] [INFO] 🎬 ĐIỆN THOẠI ĐEN 2 | 1 | 20:15 → 22:22
[13:37:34 3/11/2025] [INFO] 📽️ 1: 6/6 suất
[13:37:34 3/11/2025] [INFO] 
📅 Ngày 6/11/2025 (T5)
[13:37:35 3/11/2025] [INFO] 🎬 🔥 CỤC VÀNG CỦA NGOẠI | 5 | 13:30 → 15:44
[13:37:35 3/11/2025] [INFO] 🎬 🔥 TỔ QUỐC TRONG TIM - THE CONCERT FILM (P) | 5 | 20:15 → 22:30
[13:37:35 3/11/2025] [INFO] 🎬  NĂM CỦA ANH, NGÀY CỦA EM (T13) | 5 | 09:00 → 11:07
[13:37:35 3/11/2025] [INFO] 🎬  TAY ANH GIỮ MỘT VÌ SAO (K) | 5 | 11:15 → 13:25
[13:37:35 3/11/2025] [INFO] 🎬 HÁ ĐÁM - SINH NHẬT MẸ (T13) | 5 | 11:15 → 13:30
[13:37:36 3/11/2025] [INFO] 🎬 TAY ANH GIỮ MỘT VÌ SAO (K) | 5 | 15:45 → 17:55
[13:37:36 3/11/2025] [INFO] 📽️ 5: 6/6 suất
[13:37:36 3/11/2025] [INFO] 🎬 🔥 VẬN MAY (T16) | 2 | 22:30 → 00:23
[13:37:36 3/11/2025] [INFO] 🎬  BỊT MẮT BẮT NAI | 2 | 18:00 → 19:47
[13:37:36 3/11/2025] [INFO] 🎬 🔥 QUỶ ĂN TẠNG PHẦN 3 | 2 | 15:45 → 17:44
[13:37:37 3/11/2025] [INFO] 🎬 🔥 TRÒ CHƠI ẢO GIÁC - ARES (T13) | 2 | 09:00 → 11:15
[13:37:37 3/11/2025] [INFO] 🎬 VẬN MAY (T16) | 2 | 18:00 → 19:53
[13:37:37 3/11/2025] [INFO] 🎬 QUỶ ĂN TẠNG PHẦN 3 | 2 | 11:15 → 13:14
[13:37:37 3/11/2025] [INFO] 📽️ 2: 6/6 suất
[13:37:37 3/11/2025] [INFO] 🎬 🔥 TRÒ CHƠI ẢO GIÁC - ARES (T13) | 3 | 15:45 → 18:00
[13:37:37 3/11/2025] [INFO] 🎬 🔥 CẢI MẢ | 3 | 09:00 → 11:05
[13:37:37 3/11/2025] [INFO] 🎬 🔥 TRÒ CHƠI ẢO GIÁC - ARES (T13) | 3 | 20:15 → 22:30
[13:37:38 3/11/2025] [INFO] 🎬 NHỮNG LÁ THƯ CỦA YEON (P) | 3 | 20:15 → 22:05
[13:37:38 3/11/2025] [INFO] 🎬 TỔ QUỐC TRONG TIM - THE CONCERT FILM (P) | 3 | 13:30 → 15:45
[13:37:38 3/11/2025] [INFO] 🎬 PHỎNG VẤN SÁT NHÂN (T18) | 3 | 11:15 → 13:15
[13:37:38 3/11/2025] [INFO] 📽️ 3: 6/6 suất
[13:37:38 3/11/2025] [INFO] 🎬  HÀNH TRÌNH RỰC RỠ TA ĐÃ YÊU (T16) | 4 | 18:00 → 20:05
[13:37:38 3/11/2025] [INFO] 🎬 HÀNH TRÌNH RỰC RỠ TA ĐÃ YÊU (T16) | 4 | 18:00 → 20:05
[13:37:39 3/11/2025] [INFO] 🎬 NHỮNG LÁ THƯ CỦA YEON (P) | 4 | 11:15 → 13:05
[13:37:39 3/11/2025] [INFO] 🎬 CỤC VÀNG CỦA NGOẠI | 4 | 22:30 → 00:44
[13:37:39 3/11/2025] [INFO] 🎬 TAY ANH GIỮ MỘT VÌ SAO (K) | 4 | 20:15 → 22:25
[13:37:39 3/11/2025] [INFO] 🎬 CẢI MẢ | 4 | 15:45 → 17:50
[13:37:39 3/11/2025] [INFO] 📽️ 4: 6/6 suất
[13:37:39 3/11/2025] [INFO] 🎬  ĐIỆN THOẠI ĐEN 2 | 6 | 11:15 → 13:22
[13:37:39 3/11/2025] [INFO] 🎬  ĐIỆN THOẠI ĐEN 2 | 6 | 20:15 → 22:22
[13:37:39 3/11/2025] [INFO] 🎬 🔥 QUỶ ĂN TẠNG PHẦN 3 | 6 | 22:30 → 00:29
[13:37:40 3/11/2025] [INFO] 🎬 CẢI MẢ | 6 | 20:15 → 22:20
[13:37:40 3/11/2025] [INFO] 🎬 TAY ANH GIỮ MỘT VÌ SAO (K) | 6 | 13:30 → 15:40
[13:37:40 3/11/2025] [INFO] 🎬 QUỶ ĂN TẠNG PHẦN 3 | 6 | 18:00 → 19:59
[13:37:40 3/11/2025] [INFO] 📽️ 6: 6/6 suất
[13:37:40 3/11/2025] [INFO] 🎬 BỊT MẮT BẮT NAI | 1 | 20:15 → 22:02
[13:37:40 3/11/2025] [INFO] 🎬 QUỶ ĂN TẠNG PHẦN 3 | 1 | 22:30 → 00:29
[13:37:40 3/11/2025] [INFO] 🎬 NĂM CỦA ANH, NGÀY CỦA EM (T13) | 1 | 09:00 → 11:07
[13:37:40 3/11/2025] [INFO] 🎬 TỬ CHIẾN TRÊN KHÔNG | 1 | 15:45 → 17:58
[13:37:41 3/11/2025] [INFO] 🎬 ĐIỆN THOẠI ĐEN 2 | 1 | 13:30 → 15:37
[13:37:41 3/11/2025] [INFO] 🎬 TỔ QUỐC TRONG TIM - THE CONCERT FILM (P) | 1 | 18:00 → 20:15
[13:37:41 3/11/2025] [INFO] 📽️ 1: 6/6 suất
[13:37:41 3/11/2025] [INFO] 🎬  HÀNH TRÌNH RỰC RỠ TA ĐÃ YÊU (T16) | 7 | 22:30 → 00:35
[13:37:41 3/11/2025] [INFO] 🎬 TỬ CHIẾN TRÊN KHÔNG | 7 | 18:00 → 20:13
[13:37:41 3/11/2025] [INFO] 🎬 HÁ ĐÁM - SINH NHẬT MẸ (T13) | 7 | 20:15 → 22:30
[13:37:42 3/11/2025] [INFO] 🎬 BỊT MẮT BẮT NAI | 7 | 09:00 → 10:47
[13:37:42 3/11/2025] [INFO] 🎬 BỊT MẮT BẮT NAI | 7 | 11:15 → 13:02
[13:37:42 3/11/2025] [INFO] 🎬 NHỮNG LÁ THƯ CỦA YEON (P) | 7 | 15:45 → 17:35
[13:37:42 3/11/2025] [INFO] 📽️ 7: 6/6 suất
[13:37:42 3/11/2025] [INFO] 
📅 Ngày 7/11/2025 (T6)
[13:37:42 3/11/2025] [INFO] 🎬 🔥 CỤC VÀNG CỦA NGOẠI | 6 | 22:30 → 00:44
[13:37:42 3/11/2025] [INFO] 🎬 🔥 VẬN MAY (T16) | 6 | 00:00 → 01:53
[13:37:42 3/11/2025] [INFO] 🎬 🔥 CỤC VÀNG CỦA NGOẠI | 6 | 13:30 → 15:44
[13:37:42 3/11/2025] [INFO] 🎬  NĂM CỦA ANH, NGÀY CỦA EM (T13) | 6 | 20:15 → 22:22
[13:37:42 3/11/2025] [INFO] 🎬 CẢI MẢ | 6 | 22:30 → 00:35
[13:37:42 3/11/2025] [INFO] 🎬 (LỒNG TIẾNG) CẬU BÉ CÁ HEO VÀ BÍ MẬT 7 ĐẠI DƯƠNG (P) | 6 | 18:00 → 19:51
[13:37:42 3/11/2025] [INFO] 📽️ 6: 6/6 suất
[13:37:43 3/11/2025] [INFO] 🎬 🔥 QUỶ ĂN TẠNG PHẦN 3 | 3 | 13:30 → 15:29
[13:37:43 3/11/2025] [INFO] 🎬  TAY ANH GIỮ MỘT VÌ SAO (K) | 3 | 00:00 → 02:10
[13:37:43 3/11/2025] [INFO] 🎬  PHỎNG VẤN SÁT NHÂN (T18) | 3 | 22:30 → 00:30
[13:37:43 3/11/2025] [INFO] 🎬 🔥 TỔ QUỐC TRONG TIM - THE CONCERT FILM (P) | 3 | 09:00 → 11:15
[13:37:43 3/11/2025] [INFO] 🎬 🔥 TỔ QUỐC TRONG TIM - THE CONCERT FILM (P) | 3 | 15:45 → 18:00
[13:37:43 3/11/2025] [INFO] 🎬 BỊT MẮT BẮT NAI | 3 | 11:15 → 13:02
[13:37:43 3/11/2025] [INFO] 📽️ 3: 6/6 suất
[13:37:44 3/11/2025] [INFO] 🎬  TAY ANH GIỮ MỘT VÌ SAO (K) | 4 | 13:30 → 15:40
[13:37:44 3/11/2025] [INFO] 🎬 🔥 VẬN MAY (T16) | 4 | 22:30 → 00:23
[13:37:44 3/11/2025] [INFO] 🎬 🔥 VẬN MAY (T16) | 4 | 15:45 → 17:38
[13:37:44 3/11/2025] [INFO] 🎬  HÀNH TRÌNH RỰC RỠ TA ĐÃ YÊU (T16) | 4 | 00:00 → 02:05
[13:37:44 3/11/2025] [INFO] 🎬 🔥 TỬ CHIẾN TRÊN KHÔNG | 4 | 09:00 → 11:13
[13:37:44 3/11/2025] [INFO] 🎬 NHỮNG LÁ THƯ CỦA YEON (P) | 4 | 09:00 → 10:50
[13:37:44 3/11/2025] [INFO] 📽️ 4: 6/6 suất
[13:37:44 3/11/2025] [INFO] 🎬 🔥 NHỮNG LÁ THƯ CỦA YEON (P) | 5 | 15:45 → 17:35
[13:37:45 3/11/2025] [INFO] 🎬  HÁ ĐÁM - SINH NHẬT MẸ (T13) | 5 | 09:00 → 11:15
[13:37:45 3/11/2025] [INFO] 🎬  BỊT MẮT BẮT NAI | 5 | 18:00 → 19:47
[13:37:45 3/11/2025] [INFO] 🎬 🔥 TỔ QUỐC TRONG TIM - THE CONCERT FILM (P) | 5 | 22:30 → 00:45
[13:37:45 3/11/2025] [INFO] 🎬 🔥 TỔ QUỐC TRONG TIM - THE CONCERT FILM (P) | 5 | 00:00 → 02:15
[13:37:45 3/11/2025] [INFO] 🎬 QUỶ ĂN TẠNG PHẦN 3 | 5 | 22:30 → 00:29
[13:37:45 3/11/2025] [INFO] 📽️ 5: 6/6 suất
[13:37:46 3/11/2025] [INFO] 🎬 🔥 TRÒ CHƠI ẢO GIÁC - ARES (T13) | 7 | 15:45 → 18:00
[13:37:46 3/11/2025] [INFO] 🎬 🔥 NHỮNG LÁ THƯ CỦA YEON (P) | 7 | 20:15 → 22:05
[13:37:46 3/11/2025] [INFO] 🎬 CẢI MẢ | 7 | 09:00 → 11:05
[13:37:46 3/11/2025] [INFO] 🎬 PHỎNG VẤN SÁT NHÂN (T18) | 7 | 13:30 → 15:30
[13:37:46 3/11/2025] [INFO] 🎬 ĐIỆN THOẠI ĐEN 2 | 7 | 11:15 → 13:22
[13:37:46 3/11/2025] [INFO] 🎬 NĂM CỦA ANH, NGÀY CỦA EM (T13) | 7 | 22:30 → 00:37
[13:37:46 3/11/2025] [INFO] 📽️ 7: 6/6 suất
[13:37:46 3/11/2025] [INFO] 🎬 🔥 TỬ CHIẾN TRÊN KHÔNG | 1 | 00:00 → 02:13
[13:37:47 3/11/2025] [INFO] 🎬 HÁ ĐÁM - SINH NHẬT MẸ (T13) | 1 | 15:45 → 18:00
[13:37:47 3/11/2025] [INFO] 🎬 TAY ANH GIỮ MỘT VÌ SAO (K) | 1 | 18:00 → 20:10
[13:37:47 3/11/2025] [INFO] 🎬 TỔ QUỐC TRONG TIM - THE CONCERT FILM (P) | 1 | 09:00 → 11:15
[13:37:47 3/11/2025] [INFO] 🎬 BỊT MẮT BẮT NAI | 1 | 22:30 → 00:17
[13:37:47 3/11/2025] [INFO] 🎬 CỤC VÀNG CỦA NGOẠI | 1 | 13:30 → 15:44
[13:37:47 3/11/2025] [INFO] 📽️ 1: 6/6 suất
[13:37:48 3/11/2025] [INFO] 🎬 🔥 VẬN MAY (T16) | 2 | 09:00 → 10:53
[13:37:48 3/11/2025] [INFO] 🎬 🔥 NHỮNG LÁ THƯ CỦA YEON (P) | 2 | 00:00 → 01:50
[13:37:48 3/11/2025] [INFO] 🎬 NĂM CỦA ANH, NGÀY CỦA EM (T13) | 2 | 00:00 → 02:07
[13:37:48 3/11/2025] [INFO] 🎬 HÀNH TRÌNH RỰC RỠ TA ĐÃ YÊU (T16) | 2 | 22:30 → 00:35
[13:37:48 3/11/2025] [INFO] 🎬 CỤC VÀNG CỦA NGOẠI | 2 | 18:00 → 20:14
[13:37:48 3/11/2025] [INFO] 🎬 NHỮNG LÁ THƯ CỦA YEON (P) | 2 | 13:30 → 15:20
[13:37:48 3/11/2025] [INFO] 📽️ 2: 6/6 suất
[13:37:48 3/11/2025] [INFO] 
📅 Ngày 8/11/2025 (T7)
[13:37:48 3/11/2025] [INFO] 🎬 🔥 QUỶ ĂN TẠNG PHẦN 3 | 3 | 17:30 → 19:29
[13:37:49 3/11/2025] [INFO] 🎬 🔥 TỬ CHIẾN TRÊN KHÔNG | 3 | 08:30 → 10:43
[13:37:49 3/11/2025] [INFO] 🎬 🔥 VẬN MAY (T16) | 3 | 00:10 → 02:03
[13:37:49 3/11/2025] [INFO] 🎬  BỊT MẮT BẮT NAI | 3 | 13:00 → 14:47
[13:37:49 3/11/2025] [INFO] 🎬  NĂM CỦA ANH, NGÀY CỦA EM (T13) | 3 | 19:45 → 21:52
[13:37:49 3/11/2025] [INFO] 🎬 🔥 CẢI MẢ | 3 | 15:15 → 17:20
[13:37:49 3/11/2025] [INFO] 🎬 VẬN MAY (T16) | 3 | 22:00 → 23:53
[13:37:49 3/11/2025] [INFO] 📽️ 3: 7/7 suất
[13:37:50 3/11/2025] [INFO] 🎬  BỊT MẮT BẮT NAI | 6 | 00:10 → 01:57
[13:37:50 3/11/2025] [INFO] 🎬 🔥 TRÒ CHƠI ẢO GIÁC - ARES (T13) | 6 | 08:30 → 10:45
[13:37:50 3/11/2025] [INFO] 🎬 🔥 TRÒ CHƠI ẢO GIÁC - ARES (T13) | 6 | 19:45 → 22:00
[13:37:50 3/11/2025] [INFO] 🎬 HÀNH TRÌNH RỰC RỠ TA ĐÃ YÊU (T16) | 6 | 13:00 → 15:05
[13:37:50 3/11/2025] [INFO] 🎬 TRÒ CHƠI ẢO GIÁC - ARES (T13) | 6 | 10:45 → 13:00
[13:37:50 3/11/2025] [INFO] 🎬 TỬ CHIẾN TRÊN KHÔNG | 6 | 22:00 → 00:13
[13:37:50 3/11/2025] [INFO] 🎬 ĐIỆN THOẠI ĐEN 2 | 6 | 08:30 → 10:37
[13:37:50 3/11/2025] [INFO] 📽️ 6: 7/7 suất
[13:37:51 3/11/2025] [INFO] 🎬 🔥 TỔ QUỐC TRONG TIM - THE CONCERT FILM (P) | 7 | 10:45 → 13:00
[13:37:51 3/11/2025] [INFO] 🎬  HÀNH TRÌNH RỰC RỠ TA ĐÃ YÊU (T16) | 7 | 22:00 → 00:05
[13:37:51 3/11/2025] [INFO] 🎬  HÁ ĐÁM - SINH NHẬT MẸ (T13) | 7 | 15:15 → 17:30
[13:37:51 3/11/2025] [INFO] 🎬 TAY ANH GIỮ MỘT VÌ SAO (K) | 7 | 22:00 → 00:10
[13:37:51 3/11/2025] [INFO] 🎬 (LỒNG TIẾNG) CẬU BÉ CÁ HEO VÀ BÍ MẬT 7 ĐẠI DƯƠNG (P) | 7 | 15:15 → 17:06
[13:37:51 3/11/2025] [INFO] 🎬 TỔ QUỐC TRONG TIM - THE CONCERT FILM (P) | 7 | 19:45 → 22:00
[13:37:51 3/11/2025] [INFO] 🎬 TỬ CHIẾN TRÊN KHÔNG | 7 | 08:30 → 10:43
[13:37:51 3/11/2025] [INFO] 📽️ 7: 7/7 suất
[13:37:52 3/11/2025] [INFO] 🎬 🔥 TỬ CHIẾN TRÊN KHÔNG | 4 | 15:15 → 17:28
[13:37:52 3/11/2025] [INFO] 🎬  BỊT MẮT BẮT NAI | 4 | 19:45 → 21:32
[13:37:52 3/11/2025] [INFO] 🎬 🔥 QUỶ ĂN TẠNG PHẦN 3 | 4 | 00:10 → 02:09
[13:37:52 3/11/2025] [INFO] 🎬 NĂM CỦA ANH, NGÀY CỦA EM (T13) | 4 | 13:00 → 15:07
[13:37:52 3/11/2025] [INFO] 🎬 NĂM CỦA ANH, NGÀY CỦA EM (T13) | 4 | 15:15 → 17:22
[13:37:53 3/11/2025] [INFO] 🎬 BỊT MẮT BẮT NAI | 4 | 00:10 → 01:57
[13:37:53 3/11/2025] [INFO] 🎬 NĂM CỦA ANH, NGÀY CỦA EM (T13) | 4 | 10:45 → 12:52
[13:37:53 3/11/2025] [INFO] 📽️ 4: 7/7 suất
[13:37:53 3/11/2025] [INFO] 🎬  PHỎNG VẤN SÁT NHÂN (T18) | 1 | 22:00 → 00:00
[13:37:54 3/11/2025] [INFO] 🎬 🔥 TỬ CHIẾN TRÊN KHÔNG | 1 | 00:10 → 02:23
[13:37:54 3/11/2025] [INFO] 🎬 🔥 NHỮNG LÁ THƯ CỦA YEON (P) | 1 | 13:00 → 14:50
[13:37:54 3/11/2025] [INFO] 🎬 🔥 CẢI MẢ | 1 | 08:30 → 10:35
[13:37:54 3/11/2025] [INFO] 🎬 CẢI MẢ | 1 | 13:00 → 15:05
[13:37:54 3/11/2025] [INFO] 🎬 NHỮNG LÁ THƯ CỦA YEON (P) | 1 | 19:45 → 21:35
[13:37:54 3/11/2025] [INFO] 🎬 CẢI MẢ | 1 | 10:45 → 12:50
[13:37:54 3/11/2025] [INFO] 📽️ 1: 7/7 suất
[13:37:55 3/11/2025] [INFO] 🎬  PHỎNG VẤN SÁT NHÂN (T18) | 2 | 08:30 → 10:30
[13:37:55 3/11/2025] [INFO] 🎬  TAY ANH GIỮ MỘT VÌ SAO (K) | 2 | 15:15 → 17:25
[13:37:55 3/11/2025] [INFO] 🎬 HÀNH TRÌNH RỰC RỠ TA ĐÃ YÊU (T16) | 2 | 08:30 → 10:35
[13:37:55 3/11/2025] [INFO] 🎬 (LỒNG TIẾNG) CẬU BÉ CÁ HEO VÀ BÍ MẬT 7 ĐẠI DƯƠNG (P) | 2 | 22:00 → 23:51
[13:37:55 3/11/2025] [INFO] 🎬 NĂM CỦA ANH, NGÀY CỦA EM (T13) | 2 | 15:15 → 17:22
[13:37:55 3/11/2025] [INFO] 🎬 TỬ CHIẾN TRÊN KHÔNG | 2 | 17:30 → 19:43
[13:37:56 3/11/2025] [INFO] 🎬 TAY ANH GIỮ MỘT VÌ SAO (K) | 2 | 10:45 → 12:55
[13:37:56 3/11/2025] [INFO] 📽️ 2: 7/7 suất
[13:37:56 3/11/2025] [INFO] 🎬 🔥 TỔ QUỐC TRONG TIM - THE CONCERT FILM (P) | 5 | 00:10 → 02:25
[13:37:56 3/11/2025] [INFO] 🎬 PHỎNG VẤN SÁT NHÂN (T18) | 5 | 15:15 → 17:15
[13:37:57 3/11/2025] [INFO] 🎬 TAY ANH GIỮ MỘT VÌ SAO (K) | 5 | 17:30 → 19:40
[13:37:57 3/11/2025] [INFO] 🎬 NHỮNG LÁ THƯ CỦA YEON (P) | 5 | 00:10 → 02:00
[13:37:57 3/11/2025] [INFO] 🎬 TỔ QUỐC TRONG TIM - THE CONCERT FILM (P) | 5 | 19:45 → 22:00
[13:37:57 3/11/2025] [INFO] 🎬 (LỒNG TIẾNG) CẬU BÉ CÁ HEO VÀ BÍ MẬT 7 ĐẠI DƯƠNG (P) | 5 | 08:30 → 10:21
[13:37:57 3/11/2025] [INFO] 🎬 TAY ANH GIỮ MỘT VÌ SAO (K) | 5 | 13:00 → 15:10
[13:37:57 3/11/2025] [INFO] 📽️ 5: 7/7 suất
[13:37:57 3/11/2025] [INFO] 
📅 Ngày 9/11/2025 (CN)
[13:37:57 3/11/2025] [INFO] 🎬  PHỎNG VẤN SÁT NHÂN (T18) | 6 | 17:45 → 19:45
[13:37:57 3/11/2025] [INFO] 🎬 🔥 CỤC VÀNG CỦA NGOẠI | 6 | 08:45 → 10:59
[13:37:57 3/11/2025] [INFO] 🎬 🔥 TỔ QUỐC TRONG TIM - THE CONCERT FILM (P) | 6 | 00:15 → 02:30
[13:37:58 3/11/2025] [INFO] 🎬 🔥 QUỶ ĂN TẠNG PHẦN 3 | 6 | 20:00 → 21:59
[13:37:58 3/11/2025] [INFO] 🎬  ĐIỆN THOẠI ĐEN 2 | 6 | 22:15 → 00:22
[13:37:58 3/11/2025] [INFO] 🎬 TỬ CHIẾN TRÊN KHÔNG | 6 | 11:00 → 13:13
[13:37:58 3/11/2025] [INFO] 🎬 CỤC VÀNG CỦA NGOẠI | 6 | 00:15 → 02:29
[13:37:58 3/11/2025] [INFO] 📽️ 6: 7/7 suất
[13:37:58 3/11/2025] [INFO] 🎬  HÁ ĐÁM - SINH NHẬT MẸ (T13) | 2 | 08:45 → 11:00
[13:37:58 3/11/2025] [INFO] 🎬  PHỎNG VẤN SÁT NHÂN (T18) | 2 | 22:15 → 00:15
[13:37:59 3/11/2025] [INFO] 🎬 🔥 TRÒ CHƠI ẢO GIÁC - ARES (T13) | 2 | 13:15 → 15:30
[13:37:59 3/11/2025] [INFO] 🎬 🔥 CẢI MẢ | 2 | 17:45 → 19:50
[13:37:59 3/11/2025] [INFO] 🎬 TỬ CHIẾN TRÊN KHÔNG | 2 | 08:45 → 10:58
[13:37:59 3/11/2025] [INFO] 🎬 (LỒNG TIẾNG) CẬU BÉ CÁ HEO VÀ BÍ MẬT 7 ĐẠI DƯƠNG (P) | 2 | 11:00 → 12:51
[13:37:59 3/11/2025] [INFO] 🎬 CỤC VÀNG CỦA NGOẠI | 2 | 15:30 → 17:44
[13:37:59 3/11/2025] [INFO] 📽️ 2: 7/7 suất
[13:38:00 3/11/2025] [INFO] 🎬 🔥 TỔ QUỐC TRONG TIM - THE CONCERT FILM (P) | 5 | 20:00 → 22:15
[13:38:00 3/11/2025] [INFO] 🎬  HÁ ĐÁM - SINH NHẬT MẸ (T13) | 5 | 13:15 → 15:30
[13:38:00 3/11/2025] [INFO] 🎬 TỔ QUỐC TRONG TIM - THE CONCERT FILM (P) | 5 | 08:45 → 11:00
[13:38:00 3/11/2025] [INFO] 🎬 NHỮNG LÁ THƯ CỦA YEON (P) | 5 | 15:30 → 17:20
[13:38:00 3/11/2025] [INFO] 🎬 CỤC VÀNG CỦA NGOẠI | 5 | 22:15 → 00:29
[13:38:00 3/11/2025] [INFO] 🎬 CẢI MẢ | 5 | 00:15 → 02:20
[13:38:01 3/11/2025] [INFO] 🎬 (LỒNG TIẾNG) CẬU BÉ CÁ HEO VÀ BÍ MẬT 7 ĐẠI DƯƠNG (P) | 5 | 20:00 → 21:51
[13:38:01 3/11/2025] [INFO] 📽️ 5: 7/7 suất
[13:38:01 3/11/2025] [INFO] 🎬  NĂM CỦA ANH, NGÀY CỦA EM (T13) | 4 | 00:15 → 02:22
[13:38:01 3/11/2025] [INFO] 🎬 🔥 TRÒ CHƠI ẢO GIÁC - ARES (T13) | 4 | 22:15 → 00:30
[13:38:01 3/11/2025] [INFO] 🎬 TRÒ CHƠI ẢO GIÁC - ARES (T13) | 4 | 13:15 → 15:30
[13:38:02 3/11/2025] [INFO] 🎬 PHỎNG VẤN SÁT NHÂN (T18) | 4 | 20:00 → 22:00
[13:38:02 3/11/2025] [INFO] 🎬 TỔ QUỐC TRONG TIM - THE CONCERT FILM (P) | 4 | 08:45 → 11:00
[13:38:02 3/11/2025] [INFO] 🎬 TAY ANH GIỮ MỘT VÌ SAO (K) | 4 | 11:00 → 13:10
[13:38:02 3/11/2025] [INFO] 🎬 HÁ ĐÁM - SINH NHẬT MẸ (T13) | 4 | 15:30 → 17:45
[13:38:02 3/11/2025] [INFO] 📽️ 4: 7/7 suất
[13:38:02 3/11/2025] [INFO] 🎬 🔥 VẬN MAY (T16) | 3 | 11:00 → 12:53
[13:38:02 3/11/2025] [INFO] 🎬 🔥 NHỮNG LÁ THƯ CỦA YEON (P) | 3 | 08:45 → 10:35
[13:38:02 3/11/2025] [INFO] 🎬 🔥 TRÒ CHƠI ẢO GIÁC - ARES (T13) | 3 | 00:15 → 02:30
[13:38:02 3/11/2025] [INFO] 🎬 HÀNH TRÌNH RỰC RỠ TA ĐÃ YÊU (T16) | 3 | 00:15 → 02:20
[13:38:03 3/11/2025] [INFO] 🎬 BỊT MẮT BẮT NAI | 3 | 08:45 → 10:32
[13:38:03 3/11/2025] [INFO] 🎬 TRÒ CHƠI ẢO GIÁC - ARES (T13) | 3 | 20:00 → 22:15
[13:38:03 3/11/2025] [INFO] 🎬 VẬN MAY (T16) | 3 | 11:00 → 12:53
[13:38:03 3/11/2025] [INFO] 📽️ 3: 7/7 suất
[13:38:03 3/11/2025] [INFO] 🎬 🔥 NHỮNG LÁ THƯ CỦA YEON (P) | 1 | 22:15 → 00:05
[13:38:04 3/11/2025] [INFO] 🎬  BỊT MẮT BẮT NAI | 1 | 20:00 → 21:47
[13:38:04 3/11/2025] [INFO] 🎬 (LỒNG TIẾNG) CẬU BÉ CÁ HEO VÀ BÍ MẬT 7 ĐẠI DƯƠNG (P) | 1 | 08:45 → 10:36
[13:38:04 3/11/2025] [INFO] 🎬 NĂM CỦA ANH, NGÀY CỦA EM (T13) | 1 | 11:00 → 13:07
[13:38:04 3/11/2025] [INFO] 🎬 PHỎNG VẤN SÁT NHÂN (T18) | 1 | 17:45 → 19:45
[13:38:04 3/11/2025] [INFO] 🎬 TỔ QUỐC TRONG TIM - THE CONCERT FILM (P) | 1 | 22:15 → 00:30
[13:38:04 3/11/2025] [INFO] 🎬 BỊT MẮT BẮT NAI | 1 | 00:15 → 02:02
[13:38:04 3/11/2025] [INFO] 📽️ 1: 7/7 suất
[13:38:05 3/11/2025] [INFO] 🎬 🔥 QUỶ ĂN TẠNG PHẦN 3 | 7 | 00:15 → 02:14
[13:38:05 3/11/2025] [INFO] 🎬 🔥 VẬN MAY (T16) | 7 | 15:30 → 17:23
[13:38:07 3/11/2025] [INFO] 🎬 🔥 VẬN MAY (T16) | 7 | 17:45 → 19:38
[13:38:07 3/11/2025] [INFO] 🎬 NĂM CỦA ANH, NGÀY CỦA EM (T13) | 7 | 17:45 → 19:52
[13:38:07 3/11/2025] [INFO] 🎬 NĂM CỦA ANH, NGÀY CỦA EM (T13) | 7 | 15:30 → 17:37
[13:38:07 3/11/2025] [INFO] 🎬 NHỮNG LÁ THƯ CỦA YEON (P) | 7 | 08:45 → 10:35
[13:38:08 3/11/2025] [INFO] 🎬 TRÒ CHƠI ẢO GIÁC - ARES (T13) | 7 | 00:15 → 02:30
[13:38:08 3/11/2025] [INFO] 📽️ 7: 7/7 suất
[13:38:08 3/11/2025] [INFO] ✅ Hoàn tất tạo suất chiếu cho tuần mới — Tổng cộng: 308 suất!
[13:38:08 3/11/2025] [INFO] ✅ Suất chiếu ban đầu đã được tạo.
[13:52:05 3/11/2025] [INFO] 🎬 Bắt đầu theo dõi thay đổi trạng thái phim...
[13:52:06 3/11/2025] [INFO] 🚀 Khởi động CRON tự động tạo suất chiếu...
[13:52:06 3/11/2025] [INFO] 🕒 Bắt đầu tạo suất chiếu cho tuần hiện tại...
[13:52:06 3/11/2025] [INFO] 🧹 Đã xoá toàn bộ suất chiếu cũ hơn 1 tuần.
[13:52:06 3/11/2025] [INFO] 📆 Tuần 3/11/2025 → 9/11/2025
[13:52:06 3/11/2025] [INFO] ⏩ Đã có suất chiếu cho tuần hiện tại, bỏ qua tạo mới.
[13:52:06 3/11/2025] [INFO] ✅ Suất chiếu ban đầu đã được tạo.
[13:54:24 3/11/2025] [INFO] ⚠️ Watcher MongoDB bị đóng, đang tự bật lại...
[13:54:34 3/11/2025] [INFO] 🎬 Bắt đầu theo dõi thay đổi trạng thái phim...
[14:39:58 3/11/2025] [INFO] 🎬 Bắt đầu theo dõi thay đổi trạng thái phim...
[14:39:58 3/11/2025] [INFO] 🚀 Khởi động CRON tự động tạo suất chiếu...
[14:39:58 3/11/2025] [INFO] 🕒 Bắt đầu tạo suất chiếu cho tuần hiện tại...
[14:39:58 3/11/2025] [INFO] 🧹 Đã xoá toàn bộ suất chiếu cũ hơn 1 tuần.
[14:39:59 3/11/2025] [INFO] 📆 Tuần 3/11/2025 → 9/11/2025
[14:39:59 3/11/2025] [INFO] ⏩ Đã có suất chiếu cho tuần hiện tại, bỏ qua tạo mới.
[14:39:59 3/11/2025] [INFO] ✅ Suất chiếu ban đầu đã được tạo.
[15:01:22 3/11/2025] [INFO] 🎬 Bắt đầu theo dõi thay đổi trạng thái phim...
[15:01:22 3/11/2025] [INFO] 🚀 Khởi động CRON tự động tạo suất chiếu...
[15:01:22 3/11/2025] [INFO] 🕒 Bắt đầu tạo suất chiếu cho tuần hiện tại...
[15:01:23 3/11/2025] [INFO] 🧹 Đã xoá toàn bộ suất chiếu cũ hơn 1 tuần.
[15:01:23 3/11/2025] [INFO] 📆 Tuần 3/11/2025 → 9/11/2025
[15:01:23 3/11/2025] [INFO] ⏩ Đã có suất chiếu cho tuần hiện tại, bỏ qua tạo mới.
[15:01:23 3/11/2025] [INFO] ✅ Suất chiếu ban đầu đã được tạo.
[15:05:28 3/11/2025] [INFO] 🎬 Bắt đầu theo dõi thay đổi trạng thái phim...
[15:05:28 3/11/2025] [INFO] 🚀 Khởi động CRON tự động tạo suất chiếu...
[15:05:28 3/11/2025] [INFO] 🕒 Bắt đầu tạo suất chiếu cho tuần hiện tại...
[15:05:28 3/11/2025] [INFO] 🧹 Đã xoá toàn bộ suất chiếu cũ hơn 1 tuần.
[15:05:29 3/11/2025] [INFO] 📆 Tuần 3/11/2025 → 9/11/2025
[15:05:29 3/11/2025] [INFO] ⏩ Đã có suất chiếu cho tuần hiện tại, bỏ qua tạo mới.
[15:05:29 3/11/2025] [INFO] ✅ Suất chiếu ban đầu đã được tạo.
[16:04:30 3/11/2025] [INFO] 🎬 Bắt đầu theo dõi thay đổi trạng thái phim...
[16:04:30 3/11/2025] [INFO] 🚀 Khởi động CRON tự động tạo suất chiếu...
[16:04:30 3/11/2025] [INFO] 🕒 Bắt đầu tạo suất chiếu cho tuần hiện tại...
[16:04:32 3/11/2025] [INFO] 🧹 Đã xoá toàn bộ suất chiếu cũ hơn 1 tuần.
[16:04:32 3/11/2025] [INFO] 📆 Tuần 3/11/2025 → 9/11/2025
[16:04:32 3/11/2025] [INFO] ⏩ Đã có suất chiếu cho tuần hiện tại, bỏ qua tạo mới.
[16:04:32 3/11/2025] [INFO] ✅ Suất chiếu ban đầu đã được tạo.
[18:31:27 3/11/2025] [INFO] 🎬 Bắt đầu theo dõi thay đổi trạng thái phim...
[18:31:27 3/11/2025] [INFO] 🚀 Khởi động CRON tự động tạo suất chiếu...
[18:31:27 3/11/2025] [INFO] 🕒 Bắt đầu tạo suất chiếu cho tuần hiện tại...
[18:31:28 3/11/2025] [INFO] 🧹 Đã xoá toàn bộ suất chiếu cũ hơn 1 tuần.
[18:31:28 3/11/2025] [INFO] 📆 Tuần 3/11/2025 → 9/11/2025
[18:31:28 3/11/2025] [INFO] ⏩ Đã có suất chiếu cho tuần hiện tại, bỏ qua tạo mới.
[18:31:28 3/11/2025] [INFO] ✅ Suất chiếu ban đầu đã được tạo.
[21:19:20 3/11/2025] [INFO] 🎬 Bắt đầu theo dõi thay đổi trạng thái phim...
[21:19:20 3/11/2025] [INFO] 🚀 Khởi động CRON tự động tạo suất chiếu...
[21:19:20 3/11/2025] [INFO] 🕒 Bắt đầu tạo suất chiếu cho tuần hiện tại...
[21:19:21 3/11/2025] [INFO] 🧹 Đã xoá toàn bộ suất chiếu cũ hơn 1 tuần.
[21:19:21 3/11/2025] [INFO] 📆 Tuần 3/11/2025 → 9/11/2025
[21:19:21 3/11/2025] [INFO] ⏩ Đã có suất chiếu cho tuần hiện tại, bỏ qua tạo mới.
[21:19:21 3/11/2025] [INFO] ✅ Suất chiếu ban đầu đã được tạo.
