[08:16:09 31/10/2025] [INFO] ๐ฌ Bแบฏt ฤแบงu theo dรตi thay ฤแปi trแบกng thรกi phim...
[08:16:09 31/10/2025] [INFO] ๐ Khแปi ฤแปng CRON tแปฑ ฤแปng tแบกo suแบฅt chiแบฟu...
[08:16:09 31/10/2025] [INFO] ๐ Bแบฏt ฤแบงu tแบกo suแบฅt chiแบฟu cho tuแบงn hiแปn tแบกi...
[08:16:10 31/10/2025] [INFO] ๐งน ฤรฃ xoรก toรn bแป suแบฅt chiแบฟu cลฉ hฦกn 1 tuแบงn.
[08:16:10 31/10/2025] [INFO] ๐ Tuแบงn 27/10/2025 โ 2/11/2025
[08:16:10 31/10/2025] [INFO] โฉ ฤรฃ cรณ suแบฅt chiแบฟu cho tuแบงn hiแปn tแบกi, bแป qua tแบกo mแปi.
[08:16:10 31/10/2025] [INFO] โ Suแบฅt chiแบฟu ban ฤแบงu ฤรฃ ฤฦฐแปฃc tแบกo.
[08:30:00 31/10/2025] [INFO] ๐ Phim cแบญp nhแบญt sang ฤang chiแบฟu: Hร ฤรM - SINH NHแบฌT Mแบธ (T13) (khแปi chiแบฟu 31/10/2025) โ tแบกo suแบฅt chiแบฟu ngay.
[08:30:00 31/10/2025] [INFO] ๐ Phim cแบญp nhแบญt sang ฤang chiแบฟu: CAฬI MAฬ (khแปi chiแบฟu 31/10/2025) โ tแบกo suแบฅt chiแบฟu ngay.
[08:30:00 31/10/2025] [INFO] ๐ Phim cแบญp nhแบญt sang ฤang chiแบฟu: ฤIแปN THOแบI ฤEN 2 (khแปi chiแบฟu 31/10/2025) โ tแบกo suแบฅt chiแบฟu ngay.
[08:30:00 31/10/2025] [INFO] ๐ Phim cแบญp nhแบญt sang ฤang chiแบฟu: BแปT MแบฎT BแบฎT NAI (khแปi chiแบฟu 31/10/2025) โ tแบกo suแบฅt chiแบฟu ngay.
[08:30:00 31/10/2025] [INFO] ๐ฌ Bแบฏt ฤแบงu tแบกo lแปch chiแบฟu cho phim mแปi:  Hร ฤรM - SINH NHแบฌT Mแบธ (T13)
[08:30:00 31/10/2025] [INFO] ๐ 31/10/2025 (T6) โ Hร ฤรM - SINH NHแบฌT Mแบธ (T13) chiแบฟu tแบกi 2 phรฒng
[08:30:00 31/10/2025] [INFO] ๐ฌ Bแบฏt ฤแบงu tแบกo lแปch chiแบฟu cho phim mแปi:  ฤIแปN THOแบI ฤEN 2
[08:30:00 31/10/2025] [INFO] ๐ 31/10/2025 (T6) โ ฤIแปN THOแบI ฤEN 2 chiแบฟu tแบกi 3 phรฒng
[08:30:00 31/10/2025] [INFO] ๐ฌ Bแบฏt ฤแบงu tแบกo lแปch chiแบฟu cho phim mแปi:  BแปT MแบฎT BแบฎT NAI
[08:30:00 31/10/2025] [INFO] ๐ 31/10/2025 (T6) โ BแปT MแบฎT BแบฎT NAI chiแบฟu tแบกi 3 phรฒng
[08:30:00 31/10/2025] [INFO] ๐ฌ Bแบฏt ฤแบงu tแบกo lแปch chiแบฟu cho phim mแปi:  CAฬI MAฬ
[08:30:00 31/10/2025] [INFO] ๐ 31/10/2025 (T6) โ CAฬI MAฬ chiแบฟu tแบกi 3 phรฒng
[08:30:00 31/10/2025] [INFO] ๐ฅ  ฤIแปN THOแบI ฤEN 2 | 5 | 11:15 โ 13:22 | ๐ฐ 80.000ฤ
[08:30:00 31/10/2025] [INFO] ๐ฅ  BแปT MแบฎT BแบฎT NAI | 2 | 13:30 โ 13:46 | ๐ฐ 80.000ฤ
[08:30:00 31/10/2025] [INFO] ๐ฅ  CAฬI MAฬ | 2 | 09:00 โ 11:05 | ๐ฐ 72.000ฤ
[08:30:00 31/10/2025] [INFO] ๐ฅ  ฤIแปN THOแบI ฤEN 2 | 5 | 09:00 โ 11:07 | ๐ฐ 72.000ฤ
[08:30:01 31/10/2025] [INFO] ๐ฅ  ฤIแปN THOแบI ฤEN 2 | 5 | 15:45 โ 17:52 | ๐ฐ 80.000ฤ
[08:30:01 31/10/2025] [INFO] ๐ฝ๏ธ 5: 3/9 suแบฅt cho ฤIแปN THOแบI ฤEN 2
[08:30:01 31/10/2025] [INFO] ๐ฅ  Hร ฤรM - SINH NHแบฌT Mแบธ (T13) | 2 | 18:00 โ 20:15 | ๐ฐ 96.000ฤ
[08:30:01 31/10/2025] [INFO] ๐ฝ๏ธ 2: 1/9 suแบฅt cho Hร ฤรM - SINH NHแบฌT Mแบธ (T13)
[08:30:01 31/10/2025] [INFO] ๐ 1/11/2025 (T7) โ Hร ฤรM - SINH NHแบฌT Mแบธ (T13) chiแบฟu tแบกi 2 phรฒng
[08:30:01 31/10/2025] [INFO] ๐ฅ  BแปT MแบฎT BแบฎT NAI | 2 | 20:15 โ 20:31 | ๐ฐ 96.000ฤ
[08:30:01 31/10/2025] [INFO] ๐ฅ  CAฬI MAฬ | 2 | 18:00 โ 20:05 | ๐ฐ 96.000ฤ
[08:30:01 31/10/2025] [INFO] ๐ฝ๏ธ 2: 2/9 suแบฅt cho BแปT MแบฎT BแบฎT NAI
[08:30:01 31/10/2025] [INFO] ๐ฝ๏ธ 2: 2/9 suแบฅt cho CAฬI MAฬ
[08:30:01 31/10/2025] [INFO] ๐ฅ  Hร ฤรM - SINH NHแบฌT Mแบธ (T13) | 6 | 08:30 โ 10:45 | ๐ฐ 90.000ฤ
[08:30:01 31/10/2025] [INFO] ๐ฝ๏ธ 6: 1/11 suแบฅt cho Hร ฤรM - SINH NHแบฌT Mแบธ (T13)
[08:30:01 31/10/2025] [INFO] ๐ฅ  ฤIแปN THOแบI ฤEN 2 | 1 | 20:15 โ 22:22 | ๐ฐ 96.000ฤ
[08:30:01 31/10/2025] [INFO] ๐ฝ๏ธ 1: 1/9 suแบฅt cho ฤIแปN THOแบI ฤEN 2
[08:30:01 31/10/2025] [INFO] ๐ 1/11/2025 (T7) โ ฤIแปN THOแบI ฤEN 2 chiแบฟu tแบกi 3 phรฒng
[08:30:01 31/10/2025] [INFO] ๐ 2/11/2025 (CN) โ Hร ฤรM - SINH NHแบฌT Mแบธ (T13) chiแบฟu tแบกi 3 phรฒng
[08:30:02 31/10/2025] [INFO] ๐ฅ  ฤIแปN THOแบI ฤEN 2 | 1 | 10:45 โ 12:52 | ๐ฐ 72.000ฤ
[08:30:02 31/10/2025] [INFO] ๐ 1/11/2025 (T7) โ CAฬI MAฬ chiแบฟu tแบกi 3 phรฒng
[08:30:02 31/10/2025] [INFO] ๐ 1/11/2025 (T7) โ BแปT MแบฎT BแบฎT NAI chiแบฟu tแบกi 3 phรฒng
[08:30:02 31/10/2025] [INFO] ๐ฝ๏ธ 1: 1/11 suแบฅt cho ฤIแปN THOแบI ฤEN 2
[08:30:02 31/10/2025] [INFO] ๐ฅ  ฤIแปN THOแบI ฤEN 2 | 7 | 17:30 โ 19:37 | ๐ฐ 156.000ฤ
[08:30:02 31/10/2025] [INFO] ๐ฝ๏ธ 7: 1/11 suแบฅt cho ฤIแปN THOแบI ฤEN 2
[08:30:02 31/10/2025] [INFO] ๐ฅ  CAฬI MAฬ | 5 | 19:45 โ 21:50 | ๐ฐ 96.000ฤ
[08:30:02 31/10/2025] [INFO] โ Hoรn tแบฅt tแบกo 2 suแบฅt chiแบฟu cho phim: Hร ฤรM - SINH NHแบฌT Mแบธ (T13)
[08:30:02 31/10/2025] [INFO] โ Hoรn tแบฅt tแบกo suแบฅt chiแบฟu cho phim cแบญp nhแบญt: Hร ฤรM - SINH NHแบฌT Mแบธ (T13)
[08:30:02 31/10/2025] [INFO] ๐ 2/11/2025 (CN) โ ฤIแปN THOแบI ฤEN 2 chiแบฟu tแบกi 2 phรฒng
[08:30:02 31/10/2025] [INFO] ๐ฅ  CAฬI MAฬ | 5 | 13:00 โ 15:05 | ๐ฐ 80.000ฤ
[08:30:03 31/10/2025] [INFO] ๐ฅ  BแปT MแบฎT BแบฎT NAI | 3 | 13:00 โ 13:16 | ๐ฐ 80.000ฤ
[08:30:03 31/10/2025] [INFO] ๐ฅ  ฤIแปN THOแบI ฤEN 2 | 3 | 17:45 โ 19:52 | ๐ฐ 96.000ฤ
[08:30:03 31/10/2025] [INFO] ๐ฝ๏ธ 5: 2/11 suแบฅt cho CAฬI MAฬ
[08:30:03 31/10/2025] [INFO] ๐ฅ  BแปT MแบฎT BแบฎT NAI | 3 | 10:45 โ 11:01 | ๐ฐ 72.000ฤ
[08:30:03 31/10/2025] [INFO] ๐ฝ๏ธ 3: 1/10 suแบฅt cho ฤIแปN THOแบI ฤEN 2
[08:30:03 31/10/2025] [INFO] ๐ฅ  BแปT MแบฎT BแบฎT NAI | 3 | 17:30 โ 17:46 | ๐ฐ 96.000ฤ
[08:30:03 31/10/2025] [INFO] ๐ฝ๏ธ 3: 3/11 suแบฅt cho BแปT MแบฎT BแบฎT NAI
[08:30:03 31/10/2025] [INFO] ๐ฅ  ฤIแปN THOแบI ฤEN 2 | 4 | 00:15 โ 02:22 | ๐ฐ 72.000ฤ
[08:30:03 31/10/2025] [INFO] ๐ฝ๏ธ 4: 1/10 suแบฅt cho ฤIแปN THOแบI ฤEN 2
[08:30:03 31/10/2025] [INFO] โ Hoรn tแบฅt tแบกo 8 suแบฅt chiแบฟu cho phim: ฤIแปN THOแบI ฤEN 2
[08:30:03 31/10/2025] [INFO] โ Hoรn tแบฅt tแบกo suแบฅt chiแบฟu cho phim cแบญp nhแบญt: ฤIแปN THOแบI ฤEN 2
[08:30:03 31/10/2025] [INFO] ๐ 2/11/2025 (CN) โ BแปT MแบฎT BแบฎT NAI chiแบฟu tแบกi 3 phรฒng
[08:30:03 31/10/2025] [INFO] ๐ 2/11/2025 (CN) โ CAฬI MAฬ chiแบฟu tแบกi 2 phรฒng
[08:30:04 31/10/2025] [INFO] ๐ฅ  BแปT MแบฎT BแบฎT NAI | 6 | 08:45 โ 09:01 | ๐ฐ 90.000ฤ
[08:30:04 31/10/2025] [INFO] ๐ฝ๏ธ 6: 1/10 suแบฅt cho BแปT MแบฎT BแบฎT NAI
[08:30:04 31/10/2025] [INFO] ๐ฅ  CAฬI MAฬ | 5 | 15:30 โ 17:35 | ๐ฐ 80.000ฤ
[08:30:04 31/10/2025] [INFO] ๐ฅ  BแปT MแบฎT BแบฎT NAI | 1 | 15:30 โ 15:46 | ๐ฐ 80.000ฤ
[08:30:04 31/10/2025] [INFO] ๐ฅ  CAฬI MAฬ | 5 | 20:00 โ 22:05 | ๐ฐ 96.000ฤ
[08:30:05 31/10/2025] [INFO] ๐ฝ๏ธ 1: 1/10 suแบฅt cho BแปT MแบฎT BแบฎT NAI
[08:30:05 31/10/2025] [INFO] ๐ฅ  CAฬI MAฬ | 5 | 22:15 โ 00:20 | ๐ฐ 96.000ฤ
[08:30:05 31/10/2025] [INFO] ๐ฝ๏ธ 5: 3/10 suแบฅt cho CAฬI MAฬ
[08:30:05 31/10/2025] [INFO] โ Hoรn tแบฅt tแบกo 7 suแบฅt chiแบฟu cho phim: CAฬI MAฬ
[08:30:05 31/10/2025] [INFO] โ Hoรn tแบฅt tแบกo suแบฅt chiแบฟu cho phim cแบญp nhแบญt: CAฬI MAฬ
[08:30:05 31/10/2025] [INFO] โ Hoรn tแบฅt tแบกo 7 suแบฅt chiแบฟu cho phim: BแปT MแบฎT BแบฎT NAI
[08:30:05 31/10/2025] [INFO] โ Hoรn tแบฅt tแบกo suแบฅt chiแบฟu cho phim cแบญp nhแบญt: BแปT MแบฎT BแบฎT NAI
