[10:31:07 19/11/2025] [INFO] ๐ฌ Bแบฏt ฤแบงu theo dรตi thay ฤแปi trแบกng thรกi phim...
[10:31:07 19/11/2025] [INFO] ๐ Khแปi ฤแปng CRON tแปฑ ฤแปng tแบกo suแบฅt chiแบฟu...
[10:31:07 19/11/2025] [INFO] ๐ Bแบฏt ฤแบงu tแบกo suแบฅt chiแบฟu cho tuแบงn hiแปn tแบกi...
[10:31:07 19/11/2025] [INFO] ๐งน ฤรฃ xoรก toรn bแป suแบฅt chiแบฟu cลฉ hฦกn 1 tuแบงn.
[10:31:07 19/11/2025] [INFO] ๐ Tuแบงn 17/11/2025 โ 23/11/2025
[10:31:07 19/11/2025] [INFO] โฉ ฤรฃ cรณ suแบฅt chiแบฟu cho tuแบงn hiแปn tแบกi, bแป qua tแบกo mแปi.
[10:31:07 19/11/2025] [INFO] โ Suแบฅt chiแบฟu ban ฤแบงu ฤรฃ ฤฦฐแปฃc tแบกo.
[10:42:22 19/11/2025] [INFO] ๐ฌ Bแบฏt ฤแบงu theo dรตi thay ฤแปi trแบกng thรกi phim...
[10:42:22 19/11/2025] [INFO] ๐ Khแปi ฤแปng CRON tแปฑ ฤแปng tแบกo suแบฅt chiแบฟu...
[10:42:22 19/11/2025] [INFO] ๐ Bแบฏt ฤแบงu tแบกo suแบฅt chiแบฟu cho tuแบงn hiแปn tแบกi...
[10:42:23 19/11/2025] [INFO] ๐งน ฤรฃ xoรก toรn bแป suแบฅt chiแบฟu cลฉ hฦกn 1 tuแบงn.
[10:42:23 19/11/2025] [INFO] ๐ Tuแบงn 17/11/2025 โ 23/11/2025
[10:42:23 19/11/2025] [INFO] โฉ ฤรฃ cรณ suแบฅt chiแบฟu cho tuแบงn hiแปn tแบกi, bแป qua tแบกo mแปi.
[10:42:23 19/11/2025] [INFO] โ Suแบฅt chiแบฟu ban ฤแบงu ฤรฃ ฤฦฐแปฃc tแบกo.
[10:57:17 19/11/2025] [INFO] ๐ฌ Bแบฏt ฤแบงu theo dรตi thay ฤแปi trแบกng thรกi phim...
[10:57:17 19/11/2025] [INFO] ๐ Khแปi ฤแปng CRON tแปฑ ฤแปng tแบกo suแบฅt chiแบฟu...
[10:57:17 19/11/2025] [INFO] ๐ Bแบฏt ฤแบงu tแบกo suแบฅt chiแบฟu cho tuแบงn hiแปn tแบกi...
[10:57:17 19/11/2025] [INFO] ๐งน ฤรฃ xoรก toรn bแป suแบฅt chiแบฟu cลฉ hฦกn 1 tuแบงn.
[10:57:18 19/11/2025] [INFO] ๐ Tuแบงn 17/11/2025 โ 23/11/2025
[10:57:18 19/11/2025] [INFO] โฉ ฤรฃ cรณ suแบฅt chiแบฟu cho tuแบงn hiแปn tแบกi, bแป qua tแบกo mแปi.
[10:57:18 19/11/2025] [INFO] โ Suแบฅt chiแบฟu ban ฤแบงu ฤรฃ ฤฦฐแปฃc tแบกo.
[11:04:30 19/11/2025] [INFO] ๐ฌ Bแบฏt ฤแบงu theo dรตi thay ฤแปi trแบกng thรกi phim...
[11:04:30 19/11/2025] [INFO] ๐ Khแปi ฤแปng CRON tแปฑ ฤแปng tแบกo suแบฅt chiแบฟu...
[11:04:30 19/11/2025] [INFO] ๐ Bแบฏt ฤแบงu tแบกo suแบฅt chiแบฟu cho tuแบงn hiแปn tแบกi...
[11:04:30 19/11/2025] [INFO] ๐งน ฤรฃ xoรก toรn bแป suแบฅt chiแบฟu cลฉ hฦกn 1 tuแบงn.
[11:04:31 19/11/2025] [INFO] ๐ Tuแบงn 17/11/2025 โ 23/11/2025
[11:04:31 19/11/2025] [INFO] โฉ ฤรฃ cรณ suแบฅt chiแบฟu cho tuแบงn hiแปn tแบกi, bแป qua tแบกo mแปi.
[11:04:31 19/11/2025] [INFO] โ Suแบฅt chiแบฟu ban ฤแบงu ฤรฃ ฤฦฐแปฃc tแบกo.
[11:14:13 19/11/2025] [INFO] ๐ฌ Bแบฏt ฤแบงu theo dรตi thay ฤแปi trแบกng thรกi phim...
[11:14:14 19/11/2025] [INFO] ๐ Khแปi ฤแปng CRON tแปฑ ฤแปng tแบกo suแบฅt chiแบฟu...
[11:14:14 19/11/2025] [INFO] ๐ Bแบฏt ฤแบงu tแบกo suแบฅt chiแบฟu cho tuแบงn hiแปn tแบกi...
[11:14:14 19/11/2025] [INFO] ๐งน ฤรฃ xoรก toรn bแป suแบฅt chiแบฟu cลฉ hฦกn 1 tuแบงn.
[11:14:14 19/11/2025] [INFO] ๐ Tuแบงn 17/11/2025 โ 23/11/2025
[11:14:14 19/11/2025] [INFO] โฉ ฤรฃ cรณ suแบฅt chiแบฟu cho tuแบงn hiแปn tแบกi, bแป qua tแบกo mแปi.
[11:14:14 19/11/2025] [INFO] โ Suแบฅt chiแบฟu ban ฤแบงu ฤรฃ ฤฦฐแปฃc tแบกo.
[11:28:27 19/11/2025] [INFO] ๐ฌ Bแบฏt ฤแบงu theo dรตi thay ฤแปi trแบกng thรกi phim...
[11:28:27 19/11/2025] [INFO] ๐ Khแปi ฤแปng CRON tแปฑ ฤแปng tแบกo suแบฅt chiแบฟu...
[11:28:27 19/11/2025] [INFO] ๐ Bแบฏt ฤแบงu tแบกo suแบฅt chiแบฟu cho tuแบงn hiแปn tแบกi...
[11:28:27 19/11/2025] [INFO] ๐งน ฤรฃ xoรก toรn bแป suแบฅt chiแบฟu cลฉ hฦกn 1 tuแบงn.
[11:28:27 19/11/2025] [INFO] ๐ Tuแบงn 17/11/2025 โ 23/11/2025
[11:28:28 19/11/2025] [INFO] โฉ ฤรฃ cรณ suแบฅt chiแบฟu cho tuแบงn hiแปn tแบกi, bแป qua tแบกo mแปi.
[11:28:28 19/11/2025] [INFO] โ Suแบฅt chiแบฟu ban ฤแบงu ฤรฃ ฤฦฐแปฃc tแบกo.
[11:36:01 19/11/2025] [INFO] ๐ฌ Bแบฏt ฤแบงu theo dรตi thay ฤแปi trแบกng thรกi phim...
[11:36:01 19/11/2025] [INFO] ๐ Khแปi ฤแปng CRON tแปฑ ฤแปng tแบกo suแบฅt chiแบฟu...
[11:36:01 19/11/2025] [INFO] ๐ Bแบฏt ฤแบงu tแบกo suแบฅt chiแบฟu cho tuแบงn hiแปn tแบกi...
[11:36:01 19/11/2025] [INFO] ๐งน ฤรฃ xoรก toรn bแป suแบฅt chiแบฟu cลฉ hฦกn 1 tuแบงn.
[11:36:01 19/11/2025] [INFO] ๐ Tuแบงn 17/11/2025 โ 23/11/2025
[11:36:01 19/11/2025] [INFO] โฉ ฤรฃ cรณ suแบฅt chiแบฟu cho tuแบงn hiแปn tแบกi, bแป qua tแบกo mแปi.
[11:36:01 19/11/2025] [INFO] โ Suแบฅt chiแบฟu ban ฤแบงu ฤรฃ ฤฦฐแปฃc tแบกo.
