[00:16:35 4/11/2025] [INFO] โ๏ธ Watcher MongoDB bแป ฤรณng, ฤang tแปฑ bแบญt lแบกi...
[00:16:45 4/11/2025] [INFO] ๐ฌ Bแบฏt ฤแบงu theo dรตi thay ฤแปi trแบกng thรกi phim...
[00:30:00 4/11/2025] [INFO] 
๐ CRON (00:30:00 4/11/2025) โ Bแป sung giแปฏa tuแบงn
[00:30:00 4/11/2025] [INFO] ๐ Bแบฏt ฤแบงu tแบกo suแบฅt chiแบฟu cho tuแบงn hiแปn tแบกi...
[00:30:00 4/11/2025] [INFO] ๐งน ฤรฃ xoรก toรn bแป suแบฅt chiแบฟu cลฉ hฦกn 1 tuแบงn.
[00:30:00 4/11/2025] [INFO] ๐ Tuแบงn 3/11/2025 โ 9/11/2025
[00:30:00 4/11/2025] [INFO] โฉ ฤรฃ cรณ suแบฅt chiแบฟu cho tuแบงn hiแปn tแบกi, bแป qua tแบกo mแปi.
[00:30:00 4/11/2025] [INFO] โ CRON: ฤรฃ bแป sung / ฤแปng bแป lแปch chiแบฟu giแปฏa tuแบงn!
[01:01:14 4/11/2025] [INFO] โ๏ธ Watcher MongoDB bแป ฤรณng, ฤang tแปฑ bแบญt lแบกi...
[01:01:14 4/11/2025] [INFO] โ๏ธ Watcher MongoDB bแป ฤรณng, ฤang tแปฑ bแบญt lแบกi...
[01:01:24 4/11/2025] [INFO] ๐ฌ Bแบฏt ฤแบงu theo dรตi thay ฤแปi trแบกng thรกi phim...
[01:01:24 4/11/2025] [INFO] ๐ฌ Bแบฏt ฤแบงu theo dรตi thay ฤแปi trแบกng thรกi phim...
[16:27:42 4/11/2025] [INFO] ๐ฌ Bแบฏt ฤแบงu theo dรตi thay ฤแปi trแบกng thรกi phim...
[16:27:42 4/11/2025] [INFO] ๐ Khแปi ฤแปng CRON tแปฑ ฤแปng tแบกo suแบฅt chiแบฟu...
[16:27:42 4/11/2025] [INFO] ๐ Bแบฏt ฤแบงu tแบกo suแบฅt chiแบฟu cho tuแบงn hiแปn tแบกi...
[16:27:42 4/11/2025] [INFO] ๐งน ฤรฃ xoรก toรn bแป suแบฅt chiแบฟu cลฉ hฦกn 1 tuแบงn.
[16:27:43 4/11/2025] [INFO] ๐ Tuแบงn 3/11/2025 โ 9/11/2025
[16:27:43 4/11/2025] [INFO] โฉ ฤรฃ cรณ suแบฅt chiแบฟu cho tuแบงn hiแปn tแบกi, bแป qua tแบกo mแปi.
[16:27:43 4/11/2025] [INFO] โ Suแบฅt chiแบฟu ban ฤแบงu ฤรฃ ฤฦฐแปฃc tแบกo.
[16:58:06 4/11/2025] [INFO] โ๏ธ Watcher MongoDB bแป ฤรณng, ฤang tแปฑ bแบญt lแบกi...
[16:58:16 4/11/2025] [ERROR] โ๏ธ MongoDB chฦฐa sแบตn sรng, khรดng thแป bแบญt watcher.
[16:58:36 4/11/2025] [ERROR] Change stream error โ read ECONNRESET
MongoNetworkError: read ECONNRESET
    at Connection.onSocketError (D:\Nฤm4\DoAnTotNghiep\backend-booking-cinema\node_modules\mongoose\node_modules\mongodb\src\cmap\connection.ts:308:18)
    at TLSSocket.emit (node:events:530:35)
    at TLSSocket.emit (node:domain:489:12)
    at emitErrorNT (node:internal/streams/destroy:170:8)
    at emitErrorCloseNT (node:internal/streams/destroy:129:3)
    at processTicksAndRejections (node:internal/process/task_queues:90:21)
[16:58:36 4/11/2025] [WARN] โ๏ธ Watcher gแบทp lแปi โ sแบฝ thแปญ khแปi ฤแปng lแบกi sau 10s.
[16:58:46 4/11/2025] [ERROR] โ๏ธ MongoDB chฦฐa sแบตn sรng, khรดng thแป bแบญt watcher.
[17:01:49 4/11/2025] [INFO] ๐ฌ Bแบฏt ฤแบงu theo dรตi thay ฤแปi trแบกng thรกi phim...
[17:01:49 4/11/2025] [INFO] ๐ Khแปi ฤแปng CRON tแปฑ ฤแปng tแบกo suแบฅt chiแบฟu...
[17:01:49 4/11/2025] [INFO] ๐ Bแบฏt ฤแบงu tแบกo suแบฅt chiแบฟu cho tuแบงn hiแปn tแบกi...
[17:01:50 4/11/2025] [INFO] ๐งน ฤรฃ xoรก toรn bแป suแบฅt chiแบฟu cลฉ hฦกn 1 tuแบงn.
[17:01:50 4/11/2025] [INFO] ๐ Tuแบงn 3/11/2025 โ 9/11/2025
[17:01:50 4/11/2025] [INFO] โฉ ฤรฃ cรณ suแบฅt chiแบฟu cho tuแบงn hiแปn tแบกi, bแป qua tแบกo mแปi.
[17:01:50 4/11/2025] [INFO] โ Suแบฅt chiแบฟu ban ฤแบงu ฤรฃ ฤฦฐแปฃc tแบกo.
