[20:45:10 28/10/2025] [INFO] ­Ъјг Bр║»t ─Љр║Дu theo d├хi thay ─Љр╗Ћi trр║Аng th├Аi phim...
[20:45:11 28/10/2025] [INFO] ­Ъџђ Khр╗Ъi ─Љр╗Ўng CRON tр╗▒ ─Љр╗Ўng tр║Аo suр║Цt chiр║┐u...
[20:45:11 28/10/2025] [INFO] ­ЪЋњ Bр║»t ─Љр║Дu tр║Аo suр║Цt chiр║┐u cho tuр║Дn hiр╗Єn tр║Аi...
[20:45:11 28/10/2025] [INFO] ­ЪД╣ ─љ├Б xo├А to├аn bр╗Ў suр║Цt chiр║┐u c┼Е hкАn 1 tuр║Дn.
[20:45:11 28/10/2025] [INFO] ­ЪЊє Tuр║Дn 27/10/2025 Рєњ 2/11/2025
[20:45:11 28/10/2025] [INFO] 
­ЪЊЁ Ng├аy 27/10/2025 (T2)
[20:45:11 28/10/2025] [INFO] ­Ъјг ­ЪћЦ Vр║гN MAY (T16) | 5 | 18:00 Рєњ 19:53
[20:45:12 28/10/2025] [INFO] ­Ъјг ­ЪћЦ QUр╗Х ─ѓN Tр║аNG PHр║дN 3 | 5 | 22:30 Рєњ 00:29
[20:45:12 28/10/2025] [INFO] ­Ъјг ­ЪћЦ Tр╗ћ QUр╗љC TRONG TIM - THE CONCERT FILM (P) | 5 | 13:30 Рєњ 15:45
[20:45:12 28/10/2025] [INFO] ­Ъјг ­ЪћЦ Vр║гN MAY (T16) | 5 | 09:00 Рєњ 10:53
[20:45:12 28/10/2025] [INFO] ­Ъјг (Lр╗њNG TIр║ЙNG) C├ѓ╠БU BE╠Ђ CA╠Ђ HEO VA╠ђ BI╠Ђ M├ѓ╠БT 7 ─љA╠БI Dк»каNG (P) | 5 | 18:00 Рєњ 19:51
[20:45:12 28/10/2025] [INFO] ­Ъјг Vр║гN MAY (T16) | 5 | 15:45 Рєњ 17:38
[20:45:12 28/10/2025] [INFO] ­ЪЊй№ИЈ 5: 6/6 suр║Цt
[20:45:13 28/10/2025] [INFO] ­Ъјг ­ЪћЦ Tр╗г CHIр║ЙN TR├іN KH├ћNG | 6 | 09:00 Рєњ 11:13
[20:45:13 28/10/2025] [INFO] ­Ъјг ­ЪћЦ NHр╗«NG L├Ђ THк» Cр╗дA YEON (P) | 6 | 13:30 Рєњ 15:20
[20:45:13 28/10/2025] [INFO] ­Ъјг  H├ђNH TR├їNH Rр╗░C Rр╗а TA ─љ├Ѓ Y├іU (T16) | 6 | 20:15 Рєњ 22:20
[20:45:13 28/10/2025] [INFO] ­Ъјг ­ЪћЦ QUр╗Х ─ѓN Tр║аNG PHр║дN 3 | 6 | 15:45 Рєњ 17:44
[20:45:13 28/10/2025] [INFO] ­Ъјг (Lр╗њNG TIр║ЙNG) C├ѓ╠БU BE╠Ђ CA╠Ђ HEO VA╠ђ BI╠Ђ M├ѓ╠БT 7 ─љA╠БI Dк»каNG (P) | 6 | 11:15 Рєњ 13:06
[20:45:13 28/10/2025] [INFO] ­Ъјг PHр╗јNG Vр║цN S├ЂT NH├ѓN (T18) | 6 | 09:00 Рєњ 11:00
[20:45:13 28/10/2025] [INFO] ­ЪЊй№ИЈ 6: 6/6 suр║Цt
[20:45:13 28/10/2025] [INFO] ­Ъјг ­ЪћЦ Tр╗г CHIр║ЙN TR├іN KH├ћNG | 3 | 15:45 Рєњ 17:58
[20:45:14 28/10/2025] [INFO] ­Ъјг ­ЪћЦ Cр╗цC V├ђNG Cр╗дA NGOр║аI | 3 | 09:00 Рєњ 11:14
[20:45:14 28/10/2025] [INFO] ­Ъјг ­ЪћЦ Tр╗г CHIр║ЙN TR├іN KH├ћNG | 3 | 20:15 Рєњ 22:28
[20:45:14 28/10/2025] [INFO] ­Ъјг Tр╗ћ QUр╗љC TRONG TIM - THE CONCERT FILM (P) | 3 | 11:15 Рєњ 13:30
[20:45:14 28/10/2025] [INFO] ­Ъјг N─ѓM Cр╗дA ANH, NG├ђY Cр╗дA EM (T13) | 3 | 09:00 Рєњ 11:07
[20:45:14 28/10/2025] [INFO] ­Ъјг QUр╗Х ─ѓN Tр║аNG PHр║дN 3 | 3 | 22:30 Рєњ 00:29
[20:45:14 28/10/2025] [INFO] ­ЪЊй№ИЈ 3: 6/6 suр║Цt
[20:45:14 28/10/2025] [INFO] ­Ъјг ­ЪћЦ Cр╗цC V├ђNG Cр╗дA NGOр║аI | 1 | 18:00 Рєњ 20:14
[20:45:15 28/10/2025] [INFO] ­Ъјг Vр║гN MAY (T16) | 1 | 09:00 Рєњ 10:53
[20:45:15 28/10/2025] [INFO] ­Ъјг QUр╗Х ─ѓN Tр║аNG PHр║дN 3 | 1 | 22:30 Рєњ 00:29
[20:45:15 28/10/2025] [INFO] ­Ъјг Tр╗г CHIр║ЙN TR├іN KH├ћNG | 1 | 15:45 Рєњ 17:58
[20:45:15 28/10/2025] [INFO] ­Ъјг H├ђNH TR├їNH Rр╗░C Rр╗а TA ─љ├Ѓ Y├іU (T16) | 1 | 13:30 Рєњ 15:35
[20:45:15 28/10/2025] [INFO] ­Ъјг N─ѓM Cр╗дA ANH, NG├ђY Cр╗дA EM (T13) | 1 | 20:15 Рєњ 22:22
[20:45:15 28/10/2025] [INFO] ­ЪЊй№ИЈ 1: 6/6 suр║Цt
[20:45:15 28/10/2025] [INFO] ­Ъјг ­ЪћЦ Cр╗цC V├ђNG Cр╗дA NGOр║аI | 2 | 22:30 Рєњ 00:44
[20:45:15 28/10/2025] [INFO] ­Ъјг ­ЪћЦ TR├њ CHкаI р║бO GI├ЂC - ARES (T13) | 2 | 11:15 Рєњ 13:30
[20:45:15 28/10/2025] [INFO] ­Ъјг NHр╗«NG L├Ђ THк» Cр╗дA YEON (P) | 2 | 09:00 Рєњ 10:50
[20:45:15 28/10/2025] [INFO] ­Ъјг Cр╗цC V├ђNG Cр╗дA NGOр║аI | 2 | 13:30 Рєњ 15:44
[20:45:16 28/10/2025] [INFO] ­Ъјг H├ђNH TR├їNH Rр╗░C Rр╗а TA ─љ├Ѓ Y├іU (T16) | 2 | 18:00 Рєњ 20:05
[20:45:16 28/10/2025] [INFO] ­Ъјг QUр╗Х ─ѓN Tр║аNG PHр║дN 3 | 2 | 20:15 Рєњ 22:14
[20:45:16 28/10/2025] [INFO] ­ЪЊй№ИЈ 2: 6/6 suр║Цt
[20:45:16 28/10/2025] [INFO] ­Ъјг ­ЪћЦ NHр╗«NG L├Ђ THк» Cр╗дA YEON (P) | 7 | 22:30 Рєњ 00:20
[20:45:16 28/10/2025] [INFO] ­Ъјг (Lр╗њNG TIр║ЙNG) C├ѓ╠БU BE╠Ђ CA╠Ђ HEO VA╠ђ BI╠Ђ M├ѓ╠БT 7 ─љA╠БI Dк»каNG (P) | 7 | 22:30 Рєњ 00:21
[20:45:16 28/10/2025] [INFO] ­Ъјг PHр╗јNG Vр║цN S├ЂT NH├ѓN (T18) | 7 | 18:00 Рєњ 20:00
[20:45:16 28/10/2025] [INFO] ­Ъјг Tр╗г CHIр║ЙN TR├іN KH├ћNG | 7 | 20:15 Рєњ 22:28
[20:45:17 28/10/2025] [INFO] ­Ъјг Vр║гN MAY (T16) | 7 | 11:15 Рєњ 13:08
[20:45:17 28/10/2025] [INFO] ­Ъјг TAY ANH GIр╗« Mр╗ўT V├ї SAO (K) | 7 | 09:00 Рєњ 11:10
[20:45:17 28/10/2025] [INFO] ­ЪЊй№ИЈ 7: 6/6 suр║Цt
[20:45:17 28/10/2025] [INFO] ­Ъјг ­ЪћЦ Vр║гN MAY (T16) | 4 | 22:30 Рєњ 00:23
[20:45:17 28/10/2025] [INFO] ­Ъјг Cр╗цC V├ђNG Cр╗дA NGOр║аI | 4 | 18:00 Рєњ 20:14
[20:45:17 28/10/2025] [INFO] ­Ъјг PHр╗јNG Vр║цN S├ЂT NH├ѓN (T18) | 4 | 22:30 Рєњ 00:30
[20:45:17 28/10/2025] [INFO] ­Ъјг N─ѓM Cр╗дA ANH, NG├ђY Cр╗дA EM (T13) | 4 | 09:00 Рєњ 11:07
[20:45:17 28/10/2025] [INFO] ­Ъјг QUр╗Х ─ѓN Tр║аNG PHр║дN 3 | 4 | 20:15 Рєњ 22:14
[20:45:18 28/10/2025] [INFO] ­Ъјг (Lр╗њNG TIр║ЙNG) C├ѓ╠БU BE╠Ђ CA╠Ђ HEO VA╠ђ BI╠Ђ M├ѓ╠БT 7 ─љA╠БI Dк»каNG (P) | 4 | 13:30 Рєњ 15:21
[20:45:18 28/10/2025] [INFO] ­ЪЊй№ИЈ 4: 6/6 suр║Цt
[20:45:18 28/10/2025] [INFO] 
­ЪЊЁ Ng├аy 28/10/2025 (T3)
[20:45:18 28/10/2025] [INFO] ­Ъјг ­ЪћЦ TR├њ CHкаI р║бO GI├ЂC - ARES (T13) | 6 | 18:00 Рєњ 20:15
[20:45:18 28/10/2025] [INFO] ­Ъјг  H├ђNH TR├їNH Rр╗░C Rр╗а TA ─љ├Ѓ Y├іU (T16) | 6 | 11:15 Рєњ 13:20
[20:45:18 28/10/2025] [INFO] ­Ъјг ­ЪћЦ Cр╗цC V├ђNG Cр╗дA NGOр║аI | 6 | 22:30 Рєњ 00:44
[20:45:18 28/10/2025] [INFO] ­Ъјг  PHр╗јNG Vр║цN S├ЂT NH├ѓN (T18) | 6 | 13:30 Рєњ 15:30
[20:45:18 28/10/2025] [INFO] ­Ъјг TR├њ CHкаI р║бO GI├ЂC - ARES (T13) | 6 | 09:00 Рєњ 11:15
[20:45:18 28/10/2025] [INFO] ­Ъјг Vр║гN MAY (T16) | 6 | 13:30 Рєњ 15:23
[20:45:18 28/10/2025] [INFO] ­ЪЊй№ИЈ 6: 6/6 suр║Цt
[20:45:19 28/10/2025] [INFO] ­Ъјг ­ЪћЦ Tр╗г CHIр║ЙN TR├іN KH├ћNG | 4 | 11:15 Рєњ 13:28
[20:45:19 28/10/2025] [INFO] ­Ъјг  TAY ANH GIр╗« Mр╗ўT V├ї SAO (K) | 4 | 22:30 Рєњ 00:40
[20:45:19 28/10/2025] [INFO] ­Ъјг ­ЪћЦ Cр╗цC V├ђNG Cр╗дA NGOр║аI | 4 | 15:45 Рєњ 17:59
[20:45:19 28/10/2025] [INFO] ­Ъјг Vр║гN MAY (T16) | 4 | 13:30 Рєњ 15:23
[20:45:19 28/10/2025] [INFO] ­Ъјг N─ѓM Cр╗дA ANH, NG├ђY Cр╗дA EM (T13) | 4 | 20:15 Рєњ 22:22
[20:45:19 28/10/2025] [INFO] ­Ъјг Tр╗ћ QUр╗љC TRONG TIM - THE CONCERT FILM (P) | 4 | 09:00 Рєњ 11:15
[20:45:19 28/10/2025] [INFO] ­ЪЊй№ИЈ 4: 6/6 suр║Цt
[20:45:19 28/10/2025] [INFO] ­Ъјг  PHр╗јNG Vр║цN S├ЂT NH├ѓN (T18) | 1 | 20:15 Рєњ 22:15
[20:45:20 28/10/2025] [INFO] ­Ъјг ­ЪћЦ QUр╗Х ─ѓN Tр║аNG PHр║дN 3 | 1 | 09:00 Рєњ 10:59
[20:45:20 28/10/2025] [INFO] ­Ъјг ­ЪћЦ Tр╗г CHIр║ЙN TR├іN KH├ћNG | 1 | 22:30 Рєњ 00:43
[20:45:20 28/10/2025] [INFO] ­Ъјг PHр╗јNG Vр║цN S├ЂT NH├ѓN (T18) | 1 | 18:00 Рєњ 20:00
[20:45:20 28/10/2025] [INFO] ­Ъјг H├ђNH TR├їNH Rр╗░C Rр╗а TA ─љ├Ѓ Y├іU (T16) | 1 | 22:30 Рєњ 00:35
[20:45:20 28/10/2025] [INFO] ­Ъјг N─ѓM Cр╗дA ANH, NG├ђY Cр╗дA EM (T13) | 1 | 09:00 Рєњ 11:07
[20:45:20 28/10/2025] [INFO] ­ЪЊй№ИЈ 1: 6/6 suр║Цt
[20:45:20 28/10/2025] [INFO] ­Ъјг ­ЪћЦ QUр╗Х ─ѓN Tр║аNG PHр║дN 3 | 3 | 13:30 Рєњ 15:29
[20:45:20 28/10/2025] [INFO] ­Ъјг ­ЪћЦ Vр║гN MAY (T16) | 3 | 22:30 Рєњ 00:23
[20:45:20 28/10/2025] [INFO] ­Ъјг ­ЪћЦ QUр╗Х ─ѓN Tр║аNG PHр║дN 3 | 3 | 18:00 Рєњ 19:59
[20:45:21 28/10/2025] [INFO] ­Ъјг ­ЪћЦ NHр╗«NG L├Ђ THк» Cр╗дA YEON (P) | 3 | 15:45 Рєњ 17:35
[20:45:21 28/10/2025] [INFO] ­Ъјг N─ѓM Cр╗дA ANH, NG├ђY Cр╗дA EM (T13) | 3 | 22:30 Рєњ 00:37
[20:45:21 28/10/2025] [INFO] ­Ъјг Tр╗ћ QUр╗љC TRONG TIM - THE CONCERT FILM (P) | 3 | 15:45 Рєњ 18:00
[20:45:21 28/10/2025] [INFO] ­ЪЊй№ИЈ 3: 6/6 suр║Цt
[20:45:21 28/10/2025] [INFO] ­Ъјг Tр╗ћ QUр╗љC TRONG TIM - THE CONCERT FILM (P) | 7 | 20:15 Рєњ 22:30
[20:45:21 28/10/2025] [INFO] ­Ъјг QUр╗Х ─ѓN Tр║аNG PHр║дN 3 | 7 | 15:45 Рєњ 17:44
[20:45:21 28/10/2025] [INFO] ­Ъјг Tр╗ћ QUр╗љC TRONG TIM - THE CONCERT FILM (P) | 7 | 22:30 Рєњ 00:45
[20:45:21 28/10/2025] [INFO] ­Ъјг Cр╗цC V├ђNG Cр╗дA NGOр║аI | 7 | 13:30 Рєњ 15:44
[20:45:21 28/10/2025] [INFO] ­Ъјг H├ђNH TR├їNH Rр╗░C Rр╗а TA ─љ├Ѓ Y├іU (T16) | 7 | 11:15 Рєњ 13:20
[20:45:21 28/10/2025] [INFO] ­Ъјг QUр╗Х ─ѓN Tр║аNG PHр║дN 3 | 7 | 09:00 Рєњ 10:59
[20:45:21 28/10/2025] [INFO] ­ЪЊй№ИЈ 7: 6/6 suр║Цt
[20:45:22 28/10/2025] [INFO] ­Ъјг Tр╗ћ QUр╗љC TRONG TIM - THE CONCERT FILM (P) | 2 | 11:15 Рєњ 13:30
[20:45:22 28/10/2025] [INFO] ­Ъјг TAY ANH GIр╗« Mр╗ўT V├ї SAO (K) | 2 | 18:00 Рєњ 20:10
[20:45:22 28/10/2025] [INFO] ­Ъјг Cр╗цC V├ђNG Cр╗дA NGOр║аI | 2 | 20:15 Рєњ 22:29
[20:45:22 28/10/2025] [INFO] ­Ъјг TR├њ CHкаI р║бO GI├ЂC - ARES (T13) | 2 | 15:45 Рєњ 18:00
[20:45:22 28/10/2025] [INFO] ­Ъјг PHр╗јNG Vр║цN S├ЂT NH├ѓN (T18) | 2 | 13:30 Рєњ 15:30
[20:45:22 28/10/2025] [INFO] ­Ъјг NHр╗«NG L├Ђ THк» Cр╗дA YEON (P) | 2 | 09:00 Рєњ 10:50
[20:45:22 28/10/2025] [INFO] ­ЪЊй№ИЈ 2: 6/6 suр║Цt
[20:45:23 28/10/2025] [INFO] ­Ъјг PHр╗јNG Vр║цN S├ЂT NH├ѓN (T18) | 5 | 13:30 Рєњ 15:30
[20:45:23 28/10/2025] [INFO] ­Ъјг (Lр╗њNG TIр║ЙNG) C├ѓ╠БU BE╠Ђ CA╠Ђ HEO VA╠ђ BI╠Ђ M├ѓ╠БT 7 ─љA╠БI Dк»каNG (P) | 5 | 15:45 Рєњ 17:36
[20:45:23 28/10/2025] [INFO] ­Ъјг Vр║гN MAY (T16) | 5 | 22:30 Рєњ 00:23
[20:45:23 28/10/2025] [INFO] ­Ъјг Tр╗ћ QUр╗љC TRONG TIM - THE CONCERT FILM (P) | 5 | 09:00 Рєњ 11:15
[20:45:23 28/10/2025] [INFO] ­Ъјг Cр╗цC V├ђNG Cр╗дA NGOр║аI | 5 | 18:00 Рєњ 20:14
[20:45:23 28/10/2025] [INFO] ­Ъјг Cр╗цC V├ђNG Cр╗дA NGOр║аI | 5 | 20:15 Рєњ 22:29
[20:45:23 28/10/2025] [INFO] ­ЪЊй№ИЈ 5: 6/6 suр║Цt
[20:45:23 28/10/2025] [INFO] 
­ЪЊЁ Ng├аy 29/10/2025 (T4)
[20:45:23 28/10/2025] [INFO] ­Ъјг ­ЪћЦ Tр╗г CHIр║ЙN TR├іN KH├ћNG | 3 | 22:30 Рєњ 00:43
[20:45:23 28/10/2025] [INFO] ­Ъјг  H├ђNH TR├їNH Rр╗░C Rр╗а TA ─љ├Ѓ Y├іU (T16) | 3 | 11:15 Рєњ 13:20
[20:45:23 28/10/2025] [INFO] ­Ъјг ­ЪћЦ QUр╗Х ─ѓN Tр║аNG PHр║дN 3 | 3 | 18:00 Рєњ 19:59
[20:45:24 28/10/2025] [INFO] ­Ъјг ­ЪћЦ TR├њ CHкаI р║бO GI├ЂC - ARES (T13) | 3 | 13:30 Рєњ 15:45
[20:45:24 28/10/2025] [INFO] ­Ъјг Vр║гN MAY (T16) | 3 | 11:15 Рєњ 13:08
[20:45:24 28/10/2025] [INFO] ­Ъјг Tр╗г CHIр║ЙN TR├іN KH├ћNG | 3 | 09:00 Рєњ 11:13
[20:45:24 28/10/2025] [INFO] ­ЪЊй№ИЈ 3: 6/6 suр║Цt
[20:45:24 28/10/2025] [INFO] ­Ъјг  N─ѓM Cр╗дA ANH, NG├ђY Cр╗дA EM (T13) | 1 | 20:15 Рєњ 22:22
[20:45:24 28/10/2025] [INFO] ­Ъјг ­ЪћЦ NHр╗«NG L├Ђ THк» Cр╗дA YEON (P) | 1 | 13:30 Рєњ 15:20
[20:45:24 28/10/2025] [INFO] ­Ъјг ­ЪћЦ NHр╗«NG L├Ђ THк» Cр╗дA YEON (P) | 1 | 15:45 Рєњ 17:35
[20:45:24 28/10/2025] [INFO] ­Ъјг Tр╗г CHIр║ЙN TR├іN KH├ћNG | 1 | 18:00 Рєњ 20:13
[20:45:24 28/10/2025] [INFO] ­Ъјг Tр╗г CHIр║ЙN TR├іN KH├ћNG | 1 | 09:00 Рєњ 11:13
[20:45:24 28/10/2025] [INFO] ­Ъјг N─ѓM Cр╗дA ANH, NG├ђY Cр╗дA EM (T13) | 1 | 15:45 Рєњ 17:52
[20:45:24 28/10/2025] [INFO] ­ЪЊй№ИЈ 1: 6/6 suр║Цt
[20:45:24 28/10/2025] [INFO] ­Ъјг ­ЪћЦ TR├њ CHкаI р║бO GI├ЂC - ARES (T13) | 2 | 18:00 Рєњ 20:15
[20:45:25 28/10/2025] [INFO] ­Ъјг ­ЪћЦ Tр╗ћ QUр╗љC TRONG TIM - THE CONCERT FILM (P) | 2 | 22:30 Рєњ 00:45
[20:45:25 28/10/2025] [INFO] ­Ъјг  TAY ANH GIр╗« Mр╗ўT V├ї SAO (K) | 2 | 15:45 Рєњ 17:55
[20:45:25 28/10/2025] [INFO] ­Ъјг TAY ANH GIр╗« Mр╗ўT V├ї SAO (K) | 2 | 20:15 Рєњ 22:25
[20:45:25 28/10/2025] [INFO] ­Ъјг Tр╗г CHIр║ЙN TR├іN KH├ћNG | 2 | 15:45 Рєњ 17:58
[20:45:25 28/10/2025] [INFO] ­Ъјг TR├њ CHкаI р║бO GI├ЂC - ARES (T13) | 2 | 13:30 Рєњ 15:45
[20:45:25 28/10/2025] [INFO] ­ЪЊй№ИЈ 2: 6/6 suр║Цt
[20:45:25 28/10/2025] [INFO] ­Ъјг ­ЪћЦ Vр║гN MAY (T16) | 7 | 18:00 Рєњ 19:53
[20:45:25 28/10/2025] [INFO] ­Ъјг ­ЪћЦ Cр╗цC V├ђNG Cр╗дA NGOр║аI | 7 | 22:30 Рєњ 00:44
[20:45:26 28/10/2025] [INFO] ­Ъјг ­ЪћЦ QUр╗Х ─ѓN Tр║аNG PHр║дN 3 | 7 | 11:15 Рєњ 13:14
[20:45:26 28/10/2025] [INFO] ­Ъјг PHр╗јNG Vр║цN S├ЂT NH├ѓN (T18) | 7 | 09:00 Рєњ 11:00
[20:45:26 28/10/2025] [INFO] ­Ъјг Tр╗ћ QUр╗љC TRONG TIM - THE CONCERT FILM (P) | 7 | 15:45 Рєњ 18:00
[20:45:26 28/10/2025] [INFO] ­Ъјг Cр╗цC V├ђNG Cр╗дA NGOр║аI | 7 | 13:30 Рєњ 15:44
[20:45:26 28/10/2025] [INFO] ­ЪЊй№ИЈ 7: 6/6 suр║Цt
[20:45:26 28/10/2025] [INFO] ­Ъјг ­ЪћЦ TR├њ CHкаI р║бO GI├ЂC - ARES (T13) | 5 | 22:30 Рєњ 00:45
[20:45:26 28/10/2025] [INFO] ­Ъјг N─ѓM Cр╗дA ANH, NG├ђY Cр╗дA EM (T13) | 5 | 15:45 Рєњ 17:52
[20:45:27 28/10/2025] [INFO] ­Ъјг TR├њ CHкаI р║бO GI├ЂC - ARES (T13) | 5 | 13:30 Рєњ 15:45
[20:45:27 28/10/2025] [INFO] ­Ъјг Tр╗г CHIр║ЙN TR├іN KH├ћNG | 5 | 18:00 Рєњ 20:13
[20:45:27 28/10/2025] [INFO] ­Ъјг (Lр╗њNG TIр║ЙNG) C├ѓ╠БU BE╠Ђ CA╠Ђ HEO VA╠ђ BI╠Ђ M├ѓ╠БT 7 ─љA╠БI Dк»каNG (P) | 5 | 09:00 Рєњ 10:51
[20:45:27 28/10/2025] [INFO] ­Ъјг TAY ANH GIр╗« Mр╗ўT V├ї SAO (K) | 5 | 22:30 Рєњ 00:40
[20:45:27 28/10/2025] [INFO] ­ЪЊй№ИЈ 5: 6/6 suр║Цt
[20:45:27 28/10/2025] [INFO] ­Ъјг ­ЪћЦ Tр╗ћ QUр╗љC TRONG TIM - THE CONCERT FILM (P) | 4 | 09:00 Рєњ 11:15
[20:45:27 28/10/2025] [INFO] ­Ъјг NHр╗«NG L├Ђ THк» Cр╗дA YEON (P) | 4 | 18:00 Рєњ 19:50
[20:45:27 28/10/2025] [INFO] ­Ъјг Vр║гN MAY (T16) | 4 | 22:30 Рєњ 00:23
[20:45:28 28/10/2025] [INFO] ­Ъјг H├ђNH TR├їNH Rр╗░C Rр╗а TA ─љ├Ѓ Y├іU (T16) | 4 | 11:15 Рєњ 13:20
[20:45:28 28/10/2025] [INFO] ­Ъјг Tр╗ћ QUр╗љC TRONG TIM - THE CONCERT FILM (P) | 4 | 15:45 Рєњ 18:00
[20:45:28 28/10/2025] [INFO] ­Ъјг Vр║гN MAY (T16) | 4 | 13:30 Рєњ 15:23
[20:45:28 28/10/2025] [INFO] ­ЪЊй№ИЈ 4: 6/6 suр║Цt
[20:45:28 28/10/2025] [INFO] ­Ъјг ­ЪћЦ NHр╗«NG L├Ђ THк» Cр╗дA YEON (P) | 6 | 22:30 Рєњ 00:20
[20:45:28 28/10/2025] [INFO] ­Ъјг TAY ANH GIр╗« Mр╗ўT V├ї SAO (K) | 6 | 20:15 Рєњ 22:25
[20:45:28 28/10/2025] [INFO] ­Ъјг H├ђNH TR├їNH Rр╗░C Rр╗а TA ─љ├Ѓ Y├іU (T16) | 6 | 18:00 Рєњ 20:05
[20:45:28 28/10/2025] [INFO] ­Ъјг Vр║гN MAY (T16) | 6 | 09:00 Рєњ 10:53
[20:45:28 28/10/2025] [INFO] ­Ъјг N─ѓM Cр╗дA ANH, NG├ђY Cр╗дA EM (T13) | 6 | 13:30 Рєњ 15:37
[20:45:28 28/10/2025] [INFO] ­Ъјг TAY ANH GIр╗« Mр╗ўT V├ї SAO (K) | 6 | 11:15 Рєњ 13:25
[20:45:28 28/10/2025] [INFO] ­ЪЊй№ИЈ 6: 6/6 suр║Цt
[20:45:28 28/10/2025] [INFO] 
­ЪЊЁ Ng├аy 30/10/2025 (T5)
[20:45:28 28/10/2025] [INFO] ­Ъјг ­ЪћЦ TR├њ CHкаI р║бO GI├ЂC - ARES (T13) | 2 | 20:15 Рєњ 22:30
[20:45:29 28/10/2025] [INFO] ­Ъјг  N─ѓM Cр╗дA ANH, NG├ђY Cр╗дA EM (T13) | 2 | 18:00 Рєњ 20:07
[20:45:29 28/10/2025] [INFO] ­Ъјг ­ЪћЦ Vр║гN MAY (T16) | 2 | 11:15 Рєњ 13:08
[20:45:29 28/10/2025] [INFO] ­Ъјг  N─ѓM Cр╗дA ANH, NG├ђY Cр╗дA EM (T13) | 2 | 13:30 Рєњ 15:37
[20:45:29 28/10/2025] [INFO] ­Ъјг NHр╗«NG L├Ђ THк» Cр╗дA YEON (P) | 2 | 18:00 Рєњ 19:50
[20:45:29 28/10/2025] [INFO] ­Ъјг TR├њ CHкаI р║бO GI├ЂC - ARES (T13) | 2 | 09:00 Рєњ 11:15
[20:45:29 28/10/2025] [INFO] ­ЪЊй№ИЈ 2: 6/6 suр║Цt
[20:45:29 28/10/2025] [INFO] ­Ъјг ­ЪћЦ Cр╗цC V├ђNG Cр╗дA NGOр║аI | 4 | 13:30 Рєњ 15:44
[20:45:29 28/10/2025] [INFO] ­Ъјг ­ЪћЦ Cр╗цC V├ђNG Cр╗дA NGOр║аI | 4 | 18:00 Рєњ 20:14
[20:45:29 28/10/2025] [INFO] ­Ъјг  H├ђNH TR├їNH Rр╗░C Rр╗а TA ─љ├Ѓ Y├іU (T16) | 4 | 22:30 Рєњ 00:35
[20:45:30 28/10/2025] [INFO] ­Ъјг NHр╗«NG L├Ђ THк» Cр╗дA YEON (P) | 4 | 20:15 Рєњ 22:05
[20:45:30 28/10/2025] [INFO] ­Ъјг Vр║гN MAY (T16) | 4 | 22:30 Рєњ 00:23
[20:45:30 28/10/2025] [INFO] ­Ъјг H├ђNH TR├їNH Rр╗░C Rр╗а TA ─љ├Ѓ Y├іU (T16) | 4 | 18:00 Рєњ 20:05
[20:45:30 28/10/2025] [INFO] ­ЪЊй№ИЈ 4: 6/6 suр║Цt
[20:45:30 28/10/2025] [INFO] ­Ъјг ­ЪћЦ Tр╗ћ QUр╗љC TRONG TIM - THE CONCERT FILM (P) | 5 | 15:45 Рєњ 18:00
[20:45:30 28/10/2025] [INFO] ­Ъјг  (Lр╗њNG TIр║ЙNG) C├ѓ╠БU BE╠Ђ CA╠Ђ HEO VA╠ђ BI╠Ђ M├ѓ╠БT 7 ─љA╠БI Dк»каNG (P) | 5 | 22:30 Рєњ 00:21
[20:45:30 28/10/2025] [INFO] ­Ъјг Vр║гN MAY (T16) | 5 | 13:30 Рєњ 15:23
[20:45:30 28/10/2025] [INFO] ­Ъјг PHр╗јNG Vр║цN S├ЂT NH├ѓN (T18) | 5 | 11:15 Рєњ 13:15
[20:45:30 28/10/2025] [INFO] ­Ъјг Tр╗г CHIр║ЙN TR├іN KH├ћNG | 5 | 15:45 Рєњ 17:58
[20:45:31 28/10/2025] [INFO] ­Ъјг TR├њ CHкаI р║бO GI├ЂC - ARES (T13) | 5 | 09:00 Рєњ 11:15
[20:45:31 28/10/2025] [INFO] ­ЪЊй№ИЈ 5: 6/6 suр║Цt
[20:45:31 28/10/2025] [INFO] ­Ъјг ­ЪћЦ Cр╗цC V├ђNG Cр╗дA NGOр║аI | 6 | 22:30 Рєњ 00:44
[20:45:31 28/10/2025] [INFO] ­Ъјг ­ЪћЦ NHр╗«NG L├Ђ THк» Cр╗дA YEON (P) | 6 | 11:15 Рєњ 13:05
[20:45:31 28/10/2025] [INFO] ­Ъјг NHр╗«NG L├Ђ THк» Cр╗дA YEON (P) | 6 | 11:15 Рєњ 13:05
[20:45:31 28/10/2025] [INFO] ­Ъјг N─ѓM Cр╗дA ANH, NG├ђY Cр╗дA EM (T13) | 6 | 20:15 Рєњ 22:22
[20:45:31 28/10/2025] [INFO] ­Ъјг Cр╗цC V├ђNG Cр╗дA NGOр║аI | 6 | 15:45 Рєњ 17:59
[20:45:31 28/10/2025] [INFO] ­Ъјг Tр╗г CHIр║ЙN TR├іN KH├ћNG | 6 | 13:30 Рєњ 15:43
[20:45:31 28/10/2025] [INFO] ­ЪЊй№ИЈ 6: 6/6 suр║Цt
[20:45:32 28/10/2025] [INFO] ­Ъјг TAY ANH GIр╗« Mр╗ўT V├ї SAO (K) | 1 | 11:15 Рєњ 13:25
[20:45:32 28/10/2025] [INFO] ­Ъјг QUр╗Х ─ѓN Tр║аNG PHр║дN 3 | 1 | 13:30 Рєњ 15:29
[20:45:32 28/10/2025] [INFO] ­Ъјг Tр╗ћ QUр╗љC TRONG TIM - THE CONCERT FILM (P) | 1 | 20:15 Рєњ 22:30
[20:45:32 28/10/2025] [INFO] ­Ъјг TAY ANH GIр╗« Mр╗ўT V├ї SAO (K) | 1 | 18:00 Рєњ 20:10
[20:45:32 28/10/2025] [INFO] ­Ъјг Tр╗г CHIр║ЙN TR├іN KH├ћNG | 1 | 09:00 Рєњ 11:13
[20:45:32 28/10/2025] [INFO] ­Ъјг TR├њ CHкаI р║бO GI├ЂC - ARES (T13) | 1 | 22:30 Рєњ 00:45
[20:45:32 28/10/2025] [INFO] ­ЪЊй№ИЈ 1: 6/6 suр║Цt
[20:45:33 28/10/2025] [INFO] ­Ъјг Tр╗ћ QUр╗љC TRONG TIM - THE CONCERT FILM (P) | 3 | 18:00 Рєњ 20:15
[20:45:33 28/10/2025] [INFO] ­Ъјг Vр║гN MAY (T16) | 3 | 15:45 Рєњ 17:38
[20:45:33 28/10/2025] [INFO] ­Ъјг TAY ANH GIр╗« Mр╗ўT V├ї SAO (K) | 3 | 09:00 Рєњ 11:10
[20:45:33 28/10/2025] [INFO] ­Ъјг Vр║гN MAY (T16) | 3 | 22:30 Рєњ 00:23
[20:45:33 28/10/2025] [INFO] ­Ъјг N─ѓM Cр╗дA ANH, NG├ђY Cр╗дA EM (T13) | 3 | 11:15 Рєњ 13:22
[20:45:33 28/10/2025] [INFO] ­Ъјг TR├њ CHкаI р║бO GI├ЂC - ARES (T13) | 3 | 20:15 Рєњ 22:30
[20:45:33 28/10/2025] [INFO] ­ЪЊй№ИЈ 3: 6/6 suр║Цt
[20:45:33 28/10/2025] [INFO] ­Ъјг  H├ђNH TR├їNH Rр╗░C Rр╗а TA ─љ├Ѓ Y├іU (T16) | 7 | 11:15 Рєњ 13:20
[20:45:33 28/10/2025] [INFO] ­Ъјг Tр╗г CHIр║ЙN TR├іN KH├ћNG | 7 | 20:15 Рєњ 22:28
[20:45:34 28/10/2025] [INFO] ­Ъјг H├ђNH TR├їNH Rр╗░C Rр╗а TA ─љ├Ѓ Y├іU (T16) | 7 | 11:15 Рєњ 13:20
[20:45:34 28/10/2025] [INFO] ­Ъјг TAY ANH GIр╗« Mр╗ўT V├ї SAO (K) | 7 | 15:45 Рєњ 17:55
[20:45:34 28/10/2025] [INFO] ­Ъјг H├ђNH TR├їNH Rр╗░C Rр╗а TA ─љ├Ѓ Y├іU (T16) | 7 | 18:00 Рєњ 20:05
[20:45:34 28/10/2025] [INFO] ­Ъјг H├ђNH TR├їNH Rр╗░C Rр╗а TA ─љ├Ѓ Y├іU (T16) | 7 | 09:00 Рєњ 11:05
[20:45:34 28/10/2025] [INFO] ­ЪЊй№ИЈ 7: 6/6 suр║Цt
[20:45:34 28/10/2025] [INFO] 
­ЪЊЁ Ng├аy 31/10/2025 (T6)
[20:45:34 28/10/2025] [INFO] ­Ъјг ­ЪћЦ Vр║гN MAY (T16) | 6 | 22:30 Рєњ 00:23
[20:45:34 28/10/2025] [INFO] ­Ъјг  (Lр╗њNG TIр║ЙNG) C├ѓ╠БU BE╠Ђ CA╠Ђ HEO VA╠ђ BI╠Ђ M├ѓ╠БT 7 ─љA╠БI Dк»каNG (P) | 6 | 15:45 Рєњ 17:36
[20:45:34 28/10/2025] [INFO] ­Ъјг  (Lр╗њNG TIр║ЙNG) C├ѓ╠БU BE╠Ђ CA╠Ђ HEO VA╠ђ BI╠Ђ M├ѓ╠БT 7 ─љA╠БI Dк»каNG (P) | 6 | 13:30 Рєњ 15:21
[20:45:34 28/10/2025] [INFO] ­Ъјг TAY ANH GIр╗« Mр╗ўT V├ї SAO (K) | 6 | 22:30 Рєњ 00:40
[20:45:34 28/10/2025] [INFO] ­Ъјг TAY ANH GIр╗« Mр╗ўT V├ї SAO (K) | 6 | 00:00 Рєњ 02:10
[20:45:34 28/10/2025] [INFO] ­Ъјг PHр╗јNG Vр║цN S├ЂT NH├ѓN (T18) | 6 | 09:00 Рєњ 11:00
[20:45:34 28/10/2025] [INFO] ­ЪЊй№ИЈ 6: 6/6 suр║Цt
[20:45:34 28/10/2025] [INFO] ­Ъјг ­ЪћЦ NHр╗«NG L├Ђ THк» Cр╗дA YEON (P) | 1 | 22:30 Рєњ 00:20
[20:45:35 28/10/2025] [INFO] ­Ъјг ­ЪћЦ QUр╗Х ─ѓN Tр║аNG PHр║дN 3 | 1 | 18:00 Рєњ 19:59
[20:45:35 28/10/2025] [INFO] ­Ъјг  H├ђNH TR├їNH Rр╗░C Rр╗а TA ─љ├Ѓ Y├іU (T16) | 1 | 09:00 Рєњ 11:05
[20:45:35 28/10/2025] [INFO] ­Ъјг QUр╗Х ─ѓN Tр║аNG PHр║дN 3 | 1 | 22:30 Рєњ 00:29
[20:45:35 28/10/2025] [INFO] ­Ъјг QUр╗Х ─ѓN Tр║аNG PHр║дN 3 | 1 | 13:30 Рєњ 15:29
[20:45:35 28/10/2025] [INFO] ­Ъјг QUр╗Х ─ѓN Tр║аNG PHр║дN 3 | 1 | 00:00 Рєњ 01:59
[20:45:35 28/10/2025] [INFO] ­ЪЊй№ИЈ 1: 6/6 suр║Цt
[20:45:35 28/10/2025] [INFO] ­Ъјг  TAY ANH GIр╗« Mр╗ўT V├ї SAO (K) | 2 | 11:15 Рєњ 13:25
[20:45:35 28/10/2025] [INFO] ­Ъјг  PHр╗јNG Vр║цN S├ЂT NH├ѓN (T18) | 2 | 22:30 Рєњ 00:30
[20:45:35 28/10/2025] [INFO] ­Ъјг N─ѓM Cр╗дA ANH, NG├ђY Cр╗дA EM (T13) | 2 | 15:45 Рєњ 17:52
[20:45:36 28/10/2025] [INFO] ­Ъјг TR├њ CHкаI р║бO GI├ЂC - ARES (T13) | 2 | 00:00 Рєњ 02:15
[20:45:36 28/10/2025] [INFO] ­Ъјг N─ѓM Cр╗дA ANH, NG├ђY Cр╗дA EM (T13) | 2 | 22:30 Рєњ 00:37
[20:45:36 28/10/2025] [INFO] ­Ъјг H├ђNH TR├їNH Rр╗░C Rр╗а TA ─љ├Ѓ Y├іU (T16) | 2 | 11:15 Рєњ 13:20
[20:45:36 28/10/2025] [INFO] ­ЪЊй№ИЈ 2: 6/6 suр║Цt
[20:45:36 28/10/2025] [INFO] ­Ъјг ­ЪћЦ TR├њ CHкаI р║бO GI├ЂC - ARES (T13) | 5 | 18:00 Рєњ 20:15
[20:45:36 28/10/2025] [INFO] ­Ъјг ­ЪћЦ Tр╗ћ QUр╗љC TRONG TIM - THE CONCERT FILM (P) | 5 | 22:30 Рєњ 00:45
[20:45:36 28/10/2025] [INFO] ­Ъјг ­ЪћЦ NHр╗«NG L├Ђ THк» Cр╗дA YEON (P) | 5 | 13:30 Рєњ 15:20
[20:45:36 28/10/2025] [INFO] ­Ъјг QUр╗Х ─ѓN Tр║аNG PHр║дN 3 | 5 | 22:30 Рєњ 00:29
[20:45:36 28/10/2025] [INFO] ­Ъјг Tр╗г CHIр║ЙN TR├іN KH├ћNG | 5 | 20:15 Рєњ 22:28
[20:45:36 28/10/2025] [INFO] ­Ъјг Tр╗г CHIр║ЙN TR├іN KH├ћNG | 5 | 00:00 Рєњ 02:13
[20:45:36 28/10/2025] [INFO] ­ЪЊй№ИЈ 5: 6/6 suр║Цt
[20:45:37 28/10/2025] [INFO] ­Ъјг ­ЪћЦ Cр╗цC V├ђNG Cр╗дA NGOр║аI | 7 | 09:00 Рєњ 11:14
[20:45:37 28/10/2025] [INFO] ­Ъјг ­ЪћЦ Cр╗цC V├ђNG Cр╗дA NGOр║аI | 7 | 20:15 Рєњ 22:29
[20:45:37 28/10/2025] [INFO] ­Ъјг ­ЪћЦ Vр║гN MAY (T16) | 7 | 00:00 Рєњ 01:53
[20:45:37 28/10/2025] [INFO] ­Ъјг (Lр╗њNG TIр║ЙNG) C├ѓ╠БU BE╠Ђ CA╠Ђ HEO VA╠ђ BI╠Ђ M├ѓ╠БT 7 ─љA╠БI Dк»каNG (P) | 7 | 11:15 Рєњ 13:06
[20:45:37 28/10/2025] [INFO] ­Ъјг (Lр╗њNG TIр║ЙNG) C├ѓ╠БU BE╠Ђ CA╠Ђ HEO VA╠ђ BI╠Ђ M├ѓ╠БT 7 ─љA╠БI Dк»каNG (P) | 7 | 15:45 Рєњ 17:36
[20:45:37 28/10/2025] [INFO] ­Ъјг NHр╗«NG L├Ђ THк» Cр╗дA YEON (P) | 7 | 20:15 Рєњ 22:05
[20:45:37 28/10/2025] [INFO] ­ЪЊй№ИЈ 7: 6/6 suр║Цt
[20:45:38 28/10/2025] [INFO] ­Ъјг ­ЪћЦ Tр╗ћ QUр╗љC TRONG TIM - THE CONCERT FILM (P) | 4 | 00:00 Рєњ 02:15
[20:45:38 28/10/2025] [INFO] ­Ъјг TAY ANH GIр╗« Mр╗ўT V├ї SAO (K) | 4 | 09:00 Рєњ 11:10
[20:45:38 28/10/2025] [INFO] ­Ъјг NHр╗«NG L├Ђ THк» Cр╗дA YEON (P) | 4 | 13:30 Рєњ 15:20
[20:45:38 28/10/2025] [INFO] ­Ъјг (Lр╗њNG TIр║ЙNG) C├ѓ╠БU BE╠Ђ CA╠Ђ HEO VA╠ђ BI╠Ђ M├ѓ╠БT 7 ─љA╠БI Dк»каNG (P) | 4 | 11:15 Рєњ 13:06
[20:45:38 28/10/2025] [INFO] ­Ъјг H├ђNH TR├їNH Rр╗░C Rр╗а TA ─љ├Ѓ Y├іU (T16) | 4 | 15:45 Рєњ 17:50
[20:45:39 28/10/2025] [INFO] ­Ъјг PHр╗јNG Vр║цN S├ЂT NH├ѓN (T18) | 4 | 00:00 Рєњ 02:00
[20:45:39 28/10/2025] [INFO] ­ЪЊй№ИЈ 4: 6/6 suр║Цt
[20:45:39 28/10/2025] [INFO] ­Ъјг Tр╗ћ QUр╗љC TRONG TIM - THE CONCERT FILM (P) | 3 | 11:15 Рєњ 13:30
[20:45:39 28/10/2025] [INFO] ­Ъјг TAY ANH GIр╗« Mр╗ўT V├ї SAO (K) | 3 | 22:30 Рєњ 00:40
[20:45:39 28/10/2025] [INFO] ­Ъјг (Lр╗њNG TIр║ЙNG) C├ѓ╠БU BE╠Ђ CA╠Ђ HEO VA╠ђ BI╠Ђ M├ѓ╠БT 7 ─љA╠БI Dк»каNG (P) | 3 | 13:30 Рєњ 15:21
[20:45:39 28/10/2025] [INFO] ­Ъјг Tр╗ћ QUр╗љC TRONG TIM - THE CONCERT FILM (P) | 3 | 20:15 Рєњ 22:30
[20:45:40 28/10/2025] [INFO] ­Ъјг TAY ANH GIр╗« Mр╗ўT V├ї SAO (K) | 3 | 18:00 Рєњ 20:10
[20:45:40 28/10/2025] [INFO] ­Ъјг QUр╗Х ─ѓN Tр║аNG PHр║дN 3 | 3 | 15:45 Рєњ 17:44
[20:45:40 28/10/2025] [INFO] ­ЪЊй№ИЈ 3: 6/6 suр║Цt
[20:45:40 28/10/2025] [INFO] 
­ЪЊЁ Ng├аy 1/11/2025 (T7)
[20:45:40 28/10/2025] [INFO] ­Ъјг ­ЪћЦ Vр║гN MAY (T16) | 5 | 08:30 Рєњ 10:23
[20:45:40 28/10/2025] [INFO] ­Ъјг ­ЪћЦ QUр╗Х ─ѓN Tр║аNG PHр║дN 3 | 5 | 22:00 Рєњ 23:59
[20:45:40 28/10/2025] [INFO] ­Ъјг ­ЪћЦ Cр╗цC V├ђNG Cр╗дA NGOр║аI | 5 | 15:15 Рєњ 17:29
[20:45:40 28/10/2025] [INFO] ­Ъјг  (Lр╗њNG TIр║ЙNG) C├ѓ╠БU BE╠Ђ CA╠Ђ HEO VA╠ђ BI╠Ђ M├ѓ╠БT 7 ─љA╠БI Dк»каNG (P) | 5 | 00:10 Рєњ 02:01
[20:45:40 28/10/2025] [INFO] ­Ъјг (Lр╗њNG TIр║ЙNG) C├ѓ╠БU BE╠Ђ CA╠Ђ HEO VA╠ђ BI╠Ђ M├ѓ╠БT 7 ─љA╠БI Dк»каNG (P) | 5 | 10:45 Рєњ 12:36
[20:45:40 28/10/2025] [INFO] ­Ъјг Cр╗цC V├ђNG Cр╗дA NGOр║аI | 5 | 00:10 Рєњ 02:24
[20:45:40 28/10/2025] [INFO] ­Ъјг (Lр╗њNG TIр║ЙNG) C├ѓ╠БU BE╠Ђ CA╠Ђ HEO VA╠ђ BI╠Ђ M├ѓ╠БT 7 ─љA╠БI Dк»каNG (P) | 5 | 08:30 Рєњ 10:21
[20:45:40 28/10/2025] [INFO] ­ЪЊй№ИЈ 5: 7/7 suр║Цt
[20:45:41 28/10/2025] [INFO] ­Ъјг ­ЪћЦ Vр║гN MAY (T16) | 3 | 22:00 Рєњ 23:53
[20:45:41 28/10/2025] [INFO] ­Ъјг ­ЪћЦ Vр║гN MAY (T16) | 3 | 19:45 Рєњ 21:38
[20:45:41 28/10/2025] [INFO] ­Ъјг ­ЪћЦ NHр╗«NG L├Ђ THк» Cр╗дA YEON (P) | 3 | 08:30 Рєњ 10:20
[20:45:41 28/10/2025] [INFO] ­Ъјг  TAY ANH GIр╗« Mр╗ўT V├ї SAO (K) | 3 | 15:15 Рєњ 17:25
[20:45:41 28/10/2025] [INFO] ­Ъјг ­ЪћЦ QUр╗Х ─ѓN Tр║аNG PHр║дN 3 | 3 | 00:10 Рєњ 02:09
[20:45:41 28/10/2025] [INFO] ­Ъјг Tр╗г CHIр║ЙN TR├іN KH├ћNG | 3 | 19:45 Рєњ 21:58
[20:45:41 28/10/2025] [INFO] ­Ъјг QUр╗Х ─ѓN Tр║аNG PHр║дN 3 | 3 | 00:10 Рєњ 02:09
[20:45:41 28/10/2025] [INFO] ­ЪЊй№ИЈ 3: 7/7 suр║Цt
[20:45:42 28/10/2025] [INFO] ­Ъјг ­ЪћЦ NHр╗«NG L├Ђ THк» Cр╗дA YEON (P) | 7 | 13:00 Рєњ 14:50
[20:45:42 28/10/2025] [INFO] ­Ъјг  H├ђNH TR├їNH Rр╗░C Rр╗а TA ─љ├Ѓ Y├іU (T16) | 7 | 00:10 Рєњ 02:15
[20:45:42 28/10/2025] [INFO] ­Ъјг ­ЪћЦ Tр╗ћ QUр╗љC TRONG TIM - THE CONCERT FILM (P) | 7 | 08:30 Рєњ 10:45
[20:45:42 28/10/2025] [INFO] ­Ъјг ­ЪћЦ NHр╗«NG L├Ђ THк» Cр╗дA YEON (P) | 7 | 15:15 Рєњ 17:05
[20:45:42 28/10/2025] [INFO] ­Ъјг  N─ѓM Cр╗дA ANH, NG├ђY Cр╗дA EM (T13) | 7 | 22:00 Рєњ 00:07
[20:45:42 28/10/2025] [INFO] ­Ъјг Tр╗г CHIр║ЙN TR├іN KH├ћNG | 7 | 19:45 Рєњ 21:58
[20:45:42 28/10/2025] [INFO] ­Ъјг Tр╗ћ QUр╗љC TRONG TIM - THE CONCERT FILM (P) | 7 | 22:00 Рєњ 00:15
[20:45:42 28/10/2025] [INFO] ­ЪЊй№ИЈ 7: 7/7 suр║Цt
[20:45:42 28/10/2025] [INFO] ­Ъјг ­ЪћЦ TR├њ CHкаI р║бO GI├ЂC - ARES (T13) | 1 | 17:30 Рєњ 19:45
[20:45:43 28/10/2025] [INFO] ­Ъјг  H├ђNH TR├їNH Rр╗░C Rр╗а TA ─љ├Ѓ Y├іU (T16) | 1 | 15:15 Рєњ 17:20
[20:45:43 28/10/2025] [INFO] ­Ъјг  H├ђNH TR├їNH Rр╗░C Rр╗а TA ─љ├Ѓ Y├іU (T16) | 1 | 08:30 Рєњ 10:35
[20:45:43 28/10/2025] [INFO] ­Ъјг H├ђNH TR├їNH Rр╗░C Rр╗а TA ─љ├Ѓ Y├іU (T16) | 1 | 22:00 Рєњ 00:05
[20:45:43 28/10/2025] [INFO] ­Ъјг PHр╗јNG Vр║цN S├ЂT NH├ѓN (T18) | 1 | 00:10 Рєњ 02:10
[20:45:43 28/10/2025] [INFO] ­Ъјг PHр╗јNG Vр║цN S├ЂT NH├ѓN (T18) | 1 | 13:00 Рєњ 15:00
[20:45:43 28/10/2025] [INFO] ­Ъјг Tр╗г CHIр║ЙN TR├іN KH├ћNG | 1 | 17:30 Рєњ 19:43
[20:45:43 28/10/2025] [INFO] ­ЪЊй№ИЈ 1: 7/7 suр║Цt
[20:45:43 28/10/2025] [INFO] ­Ъјг ­ЪћЦ QUр╗Х ─ѓN Tр║аNG PHр║дN 3 | 2 | 13:00 Рєњ 14:59
[20:45:44 28/10/2025] [INFO] ­Ъјг ­ЪћЦ TR├њ CHкаI р║бO GI├ЂC - ARES (T13) | 2 | 08:30 Рєњ 10:45
[20:45:44 28/10/2025] [INFO] ­Ъјг (Lр╗њNG TIр║ЙNG) C├ѓ╠БU BE╠Ђ CA╠Ђ HEO VA╠ђ BI╠Ђ M├ѓ╠БT 7 ─љA╠БI Dк»каNG (P) | 2 | 15:15 Рєњ 17:06
[20:45:44 28/10/2025] [INFO] ­Ъјг Tр╗ћ QUр╗љC TRONG TIM - THE CONCERT FILM (P) | 2 | 17:30 Рєњ 19:45
[20:45:44 28/10/2025] [INFO] ­Ъјг N─ѓM Cр╗дA ANH, NG├ђY Cр╗дA EM (T13) | 2 | 00:10 Рєњ 02:17
[20:45:44 28/10/2025] [INFO] ­Ъјг Tр╗ћ QUр╗љC TRONG TIM - THE CONCERT FILM (P) | 2 | 10:45 Рєњ 13:00
[20:45:44 28/10/2025] [INFO] ­Ъјг H├ђNH TR├їNH Rр╗░C Rр╗а TA ─љ├Ѓ Y├іU (T16) | 2 | 22:00 Рєњ 00:05
[20:45:44 28/10/2025] [INFO] ­ЪЊй№ИЈ 2: 7/7 suр║Цt
[20:45:44 28/10/2025] [INFO] ­Ъјг ­ЪћЦ Tр╗г CHIр║ЙN TR├іN KH├ћNG | 4 | 10:45 Рєњ 12:58
[20:45:45 28/10/2025] [INFO] ­Ъјг QUр╗Х ─ѓN Tр║аNG PHр║дN 3 | 4 | 13:00 Рєњ 14:59
[20:45:45 28/10/2025] [INFO] ­Ъјг TAY ANH GIр╗« Mр╗ўT V├ї SAO (K) | 4 | 10:45 Рєњ 12:55
[20:45:45 28/10/2025] [INFO] ­Ъјг PHр╗јNG Vр║цN S├ЂT NH├ѓN (T18) | 4 | 19:45 Рєњ 21:45
[20:45:45 28/10/2025] [INFO] ­Ъјг (Lр╗њNG TIр║ЙNG) C├ѓ╠БU BE╠Ђ CA╠Ђ HEO VA╠ђ BI╠Ђ M├ѓ╠БT 7 ─љA╠БI Dк»каNG (P) | 4 | 17:30 Рєњ 19:21
[20:45:45 28/10/2025] [INFO] ­Ъјг TAY ANH GIр╗« Mр╗ўT V├ї SAO (K) | 4 | 15:15 Рєњ 17:25
[20:45:45 28/10/2025] [INFO] ­Ъјг QUр╗Х ─ѓN Tр║аNG PHр║дN 3 | 4 | 22:00 Рєњ 23:59
[20:45:45 28/10/2025] [INFO] ­ЪЊй№ИЈ 4: 7/7 suр║Цt
[20:45:45 28/10/2025] [INFO] ­Ъјг ­ЪћЦ Tр╗г CHIр║ЙN TR├іN KH├ћNG | 6 | 00:10 Рєњ 02:23
[20:45:46 28/10/2025] [INFO] ­Ъјг ­ЪћЦ TR├њ CHкаI р║бO GI├ЂC - ARES (T13) | 6 | 22:00 Рєњ 00:15
[20:45:46 28/10/2025] [INFO] ­Ъјг Vр║гN MAY (T16) | 6 | 13:00 Рєњ 14:53
[20:45:46 28/10/2025] [INFO] ­Ъјг N─ѓM Cр╗дA ANH, NG├ђY Cр╗дA EM (T13) | 6 | 19:45 Рєњ 21:52
[20:45:46 28/10/2025] [INFO] ­Ъјг QUр╗Х ─ѓN Tр║аNG PHр║дN 3 | 6 | 00:10 Рєњ 02:09
[20:45:46 28/10/2025] [INFO] ­Ъјг Tр╗г CHIр║ЙN TR├іN KH├ћNG | 6 | 15:15 Рєњ 17:28
[20:45:46 28/10/2025] [INFO] ­Ъјг NHр╗«NG L├Ђ THк» Cр╗дA YEON (P) | 6 | 22:00 Рєњ 23:50
[20:45:46 28/10/2025] [INFO] ­ЪЊй№ИЈ 6: 7/7 suр║Цt
[20:45:46 28/10/2025] [INFO] 
­ЪЊЁ Ng├аy 2/11/2025 (CN)
[20:45:46 28/10/2025] [INFO] ­Ъјг ­ЪћЦ QUр╗Х ─ѓN Tр║аNG PHр║дN 3 | 3 | 08:45 Рєњ 10:44
[20:45:46 28/10/2025] [INFO] ­Ъјг  (Lр╗њNG TIр║ЙNG) C├ѓ╠БU BE╠Ђ CA╠Ђ HEO VA╠ђ BI╠Ђ M├ѓ╠БT 7 ─љA╠БI Dк»каNG (P) | 3 | 11:00 Рєњ 12:51
[20:45:46 28/10/2025] [INFO] ­Ъјг ­ЪћЦ Vр║гN MAY (T16) | 3 | 22:15 Рєњ 00:08
[20:45:47 28/10/2025] [INFO] ­Ъјг ­ЪћЦ TR├њ CHкаI р║бO GI├ЂC - ARES (T13) | 3 | 13:15 Рєњ 15:30
[20:45:47 28/10/2025] [INFO] ­Ъјг ­ЪћЦ Vр║гN MAY (T16) | 3 | 20:00 Рєњ 21:53
[20:45:47 28/10/2025] [INFO] ­Ъјг ­ЪћЦ Tр╗г CHIр║ЙN TR├іN KH├ћNG | 3 | 00:15 Рєњ 02:28
[20:45:47 28/10/2025] [INFO] ­Ъјг H├ђNH TR├їNH Rр╗░C Rр╗а TA ─љ├Ѓ Y├іU (T16) | 3 | 22:15 Рєњ 00:20
[20:45:47 28/10/2025] [INFO] ­ЪЊй№ИЈ 3: 7/7 suр║Цt
[20:45:47 28/10/2025] [INFO] ­Ъјг ­ЪћЦ NHр╗«NG L├Ђ THк» Cр╗дA YEON (P) | 1 | 11:00 Рєњ 12:50
[20:45:48 28/10/2025] [INFO] ­Ъјг  (Lр╗њNG TIр║ЙNG) C├ѓ╠БU BE╠Ђ CA╠Ђ HEO VA╠ђ BI╠Ђ M├ѓ╠БT 7 ─љA╠БI Dк»каNG (P) | 1 | 20:00 Рєњ 21:51
[20:45:49 28/10/2025] [INFO] ­Ъјг ­ЪћЦ NHр╗«NG L├Ђ THк» Cр╗дA YEON (P) | 1 | 22:15 Рєњ 00:05
[20:45:49 28/10/2025] [INFO] ­Ъјг  H├ђNH TR├їNH Rр╗░C Rр╗а TA ─љ├Ѓ Y├іU (T16) | 1 | 13:15 Рєњ 15:20
[20:45:49 28/10/2025] [INFO] ­Ъјг ­ЪћЦ QUр╗Х ─ѓN Tр║аNG PHр║дN 3 | 1 | 17:45 Рєњ 19:44
[20:45:49 28/10/2025] [INFO] ­Ъјг QUр╗Х ─ѓN Tр║аNG PHр║дN 3 | 1 | 00:15 Рєњ 02:14
[20:45:49 28/10/2025] [INFO] ­Ъјг Tр╗ћ QUр╗љC TRONG TIM - THE CONCERT FILM (P) | 1 | 08:45 Рєњ 11:00
[20:45:49 28/10/2025] [INFO] ­ЪЊй№ИЈ 1: 7/7 suр║Цt
[20:45:49 28/10/2025] [INFO] ­Ъјг ­ЪћЦ Cр╗цC V├ђNG Cр╗дA NGOр║аI | 6 | 20:00 Рєњ 22:14
[20:45:50 28/10/2025] [INFO] ­Ъјг  PHр╗јNG Vр║цN S├ЂT NH├ѓN (T18) | 6 | 13:15 Рєњ 15:15
[20:45:51 28/10/2025] [INFO] ­Ъјг  PHр╗јNG Vр║цN S├ЂT NH├ѓN (T18) | 6 | 15:30 Рєњ 17:30
[20:45:51 28/10/2025] [INFO] ­Ъјг TR├њ CHкаI р║бO GI├ЂC - ARES (T13) | 6 | 22:15 Рєњ 00:30
[20:45:51 28/10/2025] [INFO] ­Ъјг TAY ANH GIр╗« Mр╗ўT V├ї SAO (K) | 6 | 00:15 Рєњ 02:25
[20:45:51 28/10/2025] [INFO] ­Ъјг TR├њ CHкаI р║бO GI├ЂC - ARES (T13) | 6 | 11:00 Рєњ 13:15
[20:45:51 28/10/2025] [INFO] ­Ъјг Vр║гN MAY (T16) | 6 | 17:45 Рєњ 19:38
[20:45:51 28/10/2025] [INFO] ­ЪЊй№ИЈ 6: 7/7 suр║Цt
[20:45:52 28/10/2025] [INFO] ­Ъјг ­ЪћЦ Tр╗г CHIр║ЙN TR├іN KH├ћNG | 5 | 11:00 Рєњ 13:13
[20:45:52 28/10/2025] [INFO] ­Ъјг  N─ѓM Cр╗дA ANH, NG├ђY Cр╗дA EM (T13) | 5 | 17:45 Рєњ 19:52
[20:45:52 28/10/2025] [INFO] ­Ъјг ­ЪћЦ Vр║гN MAY (T16) | 5 | 08:45 Рєњ 10:38
[20:45:52 28/10/2025] [INFO] ­Ъјг Tр╗г CHIр║ЙN TR├іN KH├ћNG | 5 | 00:15 Рєњ 02:28
[20:45:52 28/10/2025] [INFO] ­Ъјг N─ѓM Cр╗дA ANH, NG├ђY Cр╗дA EM (T13) | 5 | 11:00 Рєњ 13:07
[20:45:52 28/10/2025] [INFO] ­Ъјг TAY ANH GIр╗« Mр╗ўT V├ї SAO (K) | 5 | 17:45 Рєњ 19:55
[20:45:52 28/10/2025] [INFO] ­Ъјг (Lр╗њNG TIр║ЙNG) C├ѓ╠БU BE╠Ђ CA╠Ђ HEO VA╠ђ BI╠Ђ M├ѓ╠БT 7 ─љA╠БI Dк»каNG (P) | 5 | 08:45 Рєњ 10:36
[20:45:52 28/10/2025] [INFO] ­ЪЊй№ИЈ 5: 7/7 suр║Цt
[20:45:52 28/10/2025] [INFO] ­Ъјг  TAY ANH GIр╗« Mр╗ўT V├ї SAO (K) | 4 | 22:15 Рєњ 00:25
[20:45:53 28/10/2025] [INFO] ­Ъјг H├ђNH TR├їNH Rр╗░C Rр╗а TA ─љ├Ѓ Y├іU (T16) | 4 | 15:30 Рєњ 17:35
[20:45:53 28/10/2025] [INFO] ­Ъјг NHр╗«NG L├Ђ THк» Cр╗дA YEON (P) | 4 | 11:00 Рєњ 12:50
[20:45:53 28/10/2025] [INFO] ­Ъјг Tр╗ћ QUр╗љC TRONG TIM - THE CONCERT FILM (P) | 4 | 17:45 Рєњ 20:00
[20:45:53 28/10/2025] [INFO] ­Ъјг Tр╗г CHIр║ЙN TR├іN KH├ћNG | 4 | 08:45 Рєњ 10:58
[20:45:53 28/10/2025] [INFO] ­Ъјг Cр╗цC V├ђNG Cр╗дA NGOр║аI | 4 | 13:15 Рєњ 15:29
[20:45:53 28/10/2025] [INFO] ­Ъјг Vр║гN MAY (T16) | 4 | 20:00 Рєњ 21:53
[20:45:53 28/10/2025] [INFO] ­ЪЊй№ИЈ 4: 7/7 suр║Цt
[20:45:53 28/10/2025] [INFO] ­Ъјг ­ЪћЦ Tр╗г CHIр║ЙN TR├іN KH├ћNG | 7 | 17:45 Рєњ 19:58
[20:45:54 28/10/2025] [INFO] ­Ъјг ­ЪћЦ Cр╗цC V├ђNG Cр╗дA NGOр║аI | 7 | 00:15 Рєњ 02:29
[20:45:54 28/10/2025] [INFO] ­Ъјг QUр╗Х ─ѓN Tр║аNG PHр║дN 3 | 7 | 11:00 Рєњ 12:59
[20:45:54 28/10/2025] [INFO] ­Ъјг Tр╗г CHIр║ЙN TR├іN KH├ћNG | 7 | 17:45 Рєњ 19:58
[20:45:54 28/10/2025] [INFO] ­Ъјг Tр╗г CHIр║ЙN TR├іN KH├ћNG | 7 | 13:15 Рєњ 15:28
[20:45:54 28/10/2025] [INFO] ­Ъјг Tр╗г CHIр║ЙN TR├іN KH├ћNG | 7 | 22:15 Рєњ 00:28
[20:45:54 28/10/2025] [INFO] ­Ъјг (Lр╗њNG TIр║ЙNG) C├ѓ╠БU BE╠Ђ CA╠Ђ HEO VA╠ђ BI╠Ђ M├ѓ╠БT 7 ─љA╠БI Dк»каNG (P) | 7 | 20:00 Рєњ 21:51
[20:45:54 28/10/2025] [INFO] ­ЪЊй№ИЈ 7: 7/7 suр║Цt
[20:45:55 28/10/2025] [INFO] ­Ъјг Tр╗ћ QUр╗љC TRONG TIM - THE CONCERT FILM (P) | 2 | 08:45 Рєњ 11:00
[20:45:55 28/10/2025] [INFO] ­Ъјг PHр╗јNG Vр║цN S├ЂT NH├ѓN (T18) | 2 | 00:15 Рєњ 02:15
[20:45:55 28/10/2025] [INFO] ­Ъјг Cр╗цC V├ђNG Cр╗дA NGOр║аI | 2 | 22:15 Рєњ 00:29
[20:45:55 28/10/2025] [INFO] ­Ъјг Tр╗ћ QUр╗љC TRONG TIM - THE CONCERT FILM (P) | 2 | 11:00 Рєњ 13:15
[20:45:55 28/10/2025] [INFO] ­Ъјг TAY ANH GIр╗« Mр╗ўT V├ї SAO (K) | 2 | 17:45 Рєњ 19:55
[20:45:55 28/10/2025] [INFO] ­Ъјг Tр╗ћ QUр╗љC TRONG TIM - THE CONCERT FILM (P) | 2 | 15:30 Рєњ 17:45
[20:45:55 28/10/2025] [INFO] ­Ъјг H├ђNH TR├їNH Rр╗░C Rр╗а TA ─љ├Ѓ Y├іU (T16) | 2 | 13:15 Рєњ 15:20
[20:45:55 28/10/2025] [INFO] ­ЪЊй№ИЈ 2: 7/7 suр║Цt
[20:45:55 28/10/2025] [INFO] РюЁ Ho├аn tр║Цt tр║Аo suр║Цt chiр║┐u cho tuр║Дn mр╗Џi Рђћ Tр╗Ћng cр╗Ўng: 308 suр║Цt!
[20:45:55 28/10/2025] [INFO] РюЁ Suр║Цt chiр║┐u ban ─Љр║Дu ─Љ├Б ─Љк░р╗Бc tр║Аo.
