[13:20:05 17/11/2025] [INFO] 🎬 Bắt đầu theo dõi thay đổi trạng thái phim...
[13:20:05 17/11/2025] [INFO] 🚀 Khởi động CRON tự động tạo suất chiếu...
[13:20:05 17/11/2025] [INFO] 🕒 Bắt đầu tạo suất chiếu cho tuần hiện tại...
[13:20:06 17/11/2025] [INFO] 🧹 Đã xoá toàn bộ suất chiếu cũ hơn 1 tuần.
[13:20:06 17/11/2025] [INFO] 📆 Tuần 17/11/2025 → 23/11/2025
[13:20:06 17/11/2025] [INFO] 
📅 Ngày 17/11/2025 (T2)
[13:20:06 17/11/2025] [INFO] 🎬 🔥 TỬ CHIẾN TRÊN KHÔNG | 4 | 20:15 → 22:28
[13:20:06 17/11/2025] [INFO] 🎬 🔥 QUỶ ĂN TẠNG PHẦN 3 | 4 | 15:45 → 17:44
[13:20:06 17/11/2025] [INFO] 🎬  HÀNH TRÌNH RỰC RỠ TA ĐÃ YÊU (T16) | 4 | 11:15 → 13:20
[13:20:07 17/11/2025] [INFO] 🎬 🔥 NHỮNG LÁ THƯ CỦA YEON (P) | 4 | 09:00 → 10:50
[13:20:07 17/11/2025] [INFO] 🎬  HÀNH TRÌNH RỰC RỠ TA ĐÃ YÊU (T16) | 4 | 18:00 → 20:05
[13:20:07 17/11/2025] [INFO] 🎬 NĂM CỦA ANH, NGÀY CỦA EM (T13) | 4 | 15:45 → 17:52
[13:20:07 17/11/2025] [INFO] 📽️ 4: 6/6 suất
[13:20:07 17/11/2025] [INFO] 🎬 🔥 TỬ CHIẾN TRÊN KHÔNG | 7 | 11:15 → 13:28
[13:20:07 17/11/2025] [INFO] 🎬 🔥 VẬN MAY (T16) | 7 | 15:45 → 17:38
[13:20:07 17/11/2025] [INFO] 🎬 🔥 VẬN MAY (T16) | 7 | 20:15 → 22:08
[13:20:07 17/11/2025] [INFO] 🎬 🔥 VẬN MAY (T16) | 7 | 22:30 → 00:23
[13:20:07 17/11/2025] [INFO] 🎬 CẢI MẢ | 7 | 11:15 → 13:20
[13:20:08 17/11/2025] [INFO] 🎬 TRÒ CHƠI ẢO GIÁC - ARES (T13) | 7 | 15:45 → 18:00
[13:20:08 17/11/2025] [INFO] 📽️ 7: 6/6 suất
[13:20:08 17/11/2025] [INFO] 🎬  PHÒNG TRỌ MA BẦU | 5 | 13:30 → 15:45
[13:20:08 17/11/2025] [INFO] 🎬 🔥 TRÒ CHƠI ẢO GIÁC - ARES (T13) | 5 | 20:15 → 22:30
[13:20:08 17/11/2025] [INFO] 🎬  TRÁI TIM QUÈ QUẶT | 5 | 11:15 → 11:31
[13:20:08 17/11/2025] [INFO] 🎬 TỔ QUỐC TRONG TIM - THE CONCERT FILM (P) | 5 | 11:15 → 13:30
[13:20:08 17/11/2025] [INFO] 🎬 TRÁI TIM QUÈ QUẶT | 5 | 20:15 → 20:31
[13:20:08 17/11/2025] [INFO] 🎬 ĐIỆN THOẠI ĐEN 2 | 5 | 22:30 → 00:37
[13:20:08 17/11/2025] [INFO] 📽️ 5: 6/6 suất
[13:20:08 17/11/2025] [INFO] 🎬  HÁ ĐÁM - SINH NHẬT MẸ (T13) | 3 | 11:15 → 13:30
[13:20:09 17/11/2025] [INFO] 🎬 🔥 VẬN MAY (T16) | 3 | 09:00 → 10:53
[13:20:09 17/11/2025] [INFO] 🎬 🔥 CẢI MẢ | 3 | 20:15 → 22:20
[13:20:09 17/11/2025] [INFO] 🎬 PHÒNG TRỌ MA BẦU | 3 | 11:15 → 13:30
[13:20:09 17/11/2025] [INFO] 🎬 TỬ CHIẾN TRÊN KHÔNG | 3 | 15:45 → 17:58
[13:20:09 17/11/2025] [INFO] 🎬 PHỎNG VẤN SÁT NHÂN (T18) | 3 | 09:00 → 11:00
[13:20:09 17/11/2025] [INFO] 📽️ 3: 6/6 suất
[13:20:09 17/11/2025] [INFO] 🎬 🔥 CỤC VÀNG CỦA NGOẠI | 2 | 13:30 → 15:44
[13:20:09 17/11/2025] [INFO] 🎬 PHÒNG TRỌ MA BẦU | 2 | 11:15 → 13:30
[13:20:09 17/11/2025] [INFO] 🎬 NĂM CỦA ANH, NGÀY CỦA EM (T13) | 2 | 13:30 → 15:37
[13:20:10 17/11/2025] [INFO] 🎬 NHỮNG LÁ THƯ CỦA YEON (P) | 2 | 20:15 → 22:05
[13:20:10 17/11/2025] [INFO] 🎬 NĂM CỦA ANH, NGÀY CỦA EM (T13) | 2 | 18:00 → 20:07
[13:20:10 17/11/2025] [INFO] 🎬 PHÒNG TRỌ MA BẦU | 2 | 15:45 → 18:00
[13:20:10 17/11/2025] [INFO] 📽️ 2: 6/6 suất
[13:20:10 17/11/2025] [INFO] 🎬 🔥 TỔ QUỐC TRONG TIM - THE CONCERT FILM (P) | 6 | 22:30 → 00:45
[13:20:10 17/11/2025] [INFO] 🎬 PHÒNG TRỌ MA BẦU | 6 | 15:45 → 18:00
[13:20:10 17/11/2025] [INFO] 🎬 CỤC VÀNG CỦA NGOẠI | 6 | 22:30 → 00:44
[13:20:10 17/11/2025] [INFO] 🎬 QUỶ ĂN TẠNG PHẦN 3 | 6 | 18:00 → 19:59
[13:20:10 17/11/2025] [INFO] 🎬 HÁ ĐÁM - SINH NHẬT MẸ (T13) | 6 | 11:15 → 13:30
[13:20:10 17/11/2025] [INFO] 🎬 BỊT MẮT BẮT NAI | 6 | 13:30 → 15:17
[13:20:10 17/11/2025] [INFO] 📽️ 6: 6/6 suất
[13:20:11 17/11/2025] [INFO] 🎬 QUÁI THÚ VÔ HÌNH - VÙNG ĐẤT CHẾT CHÓC | 1 | 09:00 → 09:16
[13:20:11 17/11/2025] [INFO] 🎬 NĂM CỦA ANH, NGÀY CỦA EM (T13) | 1 | 13:30 → 15:37
[13:20:11 17/11/2025] [INFO] 🎬 CẢI MẢ | 1 | 18:00 → 20:05
[13:20:11 17/11/2025] [INFO] 🎬 TAY ANH GIỮ MỘT VÌ SAO (K) | 1 | 22:30 → 00:40
[13:20:11 17/11/2025] [INFO] 🎬 CẢI MẢ | 1 | 20:15 → 22:20
[13:20:11 17/11/2025] [INFO] 🎬 ĐIỆN THOẠI ĐEN 2 | 1 | 15:45 → 17:52
[13:20:11 17/11/2025] [INFO] 📽️ 1: 6/6 suất
[13:20:11 17/11/2025] [INFO] 
📅 Ngày 18/11/2025 (T3)
[13:20:11 17/11/2025] [INFO] 🎬 🔥 NHỮNG LÁ THƯ CỦA YEON (P) | 1 | 13:30 → 15:20
[13:20:12 17/11/2025] [INFO] 🎬  HÀNH TRÌNH RỰC RỠ TA ĐÃ YÊU (T16) | 1 | 11:15 → 13:20
[13:20:12 17/11/2025] [INFO] 🎬 🔥 TỔ QUỐC TRONG TIM - THE CONCERT FILM (P) | 1 | 22:30 → 00:45
[13:20:12 17/11/2025] [INFO] 🎬  QUÁI THÚ VÔ HÌNH - VÙNG ĐẤT CHẾT CHÓC | 1 | 15:45 → 16:01
[13:20:12 17/11/2025] [INFO] 🎬 🔥 TRÒ CHƠI ẢO GIÁC - ARES (T13) | 1 | 18:00 → 20:15
[13:20:12 17/11/2025] [INFO] 🎬  TÌNH NGƯỜI DUYÊN MA - NHẮM MAK YÊU LUÔN | 1 | 09:00 → 09:16
[13:20:12 17/11/2025] [INFO] 📽️ 1: 6/6 suất
[13:20:12 17/11/2025] [INFO] 🎬 🔥 TỔ QUỐC TRONG TIM - THE CONCERT FILM (P) | 4 | 11:15 → 13:30
[13:20:12 17/11/2025] [INFO] 🎬 🔥 QUỶ ĂN TẠNG PHẦN 3 | 4 | 15:45 → 17:44
[13:20:12 17/11/2025] [INFO] 🎬  BỊT MẮT BẮT NAI | 4 | 09:00 → 10:47
[13:20:13 17/11/2025] [INFO] 🎬 (LỒNG TIẾNG) CẬU BÉ CÁ HEO VÀ BÍ MẬT 7 ĐẠI DƯƠNG (P) | 4 | 20:15 → 22:06
[13:20:13 17/11/2025] [INFO] 🎬 TAY ANH GIỮ MỘT VÌ SAO (K) | 4 | 15:45 → 17:55
[13:20:13 17/11/2025] [INFO] 🎬 TỔ QUỐC TRONG TIM - THE CONCERT FILM (P) | 4 | 13:30 → 15:45
[13:20:13 17/11/2025] [INFO] 📽️ 4: 6/6 suất
[13:20:13 17/11/2025] [INFO] 🎬  NĂM CỦA ANH, NGÀY CỦA EM (T13) | 7 | 09:00 → 11:07
[13:20:13 17/11/2025] [INFO] 🎬  PHÒNG TRỌ MA BẦU | 7 | 13:30 → 15:45
[13:20:13 17/11/2025] [INFO] 🎬  ĐIỆN THOẠI ĐEN 2 | 7 | 20:15 → 22:22
[13:20:14 17/11/2025] [INFO] 🎬 QUỶ ĂN TẠNG PHẦN 3 | 7 | 15:45 → 17:44
[13:20:14 17/11/2025] [INFO] 🎬 TRÁI TIM QUÈ QUẶT | 7 | 22:30 → 22:46
[13:20:14 17/11/2025] [INFO] 🎬 CỤC VÀNG CỦA NGOẠI | 7 | 11:15 → 13:29
[13:20:14 17/11/2025] [INFO] 📽️ 7: 6/6 suất
[13:20:14 17/11/2025] [INFO] 🎬 🔥 TỬ CHIẾN TRÊN KHÔNG | 5 | 20:15 → 22:28
[13:20:14 17/11/2025] [INFO] 🎬  HÁ ĐÁM - SINH NHẬT MẸ (T13) | 5 | 09:00 → 11:15
[13:20:14 17/11/2025] [INFO] 🎬 🔥 CẢI MẢ | 5 | 15:45 → 17:50
[13:20:14 17/11/2025] [INFO] 🎬 (LỒNG TIẾNG) CẬU BÉ CÁ HEO VÀ BÍ MẬT 7 ĐẠI DƯƠNG (P) | 5 | 18:00 → 19:51
[13:20:14 17/11/2025] [INFO] 🎬 CỤC VÀNG CỦA NGOẠI | 5 | 09:00 → 11:14
[13:20:14 17/11/2025] [INFO] 🎬 HÁ ĐÁM - SINH NHẬT MẸ (T13) | 5 | 13:30 → 15:45
[13:20:14 17/11/2025] [INFO] 📽️ 5: 6/6 suất
[13:20:15 17/11/2025] [INFO] 🎬 🔥 CỤC VÀNG CỦA NGOẠI | 6 | 18:00 → 20:14
[13:20:15 17/11/2025] [INFO] 🎬 🔥 TỬ CHIẾN TRÊN KHÔNG | 6 | 11:15 → 13:28
[13:20:15 17/11/2025] [INFO] 🎬 TỬ CHIẾN TRÊN KHÔNG | 6 | 15:45 → 17:58
[13:20:15 17/11/2025] [INFO] 🎬 VẬN MAY (T16) | 6 | 11:15 → 13:08
[13:20:15 17/11/2025] [INFO] 🎬 PHÒNG TRỌ MA BẦU | 6 | 20:15 → 22:30
[13:20:15 17/11/2025] [INFO] 🎬 CẢI MẢ | 6 | 18:00 → 20:05
[13:20:15 17/11/2025] [INFO] 📽️ 6: 6/6 suất
[13:20:16 17/11/2025] [INFO] 🎬 🔥 CỤC VÀNG CỦA NGOẠI | 2 | 22:30 → 00:44
[13:20:16 17/11/2025] [INFO] 🎬 🔥 QUỶ ĂN TẠNG PHẦN 3 | 2 | 09:00 → 10:59
[13:20:16 17/11/2025] [INFO] 🎬 NĂM CỦA ANH, NGÀY CỦA EM (T13) | 2 | 22:30 → 00:37
[13:20:16 17/11/2025] [INFO] 🎬 NĂM CỦA ANH, NGÀY CỦA EM (T13) | 2 | 09:00 → 11:07
[13:20:16 17/11/2025] [INFO] 🎬 VẬN MAY (T16) | 2 | 11:15 → 13:08
[13:20:16 17/11/2025] [INFO] 🎬 HÁ ĐÁM - SINH NHẬT MẸ (T13) | 2 | 15:45 → 18:00
[13:20:16 17/11/2025] [INFO] 📽️ 2: 6/6 suất
[13:20:16 17/11/2025] [INFO] 🎬  TRÁI TIM QUÈ QUẶT | 3 | 15:45 → 16:01
[13:20:17 17/11/2025] [INFO] 🎬 🔥 CẢI MẢ | 3 | 22:30 → 00:35
[13:20:17 17/11/2025] [INFO] 🎬 PHỎNG VẤN SÁT NHÂN (T18) | 3 | 13:30 → 15:30
[13:20:17 17/11/2025] [INFO] 🎬 (LỒNG TIẾNG) CẬU BÉ CÁ HEO VÀ BÍ MẬT 7 ĐẠI DƯƠNG (P) | 3 | 22:30 → 00:21
[13:20:17 17/11/2025] [INFO] 🎬 TRÒ CHƠI ẢO GIÁC - ARES (T13) | 3 | 18:00 → 20:15
[13:20:17 17/11/2025] [INFO] 🎬 CỤC VÀNG CỦA NGOẠI | 3 | 11:15 → 13:29
[13:20:17 17/11/2025] [INFO] 📽️ 3: 6/6 suất
[13:20:17 17/11/2025] [INFO] 
📅 Ngày 19/11/2025 (T4)
[13:20:17 17/11/2025] [INFO] 🎬 🔥 TỔ QUỐC TRONG TIM - THE CONCERT FILM (P) | 1 | 15:45 → 18:00
[13:20:17 17/11/2025] [INFO] 🎬  QUÁI THÚ VÔ HÌNH - VÙNG ĐẤT CHẾT CHÓC | 1 | 20:15 → 20:31
[13:20:17 17/11/2025] [INFO] 🎬  PHỎNG VẤN SÁT NHÂN (T18) | 1 | 13:30 → 15:30
[13:20:17 17/11/2025] [INFO] 🎬  HÀNH TRÌNH RỰC RỠ TA ĐÃ YÊU (T16) | 1 | 11:15 → 13:20
[13:20:18 17/11/2025] [INFO] 🎬 CỤC VÀNG CỦA NGOẠI | 1 | 18:00 → 20:14
[13:20:18 17/11/2025] [INFO] 🎬 ĐIỆN THOẠI ĐEN 2 | 1 | 09:00 → 11:07
[13:20:18 17/11/2025] [INFO] 📽️ 1: 6/6 suất
[13:20:18 17/11/2025] [INFO] 🎬 🔥 VẬN MAY (T16) | 2 | 22:30 → 00:23
[13:20:18 17/11/2025] [INFO] 🎬 🔥 TRÒ CHƠI ẢO GIÁC - ARES (T13) | 2 | 13:30 → 15:45
[13:20:18 17/11/2025] [INFO] 🎬 🔥 NHỮNG LÁ THƯ CỦA YEON (P) | 2 | 20:15 → 22:05
[13:20:18 17/11/2025] [INFO] 🎬 🔥 CỤC VÀNG CỦA NGOẠI | 2 | 09:00 → 11:14
[13:20:18 17/11/2025] [INFO] 🎬 🔥 VẬN MAY (T16) | 2 | 18:00 → 19:53
[13:20:18 17/11/2025] [INFO] 🎬 PHÒNG TRỌ MA BẦU | 2 | 13:30 → 15:45
[13:20:18 17/11/2025] [INFO] 📽️ 2: 6/6 suất
[13:20:19 17/11/2025] [INFO] 🎬 🔥 CẢI MẢ | 3 | 09:00 → 11:05
[13:20:19 17/11/2025] [INFO] 🎬 🔥 TỔ QUỐC TRONG TIM - THE CONCERT FILM (P) | 3 | 22:30 → 00:45
[13:20:19 17/11/2025] [INFO] 🎬 🔥 TỬ CHIẾN TRÊN KHÔNG | 3 | 15:45 → 17:58
[13:20:19 17/11/2025] [INFO] 🎬  NĂM CỦA ANH, NGÀY CỦA EM (T13) | 3 | 13:30 → 15:37
[13:20:19 17/11/2025] [INFO] 🎬 TỬ CHIẾN TRÊN KHÔNG | 3 | 22:30 → 00:43
[13:20:19 17/11/2025] [INFO] 🎬 ĐIỆN THOẠI ĐEN 2 | 3 | 20:15 → 22:22
[13:20:19 17/11/2025] [INFO] 📽️ 3: 6/6 suất
[13:20:19 17/11/2025] [INFO] 🎬  (LỒNG TIẾNG) CẬU BÉ CÁ HEO VÀ BÍ MẬT 7 ĐẠI DƯƠNG (P) | 7 | 11:15 → 13:06
[13:20:20 17/11/2025] [INFO] 🎬 🔥 CỤC VÀNG CỦA NGOẠI | 7 | 22:30 → 00:44
[13:20:20 17/11/2025] [INFO] 🎬 🔥 QUỶ ĂN TẠNG PHẦN 3 | 7 | 09:00 → 10:59
[13:20:20 17/11/2025] [INFO] 🎬 🔥 TRÒ CHƠI ẢO GIÁC - ARES (T13) | 7 | 18:00 → 20:15
[13:20:20 17/11/2025] [INFO] 🎬 TAY ANH GIỮ MỘT VÌ SAO (K) | 7 | 11:15 → 13:25
[13:20:20 17/11/2025] [INFO] 🎬 NĂM CỦA ANH, NGÀY CỦA EM (T13) | 7 | 15:45 → 17:52
[13:20:20 17/11/2025] [INFO] 📽️ 7: 6/6 suất
[13:20:20 17/11/2025] [INFO] 🎬  BỊT MẮT BẮT NAI | 5 | 09:00 → 10:47
[13:20:20 17/11/2025] [INFO] 🎬  HÀNH TRÌNH RỰC RỠ TA ĐÃ YÊU (T16) | 5 | 18:00 → 20:05
[13:20:21 17/11/2025] [INFO] 🎬 🔥 CẢI MẢ | 5 | 20:15 → 22:20
[13:20:21 17/11/2025] [INFO] 🎬 🔥 CẢI MẢ | 5 | 13:30 → 15:35
[13:20:21 17/11/2025] [INFO] 🎬 BỊT MẮT BẮT NAI | 5 | 20:15 → 22:02
[13:20:21 17/11/2025] [INFO] 🎬 TRÁI TIM QUÈ QUẶT | 5 | 09:00 → 09:16
[13:20:21 17/11/2025] [INFO] 📽️ 5: 6/6 suất
[13:20:22 17/11/2025] [INFO] 🎬 PHỎNG VẤN SÁT NHÂN (T18) | 6 | 18:00 → 20:00
[13:20:22 17/11/2025] [INFO] 🎬 HÀNH TRÌNH RỰC RỠ TA ĐÃ YÊU (T16) | 6 | 22:30 → 00:35
[13:20:22 17/11/2025] [INFO] 🎬 PHỎNG VẤN SÁT NHÂN (T18) | 6 | 20:15 → 22:15
[13:20:22 17/11/2025] [INFO] 🎬 TRÁI TIM QUÈ QUẶT | 6 | 15:45 → 16:01
[13:20:22 17/11/2025] [INFO] 🎬 NĂM CỦA ANH, NGÀY CỦA EM (T13) | 6 | 09:00 → 11:07
[13:20:22 17/11/2025] [INFO] 🎬 TÌNH NGƯỜI DUYÊN MA - NHẮM MAK YÊU LUÔN | 6 | 13:30 → 13:46
[13:20:22 17/11/2025] [INFO] 📽️ 6: 6/6 suất
[13:20:22 17/11/2025] [INFO] 🎬 🔥 TỔ QUỐC TRONG TIM - THE CONCERT FILM (P) | 4 | 09:00 → 11:15
[13:20:22 17/11/2025] [INFO] 🎬 🔥 NHỮNG LÁ THƯ CỦA YEON (P) | 4 | 13:30 → 15:20
[13:20:23 17/11/2025] [INFO] 🎬 CẢI MẢ | 4 | 20:15 → 22:20
[13:20:23 17/11/2025] [INFO] 🎬 CỤC VÀNG CỦA NGOẠI | 4 | 09:00 → 11:14
[13:20:23 17/11/2025] [INFO] 🎬 QUÁI THÚ VÔ HÌNH - VÙNG ĐẤT CHẾT CHÓC | 4 | 15:45 → 16:01
[13:20:23 17/11/2025] [INFO] 🎬 NĂM CỦA ANH, NGÀY CỦA EM (T13) | 4 | 13:30 → 15:37
[13:20:23 17/11/2025] [INFO] 📽️ 4: 6/6 suất
[13:20:23 17/11/2025] [INFO] 
📅 Ngày 20/11/2025 (T5)
[13:20:23 17/11/2025] [INFO] 🎬 🔥 CẢI MẢ | 6 | 15:45 → 17:50
[13:20:23 17/11/2025] [INFO] 🎬 🔥 TỔ QUỐC TRONG TIM - THE CONCERT FILM (P) | 6 | 20:15 → 22:30
[13:20:23 17/11/2025] [INFO] 🎬  NĂM CỦA ANH, NGÀY CỦA EM (T13) | 6 | 11:15 → 13:22
[13:20:23 17/11/2025] [INFO] 🎬  TAY ANH GIỮ MỘT VÌ SAO (K) | 6 | 18:00 → 20:10
[13:20:23 17/11/2025] [INFO] 🎬 PHỎNG VẤN SÁT NHÂN (T18) | 6 | 20:15 → 22:15
[13:20:24 17/11/2025] [INFO] 🎬 TỬ CHIẾN TRÊN KHÔNG | 6 | 13:30 → 15:43
[13:20:24 17/11/2025] [INFO] 📽️ 6: 6/6 suất
[13:20:24 17/11/2025] [INFO] 🎬  (LỒNG TIẾNG) CẬU BÉ CÁ HEO VÀ BÍ MẬT 7 ĐẠI DƯƠNG (P) | 7 | 18:00 → 19:51
[13:20:24 17/11/2025] [INFO] 🎬 🔥 TỬ CHIẾN TRÊN KHÔNG | 7 | 22:30 → 00:43
[13:20:24 17/11/2025] [INFO] 🎬  NĂM CỦA ANH, NGÀY CỦA EM (T13) | 7 | 15:45 → 17:52
[13:20:24 17/11/2025] [INFO] 🎬  (LỒNG TIẾNG) CẬU BÉ CÁ HEO VÀ BÍ MẬT 7 ĐẠI DƯƠNG (P) | 7 | 11:15 → 13:06
[13:20:24 17/11/2025] [INFO] 🎬  TÌNH NGƯỜI DUYÊN MA - NHẮM MAK YÊU LUÔN | 7 | 09:00 → 09:16
[13:20:24 17/11/2025] [INFO] 🎬 VẬN MAY (T16) | 7 | 13:30 → 15:23
[13:20:24 17/11/2025] [INFO] 📽️ 7: 6/6 suất
[13:20:25 17/11/2025] [INFO] 🎬 🔥 QUỶ ĂN TẠNG PHẦN 3 | 1 | 11:15 → 13:14
[13:20:25 17/11/2025] [INFO] 🎬  HÀNH TRÌNH RỰC RỠ TA ĐÃ YÊU (T16) | 1 | 22:30 → 00:35
[13:20:25 17/11/2025] [INFO] 🎬 🔥 QUỶ ĂN TẠNG PHẦN 3 | 1 | 18:00 → 19:59
[13:20:25 17/11/2025] [INFO] 🎬 (LỒNG TIẾNG) CẬU BÉ CÁ HEO VÀ BÍ MẬT 7 ĐẠI DƯƠNG (P) | 1 | 11:15 → 13:06
[13:20:25 17/11/2025] [INFO] 🎬 VẬN MAY (T16) | 1 | 22:30 → 00:23
[13:20:25 17/11/2025] [INFO] 🎬 QUỶ ĂN TẠNG PHẦN 3 | 1 | 09:00 → 10:59
[13:20:25 17/11/2025] [INFO] 📽️ 1: 6/6 suất
[13:20:25 17/11/2025] [INFO] 🎬  QUÁI THÚ VÔ HÌNH - VÙNG ĐẤT CHẾT CHÓC | 5 | 15:45 → 16:01
[13:20:26 17/11/2025] [INFO] 🎬 🔥 NHỮNG LÁ THƯ CỦA YEON (P) | 5 | 22:30 → 00:20
[13:20:26 17/11/2025] [INFO] 🎬 CẢI MẢ | 5 | 15:45 → 17:50
[13:20:26 17/11/2025] [INFO] 🎬 VẬN MAY (T16) | 5 | 18:00 → 19:53
[13:20:26 17/11/2025] [INFO] 🎬 PHỎNG VẤN SÁT NHÂN (T18) | 5 | 20:15 → 22:15
[13:20:26 17/11/2025] [INFO] 🎬 HÁ ĐÁM - SINH NHẬT MẸ (T13) | 5 | 11:15 → 13:30
[13:20:26 17/11/2025] [INFO] 📽️ 5: 6/6 suất
[13:20:26 17/11/2025] [INFO] 🎬 🔥 NHỮNG LÁ THƯ CỦA YEON (P) | 3 | 15:45 → 17:35
[13:20:26 17/11/2025] [INFO] 🎬 🔥 CỤC VÀNG CỦA NGOẠI | 3 | 22:30 → 00:44
[13:20:27 17/11/2025] [INFO] 🎬 TỔ QUỐC TRONG TIM - THE CONCERT FILM (P) | 3 | 18:00 → 20:15
[13:20:27 17/11/2025] [INFO] 🎬 TRÁI TIM QUÈ QUẶT | 3 | 09:00 → 09:16
[13:20:27 17/11/2025] [INFO] 🎬 CỤC VÀNG CỦA NGOẠI | 3 | 13:30 → 15:44
[13:20:27 17/11/2025] [INFO] 🎬 PHÒNG TRỌ MA BẦU | 3 | 22:30 → 00:45
[13:20:27 17/11/2025] [INFO] 📽️ 3: 6/6 suất
[13:20:27 17/11/2025] [INFO] 🎬 🔥 TRÒ CHƠI ẢO GIÁC - ARES (T13) | 2 | 18:00 → 20:15
[13:20:27 17/11/2025] [INFO] 🎬 🔥 TỔ QUỐC TRONG TIM - THE CONCERT FILM (P) | 2 | 09:00 → 11:15
[13:20:27 17/11/2025] [INFO] 🎬  PHỎNG VẤN SÁT NHÂN (T18) | 2 | 13:30 → 15:30
[13:20:27 17/11/2025] [INFO] 🎬  TÌNH NGƯỜI DUYÊN MA - NHẮM MAK YÊU LUÔN | 2 | 22:30 → 22:46
[13:20:28 17/11/2025] [INFO] 🎬 TRÒ CHƠI ẢO GIÁC - ARES (T13) | 2 | 15:45 → 18:00
[13:20:28 17/11/2025] [INFO] 🎬 ĐIỆN THOẠI ĐEN 2 | 2 | 18:00 → 20:07
[13:20:28 17/11/2025] [INFO] 📽️ 2: 6/6 suất
[13:20:28 17/11/2025] [INFO] 🎬 🔥 QUỶ ĂN TẠNG PHẦN 3 | 4 | 22:30 → 00:29
[13:20:28 17/11/2025] [INFO] 🎬 NĂM CỦA ANH, NGÀY CỦA EM (T13) | 4 | 15:45 → 17:52
[13:20:28 17/11/2025] [INFO] 🎬 TỬ CHIẾN TRÊN KHÔNG | 4 | 18:00 → 20:13
[13:20:28 17/11/2025] [INFO] 🎬 TAY ANH GIỮ MỘT VÌ SAO (K) | 4 | 09:00 → 11:10
[13:20:28 17/11/2025] [INFO] 🎬 HÁ ĐÁM - SINH NHẬT MẸ (T13) | 4 | 20:15 → 22:30
[13:20:29 17/11/2025] [INFO] 🎬 (LỒNG TIẾNG) CẬU BÉ CÁ HEO VÀ BÍ MẬT 7 ĐẠI DƯƠNG (P) | 4 | 13:30 → 15:21
[13:20:29 17/11/2025] [INFO] 📽️ 4: 6/6 suất
[13:20:29 17/11/2025] [INFO] 
📅 Ngày 21/11/2025 (T6)
[13:20:29 17/11/2025] [INFO] 🎬  HÁ ĐÁM - SINH NHẬT MẸ (T13) | 4 | 11:15 → 13:30
[13:20:29 17/11/2025] [INFO] 🎬  BỊT MẮT BẮT NAI | 4 | 20:15 → 22:02
[13:20:29 17/11/2025] [INFO] 🎬 🔥 TRÒ CHƠI ẢO GIÁC - ARES (T13) | 4 | 22:30 → 00:45
[13:20:29 17/11/2025] [INFO] 🎬  QUÁI THÚ VÔ HÌNH - VÙNG ĐẤT CHẾT CHÓC | 4 | 18:00 → 18:16
[13:20:29 17/11/2025] [INFO] 🎬 BỊT MẮT BẮT NAI | 4 | 22:30 → 00:17
[13:20:29 17/11/2025] [INFO] 🎬 BỊT MẮT BẮT NAI | 4 | 09:00 → 10:47
[13:20:29 17/11/2025] [INFO] 📽️ 4: 6/6 suất
[13:20:30 17/11/2025] [INFO] 🎬 🔥 TỔ QUỐC TRONG TIM - THE CONCERT FILM (P) | 3 | 11:15 → 13:30
[13:20:30 17/11/2025] [INFO] 🎬 🔥 TỬ CHIẾN TRÊN KHÔNG | 3 | 18:00 → 20:13
[13:20:30 17/11/2025] [INFO] 🎬 🔥 CỤC VÀNG CỦA NGOẠI | 3 | 22:30 → 00:44
[13:20:30 17/11/2025] [INFO] 🎬 NHỮNG LÁ THƯ CỦA YEON (P) | 3 | 11:15 → 13:05
[13:20:30 17/11/2025] [INFO] 🎬 TRÁI TIM QUÈ QUẶT | 3 | 13:30 → 13:46
[13:20:30 17/11/2025] [INFO] 🎬 VẬN MAY (T16) | 3 | 00:00 → 01:53
[13:20:30 17/11/2025] [INFO] 📽️ 3: 6/6 suất
[13:20:30 17/11/2025] [INFO] 🎬 🔥 QUỶ ĂN TẠNG PHẦN 3 | 6 | 20:15 → 22:14
[13:20:31 17/11/2025] [INFO] 🎬 🔥 QUỶ ĂN TẠNG PHẦN 3 | 6 | 15:45 → 17:44
[13:20:31 17/11/2025] [INFO] 🎬 🔥 CẢI MẢ | 6 | 00:00 → 02:05
[13:20:31 17/11/2025] [INFO] 🎬 TAY ANH GIỮ MỘT VÌ SAO (K) | 6 | 00:00 → 02:10
[13:20:31 17/11/2025] [INFO] 🎬 NHỮNG LÁ THƯ CỦA YEON (P) | 6 | 11:15 → 13:05
[13:20:31 17/11/2025] [INFO] 🎬 HÀNH TRÌNH RỰC RỠ TA ĐÃ YÊU (T16) | 6 | 13:30 → 15:35
[13:20:31 17/11/2025] [INFO] 📽️ 6: 6/6 suất
[13:20:31 17/11/2025] [INFO] 🎬 🔥 QUỶ ĂN TẠNG PHẦN 3 | 5 | 00:00 → 01:59
[13:20:31 17/11/2025] [INFO] 🎬  TAY ANH GIỮ MỘT VÌ SAO (K) | 5 | 18:00 → 20:10
[13:20:31 17/11/2025] [INFO] 🎬 HÀNH TRÌNH RỰC RỠ TA ĐÃ YÊU (T16) | 5 | 00:00 → 02:05
[13:20:32 17/11/2025] [INFO] 🎬 TÌNH NGƯỜI DUYÊN MA - NHẮM MAK YÊU LUÔN | 5 | 18:00 → 18:16
[13:20:32 17/11/2025] [INFO] 🎬 TỬ CHIẾN TRÊN KHÔNG | 5 | 09:00 → 11:13
[13:20:32 17/11/2025] [INFO] 🎬 VẬN MAY (T16) | 5 | 22:30 → 00:23
[13:20:32 17/11/2025] [INFO] 📽️ 5: 6/6 suất
[13:20:32 17/11/2025] [INFO] 🎬 🔥 TRÒ CHƠI ẢO GIÁC - ARES (T13) | 7 | 13:30 → 15:45
[13:20:32 17/11/2025] [INFO] 🎬 🔥 TỬ CHIẾN TRÊN KHÔNG | 7 | 22:30 → 00:43
[13:20:32 17/11/2025] [INFO] 🎬 NHỮNG LÁ THƯ CỦA YEON (P) | 7 | 22:30 → 00:20
[13:20:32 17/11/2025] [INFO] 🎬 CỤC VÀNG CỦA NGOẠI | 7 | 09:00 → 11:14
[13:20:32 17/11/2025] [INFO] 🎬 NĂM CỦA ANH, NGÀY CỦA EM (T13) | 7 | 18:00 → 20:07
[13:20:32 17/11/2025] [INFO] 🎬 TÌNH NGƯỜI DUYÊN MA - NHẮM MAK YÊU LUÔN | 7 | 11:15 → 11:31
[13:20:32 17/11/2025] [INFO] 📽️ 7: 6/6 suất
[13:20:33 17/11/2025] [INFO] 🎬  (LỒNG TIẾNG) CẬU BÉ CÁ HEO VÀ BÍ MẬT 7 ĐẠI DƯƠNG (P) | 2 | 20:15 → 22:06
[13:20:33 17/11/2025] [INFO] 🎬 🔥 VẬN MAY (T16) | 2 | 15:45 → 17:38
[13:20:33 17/11/2025] [INFO] 🎬  HÁ ĐÁM - SINH NHẬT MẸ (T13) | 2 | 00:00 → 02:15
[13:20:33 17/11/2025] [INFO] 🎬 BỊT MẮT BẮT NAI | 2 | 13:30 → 15:17
[13:20:33 17/11/2025] [INFO] 🎬 BỊT MẮT BẮT NAI | 2 | 20:15 → 22:02
[13:20:33 17/11/2025] [INFO] 🎬 PHÒNG TRỌ MA BẦU | 2 | 00:00 → 02:15
[13:20:33 17/11/2025] [INFO] 📽️ 2: 6/6 suất
[13:20:34 17/11/2025] [INFO] 🎬 🔥 CẢI MẢ | 1 | 09:00 → 11:05
[13:20:34 17/11/2025] [INFO] 🎬  PHÒNG TRỌ MA BẦU | 1 | 20:15 → 22:30
[13:20:34 17/11/2025] [INFO] 🎬 QUỶ ĂN TẠNG PHẦN 3 | 1 | 15:45 → 17:44
[13:20:34 17/11/2025] [INFO] 🎬 ĐIỆN THOẠI ĐEN 2 | 1 | 11:15 → 13:22
[13:20:34 17/11/2025] [INFO] 🎬 TRÒ CHƠI ẢO GIÁC - ARES (T13) | 1 | 18:00 → 20:15
[13:20:34 17/11/2025] [INFO] 🎬 QUÁI THÚ VÔ HÌNH - VÙNG ĐẤT CHẾT CHÓC | 1 | 09:00 → 09:16
[13:20:34 17/11/2025] [INFO] 📽️ 1: 6/6 suất
[13:20:34 17/11/2025] [INFO] 
📅 Ngày 22/11/2025 (T7)
[13:20:34 17/11/2025] [INFO] 🎬 🔥 TỔ QUỐC TRONG TIM - THE CONCERT FILM (P) | 7 | 08:30 → 10:45
[13:20:34 17/11/2025] [INFO] 🎬  BỊT MẮT BẮT NAI | 7 | 17:30 → 19:17
[13:20:35 17/11/2025] [INFO] 🎬 🔥 VẬN MAY (T16) | 7 | 19:45 → 21:38
[13:20:35 17/11/2025] [INFO] 🎬  BỊT MẮT BẮT NAI | 7 | 15:15 → 17:02
[13:20:35 17/11/2025] [INFO] 🎬 🔥 TỔ QUỐC TRONG TIM - THE CONCERT FILM (P) | 7 | 00:10 → 02:25
[13:20:35 17/11/2025] [INFO] 🎬  TAY ANH GIỮ MỘT VÌ SAO (K) | 7 | 13:00 → 15:10
[13:20:35 17/11/2025] [INFO] 🎬 TAY ANH GIỮ MỘT VÌ SAO (K) | 7 | 15:15 → 17:25
[13:20:35 17/11/2025] [INFO] 📽️ 7: 7/7 suất
[13:20:35 17/11/2025] [INFO] 🎬 🔥 QUỶ ĂN TẠNG PHẦN 3 | 4 | 13:00 → 14:59
[13:20:35 17/11/2025] [INFO] 🎬 🔥 TRÒ CHƠI ẢO GIÁC - ARES (T13) | 4 | 00:10 → 02:25
[13:20:36 17/11/2025] [INFO] 🎬 🔥 VẬN MAY (T16) | 4 | 08:30 → 10:23
[13:20:36 17/11/2025] [INFO] 🎬 🔥 QUỶ ĂN TẠNG PHẦN 3 | 4 | 10:45 → 12:44
[13:20:36 17/11/2025] [INFO] 🎬  TRÁI TIM QUÈ QUẶT | 4 | 19:45 → 20:01
[13:20:36 17/11/2025] [INFO] 🎬 TỬ CHIẾN TRÊN KHÔNG | 4 | 00:10 → 02:23
[13:20:36 17/11/2025] [INFO] 🎬 BỊT MẮT BẮT NAI | 4 | 17:30 → 19:17
[13:20:36 17/11/2025] [INFO] 📽️ 4: 7/7 suất
[13:20:36 17/11/2025] [INFO] 🎬 🔥 QUỶ ĂN TẠNG PHẦN 3 | 1 | 22:00 → 23:59
[13:20:36 17/11/2025] [INFO] 🎬 🔥 CỤC VÀNG CỦA NGOẠI | 1 | 13:00 → 15:14
[13:20:36 17/11/2025] [INFO] 🎬 🔥 NHỮNG LÁ THƯ CỦA YEON (P) | 1 | 17:30 → 19:20
[13:20:37 17/11/2025] [INFO] 🎬  NĂM CỦA ANH, NGÀY CỦA EM (T13) | 1 | 08:30 → 10:37
[13:20:37 17/11/2025] [INFO] 🎬 🔥 QUỶ ĂN TẠNG PHẦN 3 | 1 | 19:45 → 21:44
[13:20:37 17/11/2025] [INFO] 🎬 🔥 NHỮNG LÁ THƯ CỦA YEON (P) | 1 | 10:45 → 12:35
[13:20:37 17/11/2025] [INFO] 🎬 TRÒ CHƠI ẢO GIÁC - ARES (T13) | 1 | 19:45 → 22:00
[13:20:37 17/11/2025] [INFO] 📽️ 1: 7/7 suất
[13:20:37 17/11/2025] [INFO] 🎬  HÀNH TRÌNH RỰC RỠ TA ĐÃ YÊU (T16) | 5 | 08:30 → 10:35
[13:20:37 17/11/2025] [INFO] 🎬  NĂM CỦA ANH, NGÀY CỦA EM (T13) | 5 | 15:15 → 17:22
[13:20:38 17/11/2025] [INFO] 🎬  (LỒNG TIẾNG) CẬU BÉ CÁ HEO VÀ BÍ MẬT 7 ĐẠI DƯƠNG (P) | 5 | 19:45 → 21:36
[13:20:38 17/11/2025] [INFO] 🎬 🔥 VẬN MAY (T16) | 5 | 13:00 → 14:53
[13:20:38 17/11/2025] [INFO] 🎬 HÀNH TRÌNH RỰC RỠ TA ĐÃ YÊU (T16) | 5 | 19:45 → 21:50
[13:20:38 17/11/2025] [INFO] 🎬 NĂM CỦA ANH, NGÀY CỦA EM (T13) | 5 | 08:30 → 10:37
[13:20:38 17/11/2025] [INFO] 🎬 BỊT MẮT BẮT NAI | 5 | 00:10 → 01:57
[13:20:38 17/11/2025] [INFO] 📽️ 5: 7/7 suất
[13:20:38 17/11/2025] [INFO] 🎬  NĂM CỦA ANH, NGÀY CỦA EM (T13) | 2 | 00:10 → 02:17
[13:20:39 17/11/2025] [INFO] 🎬 🔥 CỤC VÀNG CỦA NGOẠI | 2 | 17:30 → 19:44
[13:20:39 17/11/2025] [INFO] 🎬 🔥 TRÒ CHƠI ẢO GIÁC - ARES (T13) | 2 | 10:45 → 13:00
[13:20:39 17/11/2025] [INFO] 🎬 QUÁI THÚ VÔ HÌNH - VÙNG ĐẤT CHẾT CHÓC | 2 | 08:30 → 08:46
[13:20:39 17/11/2025] [INFO] 🎬 TỔ QUỐC TRONG TIM - THE CONCERT FILM (P) | 2 | 19:45 → 22:00
[13:20:39 17/11/2025] [INFO] 🎬 ĐIỆN THOẠI ĐEN 2 | 2 | 13:00 → 15:07
[13:20:39 17/11/2025] [INFO] 🎬 PHÒNG TRỌ MA BẦU | 2 | 15:15 → 17:30
[13:20:39 17/11/2025] [INFO] 📽️ 2: 7/7 suất
[13:20:40 17/11/2025] [INFO] 🎬  PHÒNG TRỌ MA BẦU | 3 | 00:10 → 02:25
[13:20:40 17/11/2025] [INFO] 🎬 HÁ ĐÁM - SINH NHẬT MẸ (T13) | 3 | 10:45 → 13:00
[13:20:40 17/11/2025] [INFO] 🎬 TRÁI TIM QUÈ QUẶT | 3 | 08:30 → 08:46
[13:20:40 17/11/2025] [INFO] 🎬 (LỒNG TIẾNG) CẬU BÉ CÁ HEO VÀ BÍ MẬT 7 ĐẠI DƯƠNG (P) | 3 | 19:45 → 21:36
[13:20:40 17/11/2025] [INFO] 🎬 NĂM CỦA ANH, NGÀY CỦA EM (T13) | 3 | 17:30 → 19:37
[13:20:40 17/11/2025] [INFO] 🎬 VẬN MAY (T16) | 3 | 15:15 → 17:08
[13:20:40 17/11/2025] [INFO] 🎬 TÌNH NGƯỜI DUYÊN MA - NHẮM MAK YÊU LUÔN | 3 | 22:00 → 22:16
[13:20:40 17/11/2025] [INFO] 📽️ 3: 7/7 suất
[13:20:40 17/11/2025] [INFO] 🎬  QUÁI THÚ VÔ HÌNH - VÙNG ĐẤT CHẾT CHÓC | 6 | 13:00 → 13:16
[13:20:41 17/11/2025] [INFO] 🎬 NĂM CỦA ANH, NGÀY CỦA EM (T13) | 6 | 15:15 → 17:22
[13:20:41 17/11/2025] [INFO] 🎬 TỬ CHIẾN TRÊN KHÔNG | 6 | 22:00 → 00:13
[13:20:41 17/11/2025] [INFO] 🎬 TAY ANH GIỮ MỘT VÌ SAO (K) | 6 | 17:30 → 19:40
[13:20:41 17/11/2025] [INFO] 🎬 NĂM CỦA ANH, NGÀY CỦA EM (T13) | 6 | 10:45 → 12:52
[13:20:41 17/11/2025] [INFO] 🎬 TRÒ CHƠI ẢO GIÁC - ARES (T13) | 6 | 00:10 → 02:25
[13:20:41 17/11/2025] [INFO] 🎬 TRÒ CHƠI ẢO GIÁC - ARES (T13) | 6 | 19:45 → 22:00
[13:20:41 17/11/2025] [INFO] 📽️ 6: 7/7 suất
[13:20:41 17/11/2025] [INFO] 
📅 Ngày 23/11/2025 (CN)
[13:20:41 17/11/2025] [INFO] 🎬 🔥 VẬN MAY (T16) | 7 | 00:15 → 02:08
[13:20:42 17/11/2025] [INFO] 🎬 🔥 TỔ QUỐC TRONG TIM - THE CONCERT FILM (P) | 7 | 15:30 → 17:45
[13:20:42 17/11/2025] [INFO] 🎬 🔥 VẬN MAY (T16) | 7 | 11:00 → 12:53
[13:20:42 17/11/2025] [INFO] 🎬 🔥 CỤC VÀNG CỦA NGOẠI | 7 | 22:15 → 00:29
[13:20:42 17/11/2025] [INFO] 🎬 ĐIỆN THOẠI ĐEN 2 | 7 | 22:15 → 00:22
[13:20:42 17/11/2025] [INFO] 🎬 (LỒNG TIẾNG) CẬU BÉ CÁ HEO VÀ BÍ MẬT 7 ĐẠI DƯƠNG (P) | 7 | 15:30 → 17:21
[13:20:42 17/11/2025] [INFO] 🎬 HÁ ĐÁM - SINH NHẬT MẸ (T13) | 7 | 20:00 → 22:15
[13:20:42 17/11/2025] [INFO] 📽️ 7: 7/7 suất
[13:20:42 17/11/2025] [INFO] 🎬 🔥 NHỮNG LÁ THƯ CỦA YEON (P) | 1 | 08:45 → 10:35
[13:20:42 17/11/2025] [INFO] 🎬  TAY ANH GIỮ MỘT VÌ SAO (K) | 1 | 17:45 → 19:55
[13:20:43 17/11/2025] [INFO] 🎬  (LỒNG TIẾNG) CẬU BÉ CÁ HEO VÀ BÍ MẬT 7 ĐẠI DƯƠNG (P) | 1 | 00:15 → 02:06
[13:20:43 17/11/2025] [INFO] 🎬  BỊT MẮT BẮT NAI | 1 | 11:00 → 12:47
[13:20:43 17/11/2025] [INFO] 🎬  TAY ANH GIỮ MỘT VÌ SAO (K) | 1 | 15:30 → 17:40
[13:20:43 17/11/2025] [INFO] 🎬 PHÒNG TRỌ MA BẦU | 1 | 13:15 → 15:30
[13:20:43 17/11/2025] [INFO] 🎬 PHÒNG TRỌ MA BẦU | 1 | 17:45 → 20:00
[13:20:43 17/11/2025] [INFO] 📽️ 1: 7/7 suất
[13:20:43 17/11/2025] [INFO] 🎬 🔥 TỔ QUỐC TRONG TIM - THE CONCERT FILM (P) | 3 | 22:15 → 00:30
[13:20:43 17/11/2025] [INFO] 🎬 🔥 CẢI MẢ | 3 | 13:15 → 15:20
[13:20:44 17/11/2025] [INFO] 🎬  HÀNH TRÌNH RỰC RỠ TA ĐÃ YÊU (T16) | 3 | 11:00 → 13:05
[13:20:44 17/11/2025] [INFO] 🎬  ĐIỆN THOẠI ĐEN 2 | 3 | 15:30 → 17:37
[13:20:44 17/11/2025] [INFO] 🎬 BỊT MẮT BẮT NAI | 3 | 15:30 → 17:17
[13:20:44 17/11/2025] [INFO] 🎬 TỔ QUỐC TRONG TIM - THE CONCERT FILM (P) | 3 | 08:45 → 11:00
[13:20:44 17/11/2025] [INFO] 🎬 HÀNH TRÌNH RỰC RỠ TA ĐÃ YÊU (T16) | 3 | 11:00 → 13:05
[13:20:44 17/11/2025] [INFO] 📽️ 3: 7/7 suất
[13:20:44 17/11/2025] [INFO] 🎬 🔥 TRÒ CHƠI ẢO GIÁC - ARES (T13) | 2 | 00:15 → 02:30
[13:20:44 17/11/2025] [INFO] 🎬  TRÁI TIM QUÈ QUẶT | 2 | 08:45 → 09:01
[13:20:45 17/11/2025] [INFO] 🎬 🔥 QUỶ ĂN TẠNG PHẦN 3 | 2 | 20:00 → 21:59
[13:20:45 17/11/2025] [INFO] 🎬 TỔ QUỐC TRONG TIM - THE CONCERT FILM (P) | 2 | 13:15 → 15:30
[13:20:45 17/11/2025] [INFO] 🎬 TRÁI TIM QUÈ QUẶT | 2 | 15:30 → 15:46
[13:20:45 17/11/2025] [INFO] 🎬 BỊT MẮT BẮT NAI | 2 | 20:00 → 21:47
[13:20:45 17/11/2025] [INFO] 🎬 CỤC VÀNG CỦA NGOẠI | 2 | 08:45 → 10:59
[13:20:45 17/11/2025] [INFO] 📽️ 2: 7/7 suất
[13:20:45 17/11/2025] [INFO] 🎬 🔥 TỬ CHIẾN TRÊN KHÔNG | 4 | 08:45 → 10:58
[13:20:46 17/11/2025] [INFO] 🎬  ĐIỆN THOẠI ĐEN 2 | 4 | 00:15 → 02:22
[13:20:46 17/11/2025] [INFO] 🎬 🔥 VẬN MAY (T16) | 4 | 20:00 → 21:53
[13:20:46 17/11/2025] [INFO] 🎬 CẢI MẢ | 4 | 22:15 → 00:20
[13:20:46 17/11/2025] [INFO] 🎬 CỤC VÀNG CỦA NGOẠI | 4 | 08:45 → 10:59
[13:20:46 17/11/2025] [INFO] 🎬 TỔ QUỐC TRONG TIM - THE CONCERT FILM (P) | 4 | 15:30 → 17:45
[13:20:46 17/11/2025] [INFO] 🎬 TAY ANH GIỮ MỘT VÌ SAO (K) | 4 | 20:00 → 22:10
[13:20:46 17/11/2025] [INFO] 📽️ 4: 7/7 suất
[13:20:46 17/11/2025] [INFO] 🎬 🔥 NHỮNG LÁ THƯ CỦA YEON (P) | 6 | 20:00 → 21:50
[13:20:46 17/11/2025] [INFO] 🎬  TRÁI TIM QUÈ QUẶT | 6 | 22:15 → 22:31
[13:20:47 17/11/2025] [INFO] 🎬 🔥 QUỶ ĂN TẠNG PHẦN 3 | 6 | 13:15 → 15:14
[13:20:47 17/11/2025] [INFO] 🎬  BỊT MẮT BẮT NAI | 6 | 00:15 → 02:02
[13:20:47 17/11/2025] [INFO] 🎬 🔥 NHỮNG LÁ THƯ CỦA YEON (P) | 6 | 15:30 → 17:20
[13:20:47 17/11/2025] [INFO] 🎬 NĂM CỦA ANH, NGÀY CỦA EM (T13) | 6 | 22:15 → 00:22
[13:20:47 17/11/2025] [INFO] 🎬 TỬ CHIẾN TRÊN KHÔNG | 6 | 15:30 → 17:43
[13:20:47 17/11/2025] [INFO] 📽️ 6: 7/7 suất
[13:20:48 17/11/2025] [INFO] 🎬 🔥 NHỮNG LÁ THƯ CỦA YEON (P) | 5 | 00:15 → 02:05
[13:20:48 17/11/2025] [INFO] 🎬  NĂM CỦA ANH, NGÀY CỦA EM (T13) | 5 | 11:00 → 13:07
[13:20:48 17/11/2025] [INFO] 🎬 TỔ QUỐC TRONG TIM - THE CONCERT FILM (P) | 5 | 00:15 → 02:30
[13:20:48 17/11/2025] [INFO] 🎬 CẢI MẢ | 5 | 08:45 → 10:50
[13:20:48 17/11/2025] [INFO] 🎬 QUÁI THÚ VÔ HÌNH - VÙNG ĐẤT CHẾT CHÓC | 5 | 15:30 → 15:46
[13:20:48 17/11/2025] [INFO] 🎬 HÁ ĐÁM - SINH NHẬT MẸ (T13) | 5 | 22:15 → 00:30
[13:20:48 17/11/2025] [INFO] 🎬 NHỮNG LÁ THƯ CỦA YEON (P) | 5 | 17:45 → 19:35
[13:20:48 17/11/2025] [INFO] 📽️ 5: 7/7 suất
[13:20:48 17/11/2025] [INFO] ✅ Hoàn tất tạo suất chiếu cho tuần mới — Tổng cộng: 308 suất!
[13:20:48 17/11/2025] [INFO] ✅ Suất chiếu ban đầu đã được tạo.
[13:35:56 17/11/2025] [INFO] 🎬 Bắt đầu theo dõi thay đổi trạng thái phim...
[13:35:56 17/11/2025] [INFO] 🚀 Khởi động CRON tự động tạo suất chiếu...
[13:35:56 17/11/2025] [INFO] 🕒 Bắt đầu tạo suất chiếu cho tuần hiện tại...
[13:35:56 17/11/2025] [INFO] 🧹 Đã xoá toàn bộ suất chiếu cũ hơn 1 tuần.
[13:35:57 17/11/2025] [INFO] 📆 Tuần 17/11/2025 → 23/11/2025
[13:35:57 17/11/2025] [INFO] ⏩ Đã có suất chiếu cho tuần hiện tại, bỏ qua tạo mới.
[13:35:57 17/11/2025] [INFO] ✅ Suất chiếu ban đầu đã được tạo.
[13:58:01 17/11/2025] [INFO] 🎬 Bắt đầu theo dõi thay đổi trạng thái phim...
[13:58:01 17/11/2025] [INFO] 🚀 Khởi động CRON tự động tạo suất chiếu...
[13:58:01 17/11/2025] [INFO] 🕒 Bắt đầu tạo suất chiếu cho tuần hiện tại...
[13:58:02 17/11/2025] [INFO] 🧹 Đã xoá toàn bộ suất chiếu cũ hơn 1 tuần.
[13:58:02 17/11/2025] [INFO] 📆 Tuần 17/11/2025 → 23/11/2025
[13:58:02 17/11/2025] [INFO] ⏩ Đã có suất chiếu cho tuần hiện tại, bỏ qua tạo mới.
[13:58:02 17/11/2025] [INFO] ✅ Suất chiếu ban đầu đã được tạo.
[13:59:27 17/11/2025] [INFO] 🎬 Bắt đầu theo dõi thay đổi trạng thái phim...
[13:59:27 17/11/2025] [INFO] 🚀 Khởi động CRON tự động tạo suất chiếu...
[13:59:27 17/11/2025] [INFO] 🕒 Bắt đầu tạo suất chiếu cho tuần hiện tại...
[13:59:28 17/11/2025] [INFO] 🧹 Đã xoá toàn bộ suất chiếu cũ hơn 1 tuần.
[13:59:28 17/11/2025] [INFO] 📆 Tuần 17/11/2025 → 23/11/2025
[13:59:28 17/11/2025] [INFO] ⏩ Đã có suất chiếu cho tuần hiện tại, bỏ qua tạo mới.
[13:59:28 17/11/2025] [INFO] ✅ Suất chiếu ban đầu đã được tạo.
[14:09:29 17/11/2025] [INFO] 🎬 Bắt đầu theo dõi thay đổi trạng thái phim...
[14:09:30 17/11/2025] [INFO] 🚀 Khởi động CRON tự động tạo suất chiếu...
[14:09:30 17/11/2025] [INFO] 🕒 Bắt đầu tạo suất chiếu cho tuần hiện tại...
[14:09:30 17/11/2025] [INFO] 🧹 Đã xoá toàn bộ suất chiếu cũ hơn 1 tuần.
[14:09:30 17/11/2025] [INFO] 📆 Tuần 17/11/2025 → 23/11/2025
[14:09:30 17/11/2025] [INFO] ⏩ Đã có suất chiếu cho tuần hiện tại, bỏ qua tạo mới.
[14:09:30 17/11/2025] [INFO] ✅ Suất chiếu ban đầu đã được tạo.
[14:47:55 17/11/2025] [INFO] 🎬 Bắt đầu theo dõi thay đổi trạng thái phim...
[14:47:55 17/11/2025] [INFO] 🚀 Khởi động CRON tự động tạo suất chiếu...
[14:47:55 17/11/2025] [INFO] 🕒 Bắt đầu tạo suất chiếu cho tuần hiện tại...
[14:47:56 17/11/2025] [INFO] 🧹 Đã xoá toàn bộ suất chiếu cũ hơn 1 tuần.
[14:47:56 17/11/2025] [INFO] 📆 Tuần 17/11/2025 → 23/11/2025
[14:47:56 17/11/2025] [INFO] ⏩ Đã có suất chiếu cho tuần hiện tại, bỏ qua tạo mới.
[14:47:56 17/11/2025] [INFO] ✅ Suất chiếu ban đầu đã được tạo.
[15:06:07 17/11/2025] [INFO] 🎬 Bắt đầu theo dõi thay đổi trạng thái phim...
[15:06:08 17/11/2025] [INFO] 🚀 Khởi động CRON tự động tạo suất chiếu...
[15:06:08 17/11/2025] [INFO] 🕒 Bắt đầu tạo suất chiếu cho tuần hiện tại...
[15:06:08 17/11/2025] [INFO] 🧹 Đã xoá toàn bộ suất chiếu cũ hơn 1 tuần.
[15:06:08 17/11/2025] [INFO] 📆 Tuần 17/11/2025 → 23/11/2025
[15:06:08 17/11/2025] [INFO] ⏩ Đã có suất chiếu cho tuần hiện tại, bỏ qua tạo mới.
[15:06:08 17/11/2025] [INFO] ✅ Suất chiếu ban đầu đã được tạo.
[15:48:18 17/11/2025] [INFO] 🎬 Bắt đầu theo dõi thay đổi trạng thái phim...
[15:48:18 17/11/2025] [INFO] 🚀 Khởi động CRON tự động tạo suất chiếu...
[15:48:18 17/11/2025] [INFO] 🕒 Bắt đầu tạo suất chiếu cho tuần hiện tại...
[15:48:18 17/11/2025] [INFO] 🧹 Đã xoá toàn bộ suất chiếu cũ hơn 1 tuần.
[15:48:19 17/11/2025] [INFO] 📆 Tuần 17/11/2025 → 23/11/2025
[15:48:19 17/11/2025] [INFO] ⏩ Đã có suất chiếu cho tuần hiện tại, bỏ qua tạo mới.
[15:48:19 17/11/2025] [INFO] ✅ Suất chiếu ban đầu đã được tạo.
[16:04:52 17/11/2025] [INFO] ⚠️ Watcher MongoDB bị đóng, đang tự bật lại...
[16:05:02 17/11/2025] [INFO] 🎬 Bắt đầu theo dõi thay đổi trạng thái phim...
