[20:51:45 6/12/2025] [INFO] ๐ฌ Bแบฏt ฤแบงu theo dรตi thay ฤแปi trแบกng thรกi phim...
[20:51:45 6/12/2025] [INFO] ๐ Khแปi ฤแปng CRON tแปฑ ฤแปng tแบกo suแบฅt chiแบฟu...
[20:51:45 6/12/2025] [INFO] ๐ Bแบฏt ฤแบงu tแบกo suแบฅt chiแบฟu cho tuแบงn hiแปn tแบกi...
[20:51:45 6/12/2025] [INFO] ๐งน ฤรฃ xoรก toรn bแป suแบฅt chiแบฟu cลฉ hฦกn 1 tuแบงn.
[20:51:46 6/12/2025] [INFO] ๐ Tuแบงn 1/12/2025 โ 7/12/2025
[20:51:46 6/12/2025] [INFO] โฉ ฤรฃ cรณ suแบฅt chiแบฟu cho tuแบงn hiแปn tแบกi, bแป qua tแบกo mแปi.
[20:51:46 6/12/2025] [INFO] โ Suแบฅt chiแบฟu ban ฤแบงu ฤรฃ ฤฦฐแปฃc tแบกo.
[20:53:35 6/12/2025] [INFO] ๐ Phim cแบญp nhแบญt sang ฤang chiแบฟu: 5 CENTIMET TRรN GIรY (khแปi chiแบฟu 5/12/2025) โ tแบกo suแบฅt chiแบฟu ngay.
[20:53:35 6/12/2025] [INFO] ๐ฌ Tแบกo lแปch chiแบฟu cho phim:  5 CENTIMET TRรN GIรY
[20:53:35 6/12/2025] [INFO] ๐ 6/12/2025 โ 5 CENTIMET TRรN GIรY chiแบฟu tแบกi 2 phรฒng
[20:53:35 6/12/2025] [INFO] ๐ฅ 5 CENTIMET TRรN GIรY | 6 | 15:15 โ 16:46 | ๐ฐ 110.000ฤ
[20:53:35 6/12/2025] [INFO] ๐ฝ๏ธ 6: 1/11 suแบฅt.
[20:53:36 6/12/2025] [INFO] ๐ 7/12/2025 โ 5 CENTIMET TRรN GIรY chiแบฟu tแบกi 3 phรฒng
[20:53:36 6/12/2025] [INFO] ๐ฅ 5 CENTIMET TRรN GIรY | 7 | 13:15 โ 14:46 | ๐ฐ 132.000ฤ
[20:53:36 6/12/2025] [INFO] ๐ฝ๏ธ 7: 1/10 suแบฅt.
[20:53:37 6/12/2025] [INFO] โ Hoรn tแบฅt tแบกo 2 suแบฅt chiแบฟu cho phim: 5 CENTIMET TRรN GIรY
[20:53:37 6/12/2025] [INFO] โ Hoรn tแบฅt tแบกo suแบฅt chiแบฟu cho phim cแบญp nhแบญt: 5 CENTIMET TRรN GIรY
[20:53:47 6/12/2025] [INFO] ๐ Phim cแบญp nhแบญt sang ฤang chiแบฟu: CHร THUแบฌT HแปI CHIแบพN: BIแบพN Cแป SHIBUYA x Tแปฌ DIแปT HแปI DU - THE MOVIE (khแปi chiแบฟu 5/12/2025) โ tแบกo suแบฅt chiแบฟu ngay.
[20:53:47 6/12/2025] [INFO] ๐ฌ Tแบกo lแปch chiแบฟu cho phim:  CHร THUแบฌT HแปI CHIแบพN: BIแบพN Cแป SHIBUYA x Tแปฌ DIแปT HแปI DU - THE MOVIE
[20:53:47 6/12/2025] [INFO] ๐ 6/12/2025 โ CHร THUแบฌT HแปI CHIแบพN: BIแบพN Cแป SHIBUYA x Tแปฌ DIแปT HแปI DU - THE MOVIE chiแบฟu tแบกi 3 phรฒng
[20:53:48 6/12/2025] [INFO] ๐ฅ CHร THUแบฌT HแปI CHIแบพN: BIแบพN Cแป SHIBUYA x Tแปฌ DIแปT HแปI DU - THE MOVIE | 5 | 17:30 โ 19:13 | ๐ฐ 101.000ฤ
[20:53:48 6/12/2025] [INFO] ๐ฅ CHร THUแบฌT HแปI CHIแบพN: BIแบพN Cแป SHIBUYA x Tแปฌ DIแปT HแปI DU - THE MOVIE | 5 | 19:45 โ 21:28 | ๐ฐ 101.000ฤ
[20:53:48 6/12/2025] [INFO] ๐ฝ๏ธ 5: 2/11 suแบฅt.
[20:53:48 6/12/2025] [INFO] ๐ 7/12/2025 โ CHร THUแบฌT HแปI CHIแบพN: BIแบพN Cแป SHIBUYA x Tแปฌ DIแปT HแปI DU - THE MOVIE chiแบฟu tแบกi 3 phรฒng
[20:53:48 6/12/2025] [INFO] ๐ฅ CHร THUแบฌT HแปI CHIแบพN: BIแบพN Cแป SHIBUYA x Tแปฌ DIแปT HแปI DU - THE MOVIE | 1 | 13:15 โ 14:58 | ๐ฐ 88.000ฤ
[20:53:49 6/12/2025] [INFO] ๐ฝ๏ธ 1: 1/10 suแบฅt.
[20:53:49 6/12/2025] [INFO] โ Hoรn tแบฅt tแบกo 3 suแบฅt chiแบฟu cho phim: CHร THUแบฌT HแปI CHIแบพN: BIแบพN Cแป SHIBUYA x Tแปฌ DIแปT HแปI DU - THE MOVIE
[20:53:49 6/12/2025] [INFO] โ Hoรn tแบฅt tแบกo suแบฅt chiแบฟu cho phim cแบญp nhแบญt: CHร THUแบฌT HแปI CHIแบพN: BIแบพN Cแป SHIBUYA x Tแปฌ DIแปT HแปI DU - THE MOVIE
[20:54:03 6/12/2025] [INFO] ๐ Phim cแบญp nhแบญt sang ฤang chiแบฟu: NฤM ฤรM KINH HOรNG 2 (khแปi chiแบฟu 5/12/2025) โ tแบกo suแบฅt chiแบฟu ngay.
[20:54:03 6/12/2025] [INFO] ๐ฌ Tแบกo lแปch chiแบฟu cho phim:  NฤM ฤรM KINH HOรNG 2
[20:54:03 6/12/2025] [INFO] ๐ 6/12/2025 โ NฤM ฤรM KINH HOรNG 2 chiแบฟu tแบกi 2 phรฒng
[20:54:04 6/12/2025] [INFO] ๐ฅ NฤM ฤรM KINH HOรNG 2 | 3 | 13:00 โ 14:59 | ๐ฐ 88.000ฤ
[20:54:04 6/12/2025] [INFO] ๐ฝ๏ธ 3: 1/11 suแบฅt.
[20:54:04 6/12/2025] [INFO] ๐ 7/12/2025 โ NฤM ฤรM KINH HOรNG 2 chiแบฟu tแบกi 2 phรฒng
[20:54:04 6/12/2025] [INFO] ๐ฅ NฤM ฤรM KINH HOรNG 2 | 5 | 15:30 โ 17:29 | ๐ฐ 88.000ฤ
[20:54:04 6/12/2025] [INFO] ๐ฝ๏ธ 5: 1/10 suแบฅt.
[20:54:04 6/12/2025] [INFO] โ Hoรn tแบฅt tแบกo 2 suแบฅt chiแบฟu cho phim: NฤM ฤรM KINH HOรNG 2
[20:54:04 6/12/2025] [INFO] โ Hoรn tแบฅt tแบกo suแบฅt chiแบฟu cho phim cแบญp nhแบญt: NฤM ฤรM KINH HOรNG 2
[20:55:09 6/12/2025] [INFO] ๐ฌ ฤรฃ xรณa phim: | ๐ (LแปNG TIแบพNG) CรฬฃU BEฬ CAฬ HEO VAฬ BIฬ MรฬฃT 7 ฤAฬฃI DฦฏฦNG (P) | ๐ 68fadf6a1276d10ee735fa7d | ๐งน Sแป suแบฅt chiแบฟu bแป xรณa: 20 | โฐ Thแปi ฤiแปm: 20:55:09 6/12/2025
[20:55:13 6/12/2025] [INFO] ๐ฌ ฤรฃ xรณa phim: | ๐ NHแปฎNG Lร THฦฏ CแปฆA YEON (P) | ๐ 68fa30444e88becf9bdbf41a | ๐งน Sแป suแบฅt chiแบฟu bแป xรณa: 40 | โฐ Thแปi ฤiแปm: 20:55:13 6/12/2025
[20:55:19 6/12/2025] [INFO] ๐ฌ ฤรฃ xรณa phim: | ๐ TAY ANH GIแปฎ MแปT Vร SAO (K) | ๐ 68f9cbe4c5c9d9e286bb97e7 | ๐งน Sแป suแบฅt chiแบฟu bแป xรณa: 26 | โฐ Thแปi ฤiแปm: 20:55:19 6/12/2025
[20:55:24 6/12/2025] [INFO] ๐ฌ ฤรฃ xรณa phim: | ๐ NฤM CแปฆA ANH, NGรY CแปฆA EM (T13) | ๐ 68f741a7fdd6abd0e10eeb7e | ๐งน Sแป suแบฅt chiแบฟu bแป xรณa: 32 | โฐ Thแปi ฤiแปm: 20:55:24 6/12/2025
[20:55:28 6/12/2025] [INFO] ๐ฌ ฤรฃ xรณa phim: | ๐ VแบฌN MAY (T16) | ๐ 68f9e4121e2d10b4458a4da8 | ๐งน Sแป suแบฅt chiแบฟu bแป xรณa: 39 | โฐ Thแปi ฤiแปm: 20:55:28 6/12/2025
[20:55:34 6/12/2025] [INFO] ๐ฌ ฤรฃ xรณa phim: | ๐ CAฬI MAฬ | ๐ 68fb1a0b63713362a0f46334 | ๐งน Sแป suแบฅt chiแบฟu bแป xรณa: 39 | โฐ Thแปi ฤiแปm: 20:55:34 6/12/2025
[21:13:12 6/12/2025] [INFO] ๐ Phim cแบญp nhแบญt sang ฤang chiแบฟu: HOรNG Tแปฌ QUแปถ (khแปi chiแบฟu 5/12/2025) โ tแบกo suแบฅt chiแบฟu ngay.
[21:13:12 6/12/2025] [INFO] ๐ฌ Tแบกo lแปch chiแบฟu cho phim:  HOรNG Tแปฌ QUแปถ
[21:13:12 6/12/2025] [INFO] ๐ 6/12/2025 โ HOรNG Tแปฌ QUแปถ chiแบฟu tแบกi 2 phรฒng
[21:13:12 6/12/2025] [INFO] ๐ฅ HOรNG Tแปฌ QUแปถ | 3 | 15:15 โ 17:27 | ๐ฐ 88.000ฤ
[21:13:12 6/12/2025] [INFO] ๐ฝ๏ธ 3: 1/11 suแบฅt.
[21:13:13 6/12/2025] [INFO] ๐ 7/12/2025 โ HOรNG Tแปฌ QUแปถ chiแบฟu tแบกi 2 phรฒng
[21:13:13 6/12/2025] [INFO] ๐ฅ HOรNG Tแปฌ QUแปถ | 4 | 20:00 โ 22:12 | ๐ฐ 101.000ฤ
[21:13:13 6/12/2025] [INFO] ๐ฝ๏ธ 4: 1/10 suแบฅt.
[21:13:13 6/12/2025] [INFO] โ Hoรn tแบฅt tแบกo 2 suแบฅt chiแบฟu cho phim: HOรNG Tแปฌ QUแปถ
[21:13:13 6/12/2025] [INFO] โ Hoรn tแบฅt tแบกo suแบฅt chiแบฟu cho phim cแบญp nhแบญt: HOรNG Tแปฌ QUแปถ
