[00:07:40 2/12/2025] [INFO] ๐ฌ Bแบฏt ฤแบงu theo dรตi thay ฤแปi trแบกng thรกi phim...
[00:07:40 2/12/2025] [INFO] ๐ Khแปi ฤแปng CRON tแปฑ ฤแปng tแบกo suแบฅt chiแบฟu...
[00:07:40 2/12/2025] [INFO] ๐ Bแบฏt ฤแบงu tแบกo suแบฅt chiแบฟu cho tuแบงn hiแปn tแบกi...
[00:07:41 2/12/2025] [INFO] ๐งน ฤรฃ xoรก toรn bแป suแบฅt chiแบฟu cลฉ hฦกn 1 tuแบงn.
[00:07:41 2/12/2025] [INFO] ๐ Tuแบงn 1/12/2025 โ 7/12/2025
[00:07:41 2/12/2025] [INFO] โฉ ฤรฃ cรณ suแบฅt chiแบฟu cho tuแบงn hiแปn tแบกi, bแป qua tแบกo mแปi.
[00:07:41 2/12/2025] [INFO] โ Suแบฅt chiแบฟu ban ฤแบงu ฤรฃ ฤฦฐแปฃc tแบกo.
[00:17:52 2/12/2025] [INFO] ๐ฌ Bแบฏt ฤแบงu theo dรตi thay ฤแปi trแบกng thรกi phim...
[00:17:52 2/12/2025] [INFO] ๐ Khแปi ฤแปng CRON tแปฑ ฤแปng tแบกo suแบฅt chiแบฟu...
[00:17:52 2/12/2025] [INFO] ๐ Bแบฏt ฤแบงu tแบกo suแบฅt chiแบฟu cho tuแบงn hiแปn tแบกi...
[00:17:52 2/12/2025] [INFO] ๐งน ฤรฃ xoรก toรn bแป suแบฅt chiแบฟu cลฉ hฦกn 1 tuแบงn.
[00:17:53 2/12/2025] [INFO] ๐ Tuแบงn 1/12/2025 โ 7/12/2025
[00:17:53 2/12/2025] [INFO] โฉ ฤรฃ cรณ suแบฅt chiแบฟu cho tuแบงn hiแปn tแบกi, bแป qua tแบกo mแปi.
[00:17:53 2/12/2025] [INFO] โ Suแบฅt chiแบฟu ban ฤแบงu ฤรฃ ฤฦฐแปฃc tแบกo.
[00:30:00 2/12/2025] [INFO] 
๐ CRON (00:30:00 2/12/2025) โ Bแป sung giแปฏa tuแบงn
[00:30:00 2/12/2025] [INFO] ๐ Bแบฏt ฤแบงu tแบกo suแบฅt chiแบฟu cho tuแบงn hiแปn tแบกi...
[00:30:00 2/12/2025] [INFO] ๐งน ฤรฃ xoรก toรn bแป suแบฅt chiแบฟu cลฉ hฦกn 1 tuแบงn.
[00:30:00 2/12/2025] [INFO] ๐ Tuแบงn 1/12/2025 โ 7/12/2025
[00:30:00 2/12/2025] [INFO] โฉ ฤรฃ cรณ suแบฅt chiแบฟu cho tuแบงn hiแปn tแบกi, bแป qua tแบกo mแปi.
[00:30:00 2/12/2025] [INFO] โ CRON: ฤรฃ bแป sung / ฤแปng bแป lแปch chiแบฟu giแปฏa tuแบงn!
[10:38:04 2/12/2025] [INFO] ๐ฌ Bแบฏt ฤแบงu theo dรตi thay ฤแปi trแบกng thรกi phim...
[10:38:04 2/12/2025] [INFO] ๐ Khแปi ฤแปng CRON tแปฑ ฤแปng tแบกo suแบฅt chiแบฟu...
[10:38:04 2/12/2025] [INFO] ๐ Bแบฏt ฤแบงu tแบกo suแบฅt chiแบฟu cho tuแบงn hiแปn tแบกi...
[10:38:04 2/12/2025] [INFO] ๐งน ฤรฃ xoรก toรn bแป suแบฅt chiแบฟu cลฉ hฦกn 1 tuแบงn.
[10:38:05 2/12/2025] [INFO] ๐ Tuแบงn 1/12/2025 โ 7/12/2025
[10:38:05 2/12/2025] [INFO] โฉ ฤรฃ cรณ suแบฅt chiแบฟu cho tuแบงn hiแปn tแบกi, bแป qua tแบกo mแปi.
[10:38:05 2/12/2025] [INFO] โ Suแบฅt chiแบฟu ban ฤแบงu ฤรฃ ฤฦฐแปฃc tแบกo.
[12:56:51 2/12/2025] [INFO] โ๏ธ Watcher MongoDB bแป ฤรณng, ฤang tแปฑ bแบญt lแบกi...
[12:57:01 2/12/2025] [INFO] ๐ฌ Bแบฏt ฤแบงu theo dรตi thay ฤแปi trแบกng thรกi phim...
[14:21:53 2/12/2025] [INFO] ๐ฌ Bแบฏt ฤแบงu theo dรตi thay ฤแปi trแบกng thรกi phim...
[14:21:53 2/12/2025] [INFO] ๐ Khแปi ฤแปng CRON tแปฑ ฤแปng tแบกo suแบฅt chiแบฟu...
[14:21:53 2/12/2025] [INFO] ๐ Bแบฏt ฤแบงu tแบกo suแบฅt chiแบฟu cho tuแบงn hiแปn tแบกi...
[14:21:53 2/12/2025] [INFO] ๐งน ฤรฃ xoรก toรn bแป suแบฅt chiแบฟu cลฉ hฦกn 1 tuแบงn.
[14:21:53 2/12/2025] [INFO] ๐ Tuแบงn 1/12/2025 โ 7/12/2025
[14:21:53 2/12/2025] [INFO] โฉ ฤรฃ cรณ suแบฅt chiแบฟu cho tuแบงn hiแปn tแบกi, bแป qua tแบกo mแปi.
[14:21:53 2/12/2025] [INFO] โ Suแบฅt chiแบฟu ban ฤแบงu ฤรฃ ฤฦฐแปฃc tแบกo.
[14:22:36 2/12/2025] [INFO] ๐ฌ Bแบฏt ฤแบงu theo dรตi thay ฤแปi trแบกng thรกi phim...
[14:22:36 2/12/2025] [INFO] ๐ Khแปi ฤแปng CRON tแปฑ ฤแปng tแบกo suแบฅt chiแบฟu...
[14:22:36 2/12/2025] [INFO] ๐ Bแบฏt ฤแบงu tแบกo suแบฅt chiแบฟu cho tuแบงn hiแปn tแบกi...
[14:22:37 2/12/2025] [INFO] ๐งน ฤรฃ xoรก toรn bแป suแบฅt chiแบฟu cลฉ hฦกn 1 tuแบงn.
[14:22:37 2/12/2025] [INFO] ๐ Tuแบงn 1/12/2025 โ 7/12/2025
[14:22:37 2/12/2025] [INFO] โฉ ฤรฃ cรณ suแบฅt chiแบฟu cho tuแบงn hiแปn tแบกi, bแป qua tแบกo mแปi.
[14:22:37 2/12/2025] [INFO] โ Suแบฅt chiแบฟu ban ฤแบงu ฤรฃ ฤฦฐแปฃc tแบกo.
[15:50:53 2/12/2025] [INFO] ๐ฌ Bแบฏt ฤแบงu theo dรตi thay ฤแปi trแบกng thรกi phim...
[15:50:53 2/12/2025] [INFO] ๐ Khแปi ฤแปng CRON tแปฑ ฤแปng tแบกo suแบฅt chiแบฟu...
[15:50:53 2/12/2025] [INFO] ๐ Bแบฏt ฤแบงu tแบกo suแบฅt chiแบฟu cho tuแบงn hiแปn tแบกi...
[15:50:53 2/12/2025] [INFO] ๐งน ฤรฃ xoรก toรn bแป suแบฅt chiแบฟu cลฉ hฦกn 1 tuแบงn.
[15:50:54 2/12/2025] [INFO] ๐ Tuแบงn 1/12/2025 โ 7/12/2025
[15:50:54 2/12/2025] [INFO] โฉ ฤรฃ cรณ suแบฅt chiแบฟu cho tuแบงn hiแปn tแบกi, bแป qua tแบกo mแปi.
[15:50:54 2/12/2025] [INFO] โ Suแบฅt chiแบฟu ban ฤแบงu ฤรฃ ฤฦฐแปฃc tแบกo.
[20:13:32 2/12/2025] [INFO] โ๏ธ Watcher MongoDB bแป ฤรณng, ฤang tแปฑ bแบญt lแบกi...
[22:55:40 2/12/2025] [ERROR] โ๏ธ MongoDB chฦฐa sแบตn sรng, khรดng thแป bแบญt watcher.
[22:55:43 2/12/2025] [INFO] โ๏ธ Watcher MongoDB bแป ฤรณng, ฤang tแปฑ bแบญt lแบกi...
[22:55:53 2/12/2025] [INFO] ๐ฌ Bแบฏt ฤแบงu theo dรตi thay ฤแปi trแบกng thรกi phim...
