[08:51:16 29/10/2025] [INFO] ๐ฌ Bแบฏt ฤแบงu theo dรตi thay ฤแปi trแบกng thรกi phim...
[08:51:16 29/10/2025] [INFO] ๐ Khแปi ฤแปng CRON tแปฑ ฤแปng tแบกo suแบฅt chiแบฟu...
[08:51:16 29/10/2025] [INFO] ๐ Bแบฏt ฤแบงu tแบกo suแบฅt chiแบฟu cho tuแบงn hiแปn tแบกi...
[08:51:16 29/10/2025] [INFO] ๐งน ฤรฃ xoรก toรn bแป suแบฅt chiแบฟu cลฉ hฦกn 1 tuแบงn.
[08:51:17 29/10/2025] [INFO] ๐ Tuแบงn 27/10/2025 โ 2/11/2025
[08:51:17 29/10/2025] [INFO] โฉ ฤรฃ cรณ suแบฅt chiแบฟu cho tuแบงn hiแปn tแบกi, bแป qua tแบกo mแปi.
[08:51:17 29/10/2025] [INFO] โ Suแบฅt chiแบฟu ban ฤแบงu ฤรฃ ฤฦฐแปฃc tแบกo.
[10:34:03 29/10/2025] [INFO] โ๏ธ Watcher MongoDB bแป ฤรณng, ฤang tแปฑ bแบญt lแบกi...
[10:34:13 29/10/2025] [ERROR] โ๏ธ MongoDB chฦฐa sแบตn sรng, khรดng thแป bแบญt watcher.
[10:34:33 29/10/2025] [ERROR] Change stream error โ read ECONNRESET
MongoNetworkError: read ECONNRESET
    at Connection.onSocketError (D:\Nฤm4\DoAnTotNghiep\backend-booking-cinema\node_modules\mongoose\node_modules\mongodb\src\cmap\connection.ts:308:18)
    at TLSSocket.emit (node:events:530:35)
    at TLSSocket.emit (node:domain:489:12)
    at emitErrorNT (node:internal/streams/destroy:170:8)
    at emitErrorCloseNT (node:internal/streams/destroy:129:3)
    at processTicksAndRejections (node:internal/process/task_queues:90:21)
[10:34:33 29/10/2025] [WARN] โ๏ธ Watcher gแบทp lแปi โ sแบฝ thแปญ khแปi ฤแปng lแบกi sau 10s.
[10:34:43 29/10/2025] [ERROR] โ๏ธ MongoDB chฦฐa sแบตn sรng, khรดng thแป bแบญt watcher.
[10:37:38 29/10/2025] [INFO] ๐ฌ Bแบฏt ฤแบงu theo dรตi thay ฤแปi trแบกng thรกi phim...
[10:37:38 29/10/2025] [INFO] ๐ Khแปi ฤแปng CRON tแปฑ ฤแปng tแบกo suแบฅt chiแบฟu...
[10:37:38 29/10/2025] [INFO] ๐ Bแบฏt ฤแบงu tแบกo suแบฅt chiแบฟu cho tuแบงn hiแปn tแบกi...
[10:37:39 29/10/2025] [INFO] ๐งน ฤรฃ xoรก toรn bแป suแบฅt chiแบฟu cลฉ hฦกn 1 tuแบงn.
[10:37:39 29/10/2025] [INFO] ๐ Tuแบงn 27/10/2025 โ 2/11/2025
[10:37:39 29/10/2025] [INFO] โฉ ฤรฃ cรณ suแบฅt chiแบฟu cho tuแบงn hiแปn tแบกi, bแป qua tแบกo mแปi.
[10:37:39 29/10/2025] [INFO] โ Suแบฅt chiแบฟu ban ฤแบงu ฤรฃ ฤฦฐแปฃc tแบกo.
[12:14:05 29/10/2025] [INFO] โ๏ธ Watcher MongoDB bแป ฤรณng, ฤang tแปฑ bแบญt lแบกi...
[12:14:16 29/10/2025] [INFO] ๐ฌ Bแบฏt ฤแบงu theo dรตi thay ฤแปi trแบกng thรกi phim...
[13:25:06 29/10/2025] [INFO] โ๏ธ Watcher MongoDB bแป ฤรณng, ฤang tแปฑ bแบญt lแบกi...
[13:25:16 29/10/2025] [INFO] ๐ฌ Bแบฏt ฤแบงu theo dรตi thay ฤแปi trแบกng thรกi phim...
[15:16:37 29/10/2025] [INFO] โ๏ธ Watcher MongoDB bแป ฤรณng, ฤang tแปฑ bแบญt lแบกi...
[15:16:37 29/10/2025] [INFO] โ๏ธ Watcher MongoDB bแป ฤรณng, ฤang tแปฑ bแบญt lแบกi...
[15:16:37 29/10/2025] [INFO] โ๏ธ Watcher MongoDB bแป ฤรณng, ฤang tแปฑ bแบญt lแบกi...
[15:16:47 29/10/2025] [INFO] ๐ฌ Bแบฏt ฤแบงu theo dรตi thay ฤแปi trแบกng thรกi phim...
[15:16:47 29/10/2025] [INFO] ๐ฌ Bแบฏt ฤแบงu theo dรตi thay ฤแปi trแบกng thรกi phim...
[15:16:47 29/10/2025] [INFO] ๐ฌ Bแบฏt ฤแบงu theo dรตi thay ฤแปi trแบกng thรกi phim...
[18:21:28 29/10/2025] [INFO] ๐ฌ Bแบฏt ฤแบงu theo dรตi thay ฤแปi trแบกng thรกi phim...
[18:21:28 29/10/2025] [INFO] ๐ Khแปi ฤแปng CRON tแปฑ ฤแปng tแบกo suแบฅt chiแบฟu...
[18:21:28 29/10/2025] [INFO] ๐ Bแบฏt ฤแบงu tแบกo suแบฅt chiแบฟu cho tuแบงn hiแปn tแบกi...
[18:21:28 29/10/2025] [INFO] ๐งน ฤรฃ xoรก toรn bแป suแบฅt chiแบฟu cลฉ hฦกn 1 tuแบงn.
[18:21:28 29/10/2025] [INFO] ๐ Tuแบงn 27/10/2025 โ 2/11/2025
[18:21:28 29/10/2025] [INFO] โฉ ฤรฃ cรณ suแบฅt chiแบฟu cho tuแบงn hiแปn tแบกi, bแป qua tแบกo mแปi.
[18:21:28 29/10/2025] [INFO] โ Suแบฅt chiแบฟu ban ฤแบงu ฤรฃ ฤฦฐแปฃc tแบกo.
[20:20:41 29/10/2025] [INFO] โ๏ธ Watcher MongoDB bแป ฤรณng, ฤang tแปฑ bแบญt lแบกi...
[20:20:51 29/10/2025] [INFO] ๐ฌ Bแบฏt ฤแบงu theo dรตi thay ฤแปi trแบกng thรกi phim...
[21:32:17 29/10/2025] [INFO] โ๏ธ Watcher MongoDB bแป ฤรณng, ฤang tแปฑ bแบญt lแบกi...
[21:32:17 29/10/2025] [INFO] โ๏ธ Watcher MongoDB bแป ฤรณng, ฤang tแปฑ bแบญt lแบกi...
[21:32:27 29/10/2025] [INFO] ๐ฌ Bแบฏt ฤแบงu theo dรตi thay ฤแปi trแบกng thรกi phim...
[21:32:27 29/10/2025] [INFO] ๐ฌ Bแบฏt ฤแบงu theo dรตi thay ฤแปi trแบกng thรกi phim...
[21:44:49 29/10/2025] [INFO] ๐ฌ Bแบฏt ฤแบงu theo dรตi thay ฤแปi trแบกng thรกi phim...
[21:44:49 29/10/2025] [INFO] ๐ Khแปi ฤแปng CRON tแปฑ ฤแปng tแบกo suแบฅt chiแบฟu...
[21:44:49 29/10/2025] [INFO] ๐ Bแบฏt ฤแบงu tแบกo suแบฅt chiแบฟu cho tuแบงn hiแปn tแบกi...
[21:44:50 29/10/2025] [INFO] ๐งน ฤรฃ xoรก toรn bแป suแบฅt chiแบฟu cลฉ hฦกn 1 tuแบงn.
[21:44:50 29/10/2025] [INFO] ๐ Tuแบงn 27/10/2025 โ 2/11/2025
[21:44:50 29/10/2025] [INFO] โฉ ฤรฃ cรณ suแบฅt chiแบฟu cho tuแบงn hiแปn tแบกi, bแป qua tแบกo mแปi.
[21:44:50 29/10/2025] [INFO] โ Suแบฅt chiแบฟu ban ฤแบงu ฤรฃ ฤฦฐแปฃc tแบกo.
[22:16:34 29/10/2025] [INFO] ๐ฌ Bแบฏt ฤแบงu theo dรตi thay ฤแปi trแบกng thรกi phim...
[22:16:35 29/10/2025] [INFO] ๐ Khแปi ฤแปng CRON tแปฑ ฤแปng tแบกo suแบฅt chiแบฟu...
[22:16:35 29/10/2025] [INFO] ๐ Bแบฏt ฤแบงu tแบกo suแบฅt chiแบฟu cho tuแบงn hiแปn tแบกi...
[22:16:35 29/10/2025] [INFO] ๐งน ฤรฃ xoรก toรn bแป suแบฅt chiแบฟu cลฉ hฦกn 1 tuแบงn.
[22:16:36 29/10/2025] [INFO] ๐ Tuแบงn 27/10/2025 โ 2/11/2025
[22:16:36 29/10/2025] [INFO] โฉ ฤรฃ cรณ suแบฅt chiแบฟu cho tuแบงn hiแปn tแบกi, bแป qua tแบกo mแปi.
[22:16:36 29/10/2025] [INFO] โ Suแบฅt chiแบฟu ban ฤแบงu ฤรฃ ฤฦฐแปฃc tแบกo.
