[10:49:14 16/11/2025] [INFO] ๐ฌ Bแบฏt ฤแบงu theo dรตi thay ฤแปi trแบกng thรกi phim...
[10:49:14 16/11/2025] [INFO] ๐ Khแปi ฤแปng CRON tแปฑ ฤแปng tแบกo suแบฅt chiแบฟu...
[10:49:14 16/11/2025] [INFO] ๐ Bแบฏt ฤแบงu tแบกo suแบฅt chiแบฟu cho tuแบงn hiแปn tแบกi...
[10:49:15 16/11/2025] [INFO] ๐งน ฤรฃ xoรก toรn bแป suแบฅt chiแบฟu cลฉ hฦกn 1 tuแบงn.
[10:49:15 16/11/2025] [INFO] ๐ Tuแบงn 10/11/2025 โ 16/11/2025
[10:49:15 16/11/2025] [INFO] โฉ ฤรฃ cรณ suแบฅt chiแบฟu cho tuแบงn hiแปn tแบกi, bแป qua tแบกo mแปi.
[10:49:15 16/11/2025] [INFO] โ Suแบฅt chiแบฟu ban ฤแบงu ฤรฃ ฤฦฐแปฃc tแบกo.
[12:00:42 16/11/2025] [INFO] โ๏ธ Watcher MongoDB bแป ฤรณng, ฤang tแปฑ bแบญt lแบกi...
[12:00:52 16/11/2025] [INFO] ๐ฌ Bแบฏt ฤแบงu theo dรตi thay ฤแปi trแบกng thรกi phim...
[14:18:45 16/11/2025] [INFO] โ๏ธ Watcher MongoDB bแป ฤรณng, ฤang tแปฑ bแบญt lแบกi...
[14:18:45 16/11/2025] [INFO] โ๏ธ Watcher MongoDB bแป ฤรณng, ฤang tแปฑ bแบญt lแบกi...
[14:18:55 16/11/2025] [INFO] ๐ฌ Bแบฏt ฤแบงu theo dรตi thay ฤแปi trแบกng thรกi phim...
[14:18:55 16/11/2025] [INFO] ๐ฌ Bแบฏt ฤแบงu theo dรตi thay ฤแปi trแบกng thรกi phim...
[16:06:09 16/11/2025] [INFO] ๐ฌ Bแบฏt ฤแบงu theo dรตi thay ฤแปi trแบกng thรกi phim...
[16:06:10 16/11/2025] [INFO] ๐ Khแปi ฤแปng CRON tแปฑ ฤแปng tแบกo suแบฅt chiแบฟu...
[16:06:10 16/11/2025] [INFO] ๐ Bแบฏt ฤแบงu tแบกo suแบฅt chiแบฟu cho tuแบงn hiแปn tแบกi...
[16:06:10 16/11/2025] [INFO] ๐งน ฤรฃ xoรก toรn bแป suแบฅt chiแบฟu cลฉ hฦกn 1 tuแบงn.
[16:06:10 16/11/2025] [INFO] ๐ Tuแบงn 10/11/2025 โ 16/11/2025
[16:06:10 16/11/2025] [INFO] โฉ ฤรฃ cรณ suแบฅt chiแบฟu cho tuแบงn hiแปn tแบกi, bแป qua tแบกo mแปi.
[16:06:10 16/11/2025] [INFO] โ Suแบฅt chiแบฟu ban ฤแบงu ฤรฃ ฤฦฐแปฃc tแบกo.
[16:12:04 16/11/2025] [INFO] ๐ฌ Bแบฏt ฤแบงu theo dรตi thay ฤแปi trแบกng thรกi phim...
[16:12:04 16/11/2025] [INFO] ๐ Khแปi ฤแปng CRON tแปฑ ฤแปng tแบกo suแบฅt chiแบฟu...
[16:12:04 16/11/2025] [INFO] ๐ Bแบฏt ฤแบงu tแบกo suแบฅt chiแบฟu cho tuแบงn hiแปn tแบกi...
[16:12:05 16/11/2025] [INFO] ๐งน ฤรฃ xoรก toรn bแป suแบฅt chiแบฟu cลฉ hฦกn 1 tuแบงn.
[16:12:05 16/11/2025] [INFO] ๐ Tuแบงn 10/11/2025 โ 16/11/2025
[16:12:05 16/11/2025] [INFO] โฉ ฤรฃ cรณ suแบฅt chiแบฟu cho tuแบงn hiแปn tแบกi, bแป qua tแบกo mแปi.
[16:12:05 16/11/2025] [INFO] โ Suแบฅt chiแบฟu ban ฤแบงu ฤรฃ ฤฦฐแปฃc tแบกo.
